26/03/24 07:43:11,997 INFO  [@init servlet   ] [RemoteDAO                     ] [@] Fetch item field "archived" of item [0]
 26/03/24 07:43:12,119 INFO  [@init servlet   ] [RemoteDAO                     ] [@] Fetch item field "global" of item [53b07b8b-89d7-4d39-824d-df648f169a1a]
 26/03/24 07:43:12,149 INFO  [@init servlet   ] [RemoteDAO                     ] [@] Fetch item field "global" of item [939fa10c-bb03-489c-bdce-b8629143f632]
 26/03/24 07:43:12,266 INFO  [@init servlet   ] [RemoteDAO                     ] [@] Fetch item field "redirectUris" of item [0-0-0-0-0]
 26/03/24 07:43:13,058 INFO  [@init servlet   ] [RemoteDAO                     ] [@] Fetch item field "baseUrls" of item [861ff3c5-d1c1-4060-97b7-f5a2ce8584ad]
 26/03/24 07:43:13,246 INFO  [@init servlet   ] [RemoteDAO                     ] [@] Fetch item field "changes" of item [15]
 26/03/24 07:43:13,287 INFO  [@init servlet   ] [RemoteDAO                     ] [@] Fetch item field "changes" of item [20]
 26/03/24 07:43:13,324 INFO  [@init servlet   ] [RemoteDAO                     ] [@] Fetch item field "changes" of item [21]
 26/03/24 07:43:13,443 INFO  [@init servlet   ] [RemoteDAO                     ] [@] Fetch item field "databaseReadonly" of item [0bcb8cff-7558-4b93-b5ab-b266a51c1be3]
 26/03/24 07:43:17,893 INFO  [@init servlet   ] [RemoteDAO                     ] [@] Fetch item field "changes" of item [22]
 26/03/24 07:43:17,908 INFO  [@init servlet   ] [RemoteDAO                     ] [@] Fetch item field "changes" of item [23]
 26/03/24 07:43:17,922 INFO  [@init servlet   ] [RemoteDAO                     ] [@] Fetch item field "changes" of item [25]
 26/03/24 07:43:17,937 INFO  [@init servlet   ] [RemoteDAO                     ] [@] Fetch item field "changes" of item [28]
 26/03/24 07:43:17,952 INFO  [@init servlet   ] [RemoteDAO                     ] [@] Fetch item field "changes" of item [31]
 26/03/24 07:43:17,967 INFO  [@init servlet   ] [RemoteDAO                     ] [@] Fetch item field "changes" of item [34]
 26/03/24 07:43:17,982 INFO  [@init servlet   ] [RemoteDAO                     ] [@] Fetch item field "changes" of item [37]
 26/03/24 07:43:17,996 INFO  [@init servlet   ] [RemoteDAO                     ] [@] Fetch item field "changes" of item [40]
 26/03/24 07:43:18,015 INFO  [@init servlet   ] [RemoteDAO                     ] [@] Fetch item field "changes" of item [43]
 26/03/24 07:43:18,030 INFO  [@init servlet   ] [RemoteDAO                     ] [@] Fetch item field "changes" of item [46]
 26/03/24 07:43:18,045 INFO  [@init servlet   ] [RemoteDAO                     ] [@] Fetch item field "changes" of item [49]
 26/03/24 07:43:18,060 INFO  [@init servlet   ] [RemoteDAO                     ] [@] Fetch item field "changes" of item [52]
 26/03/24 07:43:18,074 INFO  [@init servlet   ] [RemoteDAO                     ] [@] Fetch item field "changes" of item [55]
 26/03/24 07:43:18,091 INFO  [@init servlet   ] [RemoteDAO                     ] [@] Fetch item field "changes" of item [58]
 26/03/24 07:43:18,106 INFO  [@init servlet   ] [RemoteDAO                     ] [@] Fetch item field "changes" of item [61]
 26/03/24 07:43:18,121 INFO  [@init servlet   ] [RemoteDAO                     ] [@] Fetch item field "changes" of item [64]
 26/03/24 07:43:18,137 INFO  [@init servlet   ] [RemoteDAO                     ] [@] Fetch item field "changes" of item [67]
 26/03/24 07:43:18,153 INFO  [@init servlet   ] [RemoteDAO                     ] [@] Fetch item field "changes" of item [70]
 26/03/24 07:43:18,168 INFO  [@init servlet   ] [RemoteDAO                     ] [@] Fetch item field "changes" of item [73]
 26/03/24 07:43:18,183 INFO  [@init servlet   ] [RemoteDAO                     ] [@] Fetch item field "changes" of item [76]
 26/03/24 07:43:18,198 INFO  [@init servlet   ] [RemoteDAO                     ] [@] Fetch item field "changes" of item [79]
 26/03/24 07:43:18,212 INFO  [@init servlet   ] [RemoteDAO                     ] [@] Fetch item field "changes" of item [82]
 26/03/24 07:43:18,228 INFO  [@init servlet   ] [RemoteDAO                     ] [@] Fetch item field "changes" of item [85]
 26/03/24 07:43:18,245 INFO  [@init servlet   ] [RemoteDAO                     ] [@] Fetch item field "changes" of item [88]
 26/03/24 07:43:18,260 INFO  [@init servlet   ] [RemoteDAO                     ] [@] Fetch item field "changes" of item [91]
 26/03/24 07:43:18,274 INFO  [@init servlet   ] [RemoteDAO                     ] [@] Fetch item field "changes" of item [94]
 26/03/24 07:43:18,288 INFO  [@init servlet   ] [RemoteDAO                     ] [@] Fetch item field "changes" of item [97]
 26/03/24 07:43:18,388 INFO  [@init servlet   ] [RemoteDAO                     ] [@] Fetch item field "changes" of item [100]
 26/03/24 07:43:18,419 INFO  [@init servlet   ] [RemoteDAO                     ] [@] Fetch item field "changes" of item [103]
 26/03/24 07:43:18,435 INFO  [@init servlet   ] [RemoteDAO                     ] [@] Fetch item field "changes" of item [106]
 26/03/24 07:43:18,457 INFO  [@init servlet   ] [RemoteDAO                     ] [@] Fetch item field "changes" of item [109]
 26/03/24 07:43:18,473 INFO  [@init servlet   ] [RemoteDAO                     ] [@] Fetch item field "changes" of item [112]
 26/03/24 07:43:18,488 INFO  [@init servlet   ] [RemoteDAO                     ] [@] Fetch item field "changes" of item [115]
 26/03/24 07:43:18,515 INFO  [@init servlet   ] [RemoteDAO                     ] [@] Fetch item field "changes" of item [118]
 26/03/24 07:43:18,550 INFO  [@init servlet   ] [RemoteDAO                     ] [@] Fetch item field "changes" of item [121]
 26/03/24 07:43:18,567 INFO  [@init servlet   ] [RemoteDAO                     ] [@] Fetch item field "changes" of item [124]
 26/03/24 07:43:18,584 INFO  [@init servlet   ] [RemoteDAO                     ] [@] Fetch item field "changes" of item [127]
 26/03/24 07:43:18,599 INFO  [@init servlet   ] [RemoteDAO                     ] [@] Fetch item field "changes" of item [130]
 26/03/24 07:43:18,615 INFO  [@init servlet   ] [RemoteDAO                     ] [@] Fetch item field "changes" of item [133]
 26/03/24 07:43:18,631 INFO  [@init servlet   ] [RemoteDAO                     ] [@] Fetch item field "changes" of item [136]
 26/03/24 07:43:18,647 INFO  [@init servlet   ] [RemoteDAO                     ] [@] Fetch item field "changes" of item [139]
 26/03/24 07:43:18,681 INFO  [@init servlet   ] [RemoteDAO                     ] [@] Fetch item field "changes" of item [142]
 26/03/24 07:43:18,701 INFO  [@init servlet   ] [RemoteDAO                     ] [@] Fetch item field "changes" of item [145]
 26/03/24 07:43:18,719 INFO  [@init servlet   ] [RemoteDAO                     ] [@] Fetch item field "changes" of item [147]
 26/03/24 07:43:18,757 INFO  [@init servlet   ] [RemoteDAO                     ] [@] Fetch item field "changes" of item [148]
 26/03/24 07:43:18,778 INFO  [@init servlet   ] [RemoteDAO                     ] [@] Fetch item field "changes" of item [149]
 26/03/24 07:43:18,797 INFO  [@init servlet   ] [RemoteDAO                     ] [@] Fetch item field "changes" of item [150]
 26/03/24 07:43:18,821 INFO  [@init servlet   ] [RemoteDAO                     ] [@] Fetch item field "changes" of item [151]
 26/03/24 07:43:18,842 INFO  [@init servlet   ] [RemoteDAO                     ] [@] Fetch item field "changes" of item [26]
 26/03/24 07:43:18,858 INFO  [@init servlet   ] [RemoteDAO                     ] [@] Fetch item field "changes" of item [29]
 26/03/24 07:43:18,874 INFO  [@init servlet   ] [RemoteDAO                     ] [@] Fetch item field "changes" of item [32]
 26/03/24 07:43:18,889 INFO  [@init servlet   ] [RemoteDAO                     ] [@] Fetch item field "changes" of item [35]
 26/03/24 07:43:18,904 INFO  [@init servlet   ] [RemoteDAO                     ] [@] Fetch item field "changes" of item [38]
 26/03/24 07:43:18,919 INFO  [@init servlet   ] [RemoteDAO                     ] [@] Fetch item field "changes" of item [41]
 26/03/24 07:43:18,933 INFO  [@init servlet   ] [RemoteDAO                     ] [@] Fetch item field "changes" of item [44]
 26/03/24 07:43:18,948 INFO  [@init servlet   ] [RemoteDAO                     ] [@] Fetch item field "changes" of item [47]
 26/03/24 07:43:18,963 INFO  [@init servlet   ] [RemoteDAO                     ] [@] Fetch item field "changes" of item [50]
 26/03/24 07:43:18,978 INFO  [@init servlet   ] [RemoteDAO                     ] [@] Fetch item field "changes" of item [53]
 26/03/24 07:43:18,994 INFO  [@init servlet   ] [RemoteDAO                     ] [@] Fetch item field "changes" of item [56]
 26/03/24 07:43:19,018 INFO  [@init servlet   ] [RemoteDAO                     ] [@] Fetch item field "changes" of item [59]
 26/03/24 07:43:19,032 INFO  [@init servlet   ] [RemoteDAO                     ] [@] Fetch item field "changes" of item [62]
 26/03/24 07:43:19,046 INFO  [@init servlet   ] [RemoteDAO                     ] [@] Fetch item field "changes" of item [65]
 26/03/24 07:43:19,061 INFO  [@init servlet   ] [RemoteDAO                     ] [@] Fetch item field "changes" of item [68]
 26/03/24 07:43:19,078 INFO  [@init servlet   ] [RemoteDAO                     ] [@] Fetch item field "changes" of item [71]
 26/03/24 07:43:19,092 INFO  [@init servlet   ] [RemoteDAO                     ] [@] Fetch item field "changes" of item [74]
 26/03/24 07:43:19,108 INFO  [@init servlet   ] [RemoteDAO                     ] [@] Fetch item field "changes" of item [77]
 26/03/24 07:43:19,122 INFO  [@init servlet   ] [RemoteDAO                     ] [@] Fetch item field "changes" of item [80]
 26/03/24 07:43:19,137 INFO  [@init servlet   ] [RemoteDAO                     ] [@] Fetch item field "changes" of item [83]
 26/03/24 07:43:19,152 INFO  [@init servlet   ] [RemoteDAO                     ] [@] Fetch item field "changes" of item [86]
 26/03/24 07:43:19,168 INFO  [@init servlet   ] [RemoteDAO                     ] [@] Fetch item field "changes" of item [89]
 26/03/24 07:43:19,183 INFO  [@init servlet   ] [RemoteDAO                     ] [@] Fetch item field "changes" of item [92]
 26/03/24 07:43:19,197 INFO  [@init servlet   ] [RemoteDAO                     ] [@] Fetch item field "changes" of item [95]
 26/03/24 07:43:19,212 INFO  [@init servlet   ] [RemoteDAO                     ] [@] Fetch item field "changes" of item [98]
 26/03/24 07:43:19,226 INFO  [@init servlet   ] [RemoteDAO                     ] [@] Fetch item field "changes" of item [101]
 26/03/24 07:43:19,241 INFO  [@init servlet   ] [RemoteDAO                     ] [@] Fetch item field "changes" of item [104]
 26/03/24 07:43:19,255 INFO  [@init servlet   ] [RemoteDAO                     ] [@] Fetch item field "changes" of item [107]
 26/03/24 07:43:19,269 INFO  [@init servlet   ] [RemoteDAO                     ] [@] Fetch item field "changes" of item [110]
 26/03/24 07:43:19,284 INFO  [@init servlet   ] [RemoteDAO                     ] [@] Fetch item field "changes" of item [113]
 26/03/24 07:43:19,299 INFO  [@init servlet   ] [RemoteDAO                     ] [@] Fetch item field "changes" of item [116]
 26/03/24 07:43:19,313 INFO  [@init servlet   ] [RemoteDAO                     ] [@] Fetch item field "changes" of item [119]
 26/03/24 07:43:19,327 INFO  [@init servlet   ] [RemoteDAO                     ] [@] Fetch item field "changes" of item [122]
 26/03/24 07:43:19,341 INFO  [@init servlet   ] [RemoteDAO                     ] [@] Fetch item field "changes" of item [125]
 26/03/24 07:43:19,356 INFO  [@init servlet   ] [RemoteDAO                     ] [@] Fetch item field "changes" of item [128]
 26/03/24 07:43:19,371 INFO  [@init servlet   ] [RemoteDAO                     ] [@] Fetch item field "changes" of item [131]
 26/03/24 07:43:19,386 INFO  [@init servlet   ] [RemoteDAO                     ] [@] Fetch item field "changes" of item [134]
 26/03/24 07:43:19,400 INFO  [@init servlet   ] [RemoteDAO                     ] [@] Fetch item field "changes" of item [137]
 26/03/24 07:43:19,413 INFO  [@init servlet   ] [RemoteDAO                     ] [@] Fetch item field "changes" of item [140]
 26/03/24 07:43:19,427 INFO  [@init servlet   ] [RemoteDAO                     ] [@] Fetch item field "changes" of item [143]
 26/03/24 07:43:19,441 INFO  [@init servlet   ] [RemoteDAO                     ] [@] Fetch item field "changes" of item [146]
 26/03/24 07:43:19,458 INFO  [@init servlet   ] [RemoteDAO                     ] [@] Fetch item field "changes" of item [152]
 26/03/24 07:43:19,473 INFO  [@init servlet   ] [RemoteDAO                     ] [@] Fetch item field "changes" of item [154]
 26/03/24 07:43:19,489 INFO  [@init servlet   ] [RemoteDAO                     ] [@] Fetch item field "changes" of item [156]
 26/03/24 07:43:19,521 INFO  [@init servlet   ] [RemoteDAO                     ] [@] Fetch item field "name" of item [dad3d013-6433-46a3-8feb-e1ac612f1e07]
 26/03/24 07:43:19,988 INFO  [@init servlet   ] [RemoteDAO                     ] [@] Fetch item field "banned" of item [41f13362-8bb4-4f35-8e89-8a8a14eb286a]
 26/03/24 07:43:20,393 INFO  [@init servlet   ] [RemoteDAO                     ] [@] Fetch item field "banned" of item [1ec3e0b3-58d5-481e-bab9-14b521b204c7]
 26/03/24 07:43:20,568 INFO  [@init servlet   ] [RemoteDAO                     ] [@] Fetch item field "changes" of item [158]
 26/03/24 07:43:20,739 INFO  [@init servlet   ] [RemoteDAO                     ] [@] Fetch item field "transitiveGroups" of item [41f13362-8bb4-4f35-8e89-8a8a14eb286a]
 26/03/24 07:43:20,767 INFO  [@init servlet   ] [RemoteDAO                     ] [@] Fetch item field "global" of item [8e976881-a90e-4c8e-b418-a79bb7f70fcc]
 26/03/24 07:43:20,781 INFO  [@init servlet   ] [RemoteDAO                     ] [@] Fetch item field "global" of item [9e5a0e4a-1815-4694-b3cb-c4738f5cd8c0]
 26/03/24 07:43:20,793 INFO  [@init servlet   ] [RemoteDAO                     ] [@] Fetch item field "global" of item [2b6606d0-c4b8-4ef3-8b49-c34d137844e5]
 26/03/24 07:43:20,805 INFO  [@init servlet   ] [RemoteDAO                     ] [@] Fetch item field "global" of item [3b1b531c-c77e-4fed-a8c8-3d7d5c0ac899]
 26/03/24 07:43:20,817 INFO  [@init servlet   ] [RemoteDAO                     ] [@] Fetch item field "global" of item [04660312-23ac-47e4-95db-6ea7ec06aa75]
 26/03/24 07:43:20,828 INFO  [@init servlet   ] [RemoteDAO                     ] [@] Fetch item field "global" of item [57ce4de6-e757-41a7-bbe5-6cff33796df5]
 26/03/24 07:43:20,839 INFO  [@init servlet   ] [RemoteDAO                     ] [@] Fetch item field "global" of item [5beef80c-e045-4c56-a0e4-e3b47c6843b9]
 26/03/24 07:43:20,852 INFO  [@init servlet   ] [RemoteDAO                     ] [@] Fetch item field "global" of item [b2254549-4763-49b8-b0a4-536000e8bd69]
 26/03/24 07:43:20,863 INFO  [@init servlet   ] [RemoteDAO                     ] [@] Fetch item field "global" of item [885241ef-4250-4a87-86e4-546a56f1d3ef]
 26/03/24 07:43:20,874 INFO  [@init servlet   ] [RemoteDAO                     ] [@] Fetch item field "global" of item [339b438f-9002-4727-a42a-c4ceabd9674a]
 26/03/24 07:43:20,886 INFO  [@init servlet   ] [RemoteDAO                     ] [@] Fetch item field "global" of item [2070d5b6-8821-4c35-ad6c-06f716002d78]
 26/03/24 07:43:20,897 INFO  [@init servlet   ] [RemoteDAO                     ] [@] Fetch item field "global" of item [460c7a6f-c6c1-45c2-800b-030ce7a3c5b0]
 26/03/24 07:43:20,908 INFO  [@init servlet   ] [RemoteDAO                     ] [@] Fetch item field "global" of item [76797762-4930-497f-8153-91c12e89ca65]
 26/03/24 07:43:20,919 INFO  [@init servlet   ] [RemoteDAO                     ] [@] Fetch item field "global" of item [7623f0b6-174e-446c-8f11-7dd7dec6fbde]
 26/03/24 07:43:20,930 INFO  [@init servlet   ] [RemoteDAO                     ] [@] Fetch item field "global" of item [d47de967-cdca-4958-a06b-7643cebcf57d]
 26/03/24 07:43:20,941 INFO  [@init servlet   ] [RemoteDAO                     ] [@] Fetch item field "global" of item [1ef3998f-8ea7-4fd3-9944-5d1d966faa01]
 26/03/24 07:43:20,952 INFO  [@init servlet   ] [RemoteDAO                     ] [@] Fetch item field "global" of item [80955bc0-5b32-4135-9b69-e8d6dc7ad891]
 26/03/24 07:43:20,963 INFO  [@init servlet   ] [RemoteDAO                     ] [@] Fetch item field "global" of item [67a87c00-65f6-43f0-9087-15122030e534]
 26/03/24 07:43:20,975 INFO  [@init servlet   ] [RemoteDAO                     ] [@] Fetch item field "global" of item [306ff8fc-2691-4171-b5bc-15a1b8454e28]
 26/03/24 07:43:20,987 INFO  [@init servlet   ] [RemoteDAO                     ] [@] Fetch item field "global" of item [eb0cae90-2dee-41ee-a159-7c6c70ab7298]
 26/03/24 07:43:21,000 INFO  [@init servlet   ] [RemoteDAO                     ] [@] Fetch item field "global" of item [9339a076-d77c-4c8d-9199-db839f922257]
 26/03/24 07:43:21,022 INFO  [@init servlet   ] [RemoteDAO                     ] [@] Fetch item field "global" of item [aa28597d-66a8-46a1-ad1d-da00cf938774]
 26/03/24 07:43:21,033 INFO  [@init servlet   ] [RemoteDAO                     ] [@] Fetch item field "global" of item [ac299501-89cf-40f4-bf6a-fb499ff64c9b]
 26/03/24 07:43:21,043 INFO  [@init servlet   ] [RemoteDAO                     ] [@] Fetch item field "global" of item [61e3bb2f-d09d-47bc-b3ce-bc876a1f11f8]
 26/03/24 07:43:21,053 INFO  [@init servlet   ] [RemoteDAO                     ] [@] Fetch item field "global" of item [81659e26-68d3-4c48-9305-0209d6f4f060]
 26/03/24 07:43:21,063 INFO  [@init servlet   ] [RemoteDAO                     ] [@] Fetch item field "global" of item [3433d60c-2999-4039-94d2-55dbf55c2370]
 26/03/24 07:43:21,074 INFO  [@init servlet   ] [RemoteDAO                     ] [@] Fetch item field "global" of item [32eb89ab-6dbc-4cf0-8fbf-d391b79fd593]
 26/03/24 07:43:21,085 INFO  [@init servlet   ] [RemoteDAO                     ] [@] Fetch item field "global" of item [b78d2d46-5d27-4500-9a4c-5015675edd94]
 26/03/24 07:43:21,095 INFO  [@init servlet   ] [RemoteDAO                     ] [@] Fetch item field "global" of item [bf04fb10-6f75-4f16-bd60-96abc4a2c7da]
 26/03/24 07:43:21,106 INFO  [@init servlet   ] [RemoteDAO                     ] [@] Fetch item field "global" of item [0de306fe-2797-4349-836c-35a0e6aa1057]
 26/03/24 07:43:21,116 INFO  [@init servlet   ] [RemoteDAO                     ] [@] Fetch item field "global" of item [06876154-bdb1-44a9-b844-b9618b539887]
 26/03/24 07:43:21,127 INFO  [@init servlet   ] [RemoteDAO                     ] [@] Fetch item field "global" of item [fcc4b6d9-9f98-4388-aa56-538e8b14e984]
 26/03/24 07:43:21,137 INFO  [@init servlet   ] [RemoteDAO                     ] [@] Fetch item field "global" of item [31192455-4a44-4b04-9036-3992a44256b6]
 26/03/24 07:43:21,147 INFO  [@init servlet   ] [RemoteDAO                     ] [@] Fetch item field "global" of item [b73cc002-a68c-4cb7-9e01-dba6dd3bbbf3]
 26/03/24 07:43:21,157 INFO  [@init servlet   ] [RemoteDAO                     ] [@] Fetch item field "global" of item [1b601fd9-18bf-4071-bd6a-3c4007300894]
 26/03/24 07:43:21,167 INFO  [@init servlet   ] [RemoteDAO                     ] [@] Fetch item field "global" of item [474bda69-4cb9-49a3-941a-1308537febb0]
 26/03/24 07:43:21,178 INFO  [@init servlet   ] [RemoteDAO                     ] [@] Fetch item field "global" of item [6233815d-6814-4252-add7-f318d6bfe8c1]
 26/03/24 07:43:21,188 INFO  [@init servlet   ] [RemoteDAO                     ] [@] Fetch item field "global" of item [64c4ac69-fdb5-4226-8ee7-9177deb21146]
 26/03/24 07:43:21,198 INFO  [@init servlet   ] [RemoteDAO                     ] [@] Fetch item field "global" of item [e52da037-3eb4-449c-866d-78c26b6a6790]
 26/03/24 07:43:21,208 INFO  [@init servlet   ] [RemoteDAO                     ] [@] Fetch item field "global" of item [1c107fea-9e7f-4192-8763-4c3084dea6e2]
 26/03/24 07:43:21,219 INFO  [@init servlet   ] [RemoteDAO                     ] [@] Fetch item field "global" of item [57d32c75-cc00-4dcc-99cd-38d4799244d1]
 26/03/24 07:43:21,229 INFO  [@init servlet   ] [RemoteDAO                     ] [@] Fetch item field "global" of item [e08ca5fb-fcf1-4296-9a55-137ca8584a29]
 26/03/24 07:43:21,239 INFO  [@init servlet   ] [RemoteDAO                     ] [@] Fetch item field "global" of item [b681479a-692d-4c15-b57a-4954dd31944a]
 26/03/24 07:43:21,250 INFO  [@init servlet   ] [RemoteDAO                     ] [@] Fetch item field "global" of item [9cfaea94-eee6-4ed8-8d08-f9d8a5b3229e]
 26/03/24 07:43:21,260 INFO  [@init servlet   ] [RemoteDAO                     ] [@] Fetch item field "global" of item [5ee7f739-71d0-4197-8d24-ac0e0c5909f1]
 26/03/24 07:43:21,270 INFO  [@init servlet   ] [RemoteDAO                     ] [@] Fetch item field "global" of item [e1244ecd-6675-4620-b5fb-1aaba982bde4]
 26/03/24 07:43:21,280 INFO  [@init servlet   ] [RemoteDAO                     ] [@] Fetch item field "global" of item [8ad8ff55-94e7-4d9b-8641-3c0ba4ef7cef]
 26/03/24 07:43:21,291 INFO  [@init servlet   ] [RemoteDAO                     ] [@] Fetch item field "global" of item [7e797673-1d89-432d-9187-cf1f69e2dcee]
 26/03/24 07:43:21,302 INFO  [@init servlet   ] [RemoteDAO                     ] [@] Fetch item field "global" of item [49048599-1396-435a-bc12-6b07afb9452f]
 26/03/24 07:43:21,315 INFO  [@init servlet   ] [RemoteDAO                     ] [@] Fetch item field "global" of item [7b32c64d-7002-4367-b209-1f9e3c1f1192]
 26/03/24 07:43:21,325 INFO  [@init servlet   ] [RemoteDAO                     ] [@] Fetch item field "global" of item [90737977-5fdc-4ccb-8d85-d86f1de1565a]
 26/03/24 07:43:21,334 INFO  [@init servlet   ] [RemoteDAO                     ] [@] Fetch item field "global" of item [40be39e6-6548-4225-a206-ec8400c1957a]
 26/03/24 07:43:21,344 INFO  [@init servlet   ] [RemoteDAO                     ] [@] Fetch item field "global" of item [5c4f3e7e-55f8-47b3-af9a-0a4f50a0df15]
 26/03/24 07:43:21,353 INFO  [@init servlet   ] [RemoteDAO                     ] [@] Fetch item field "global" of item [58fb5fda-16ce-4c21-be65-f516ab165132]
 26/03/24 07:43:21,362 INFO  [@init servlet   ] [RemoteDAO                     ] [@] Fetch item field "global" of item [ae12a6c5-94de-48b2-aac5-94c552d25ae6]
 26/03/24 07:43:21,372 INFO  [@init servlet   ] [RemoteDAO                     ] [@] Fetch item field "global" of item [8472d8c7-3e9e-4bff-90af-596e0e2e3a0f]
 26/03/24 07:43:21,381 INFO  [@init servlet   ] [RemoteDAO                     ] [@] Fetch item field "global" of item [2784795a-a622-4e26-aec8-b351886fbbb0]
 26/03/24 07:43:21,391 INFO  [@init servlet   ] [RemoteDAO                     ] [@] Fetch item field "global" of item [a2a75d8d-9a1c-4f85-a80f-7a8562f51ad1]
 26/03/24 07:43:21,400 INFO  [@init servlet   ] [RemoteDAO                     ] [@] Fetch item field "global" of item [50ad0b61-73cf-40e3-81ff-0338169c854a]
 26/03/24 07:43:21,410 INFO  [@init servlet   ] [RemoteDAO                     ] [@] Fetch item field "global" of item [746d8ce6-bfda-40e0-91ea-15228ea789d2]
 26/03/24 07:43:21,420 INFO  [@init servlet   ] [RemoteDAO                     ] [@] Fetch item field "global" of item [474f7f62-b7a1-463b-9747-eb980641f950]
 26/03/24 07:43:21,431 INFO  [@init servlet   ] [RemoteDAO                     ] [@] Fetch item field "global" of item [6201a081-d704-4f6c-86ca-90f3be46e9bf]
 26/03/24 07:43:21,444 INFO  [@init servlet   ] [RemoteDAO                     ] [@] Fetch item field "transitiveGroups" of item [1ec3e0b3-58d5-481e-bab9-14b521b204c7]
 26/03/24 07:43:21,578 INFO  [@init servlet   ] [RemoteDAO                     ] [@] Fetch item field "global" of item [0]
 26/03/24 07:43:24,399 INFO  [@init servlet   ] [RemoteDAO                     ] [system_user@l2Q1@] Fetch item field "changes" of item [160]
 26/03/24 07:43:24,454 INFO  [@init servlet   ] [RemoteDAO                     ] [system_user@l2Q1@] Fetch item field "changes" of item [159]
 26/03/24 07:43:24,467 INFO  [@init servlet   ] [RemoteDAO                     ] [system_user@l2Q1@] Fetch item field "changes" of item [161]
 26/03/24 07:43:24,521 INFO  [@init servlet   ] [RemoteDAO                     ] [system_user@l2Q1@] Fetch item field "changes" of item [162]
 26/03/24 07:43:24,561 INFO  [@init servlet   ] [RemoteDAO                     ] [system_user@l2Q1@] Fetch item field "changes" of item [163]
 26/03/24 07:43:24,718 INFO  [@init servlet   ] [RemoteDAO                     ] [system_user@l2Q1@] Fetch item field "changes" of item [164]
 26/03/24 07:43:24,731 INFO  [@init servlet   ] [RemoteDAO                     ] [system_user@l2Q1@] Fetch item field "changes" of item [165]
 26/03/24 07:43:24,800 INFO  [@init servlet   ] [RemoteDAO                     ] [system_user@l2Q1@] Fetch item field "changes" of item [166]
 26/03/24 07:43:24,868 INFO  [@init servlet   ] [RemoteDAO                     ] [system_user@l2Q1@] Fetch item field "changes" of item [167]
 26/03/24 07:43:24,933 INFO  [@init servlet   ] [RemoteDAO                     ] [system_user@l2Q1@] Fetch item field "changes" of item [168]
 26/03/24 07:43:24,992 INFO  [@init servlet   ] [RemoteDAO                     ] [system_user@l2Q1@] Fetch item field "changes" of item [169]
 26/03/24 07:43:25,050 INFO  [@init servlet   ] [RemoteDAO                     ] [system_user@l2Q1@] Fetch item field "changes" of item [170]
 26/03/24 07:43:25,116 INFO  [@init servlet   ] [RemoteDAO                     ] [system_user@l2Q1@] Fetch item field "changes" of item [171]
 26/03/24 07:43:25,177 INFO  [@init servlet   ] [RemoteDAO                     ] [system_user@l2Q1@] Fetch item field "changes" of item [172]
 26/03/24 07:43:25,238 INFO  [@init servlet   ] [RemoteDAO                     ] [system_user@l2Q1@] Fetch item field "changes" of item [173]
 26/03/24 07:43:25,296 INFO  [@init servlet   ] [RemoteDAO                     ] [system_user@l2Q1@] Fetch item field "changes" of item [174]
 26/03/24 07:43:25,356 INFO  [@init servlet   ] [RemoteDAO                     ] [system_user@l2Q1@] Fetch item field "changes" of item [175]
 26/03/24 07:43:25,491 INFO  [@init servlet   ] [RemoteDAO                     ] [system_user@l2Q1@] Fetch item field "changes" of item [176]
 26/03/24 07:43:25,555 INFO  [@init servlet   ] [RemoteDAO                     ] [system_user@l2Q1@] Fetch item field "changes" of item [177]
 26/03/24 07:43:25,618 INFO  [@init servlet   ] [RemoteDAO                     ] [system_user@l2Q1@] Fetch item field "changes" of item [178]
 26/03/24 07:43:25,679 INFO  [@init servlet   ] [RemoteDAO                     ] [system_user@l2Q1@] Fetch item field "changes" of item [179]
 26/03/24 07:43:25,736 INFO  [@init servlet   ] [RemoteDAO                     ] [system_user@l2Q1@] Fetch item field "changes" of item [180]
 26/03/24 07:43:25,798 INFO  [@init servlet   ] [RemoteDAO                     ] [system_user@l2Q1@] Fetch item field "changes" of item [181]
 26/03/24 07:43:25,861 INFO  [@init servlet   ] [RemoteDAO                     ] [system_user@l2Q1@] Fetch item field "changes" of item [182]
 26/03/24 07:43:25,930 INFO  [@init servlet   ] [RemoteDAO                     ] [system_user@l2Q1@] Fetch item field "changes" of item [183]
 26/03/24 07:43:25,997 INFO  [@init servlet   ] [RemoteDAO                     ] [system_user@l2Q1@] Fetch item field "changes" of item [184]
 26/03/24 07:43:26,065 INFO  [@init servlet   ] [RemoteDAO                     ] [system_user@l2Q1@] Fetch item field "changes" of item [185]
 26/03/24 07:43:26,129 INFO  [@init servlet   ] [RemoteDAO                     ] [system_user@l2Q1@] Fetch item field "changes" of item [186]
 26/03/24 07:43:26,194 INFO  [@init servlet   ] [RemoteDAO                     ] [system_user@l2Q1@] Fetch item field "changes" of item [187]
 26/03/24 07:43:26,253 INFO  [@init servlet   ] [RemoteDAO                     ] [system_user@l2Q1@] Fetch item field "changes" of item [188]
 26/03/24 07:43:26,322 INFO  [@init servlet   ] [RemoteDAO                     ] [system_user@l2Q1@] Fetch item field "changes" of item [189]
 26/03/24 07:43:26,392 INFO  [@init servlet   ] [RemoteDAO                     ] [system_user@l2Q1@] Fetch item field "changes" of item [190]
 26/03/24 07:43:26,462 INFO  [@init servlet   ] [RemoteDAO                     ] [system_user@l2Q1@] Fetch item field "changes" of item [191]
 26/03/24 07:43:26,529 INFO  [@init servlet   ] [RemoteDAO                     ] [system_user@l2Q1@] Fetch item field "changes" of item [192]
 26/03/24 07:43:26,592 INFO  [@init servlet   ] [RemoteDAO                     ] [system_user@l2Q1@] Fetch item field "changes" of item [193]
 26/03/24 07:43:26,666 INFO  [@init servlet   ] [RemoteDAO                     ] [system_user@l2Q1@] Fetch item field "changes" of item [194]
 26/03/24 07:43:26,731 INFO  [@init servlet   ] [RemoteDAO                     ] [system_user@l2Q1@] Fetch item field "changes" of item [195]
 26/03/24 07:43:26,795 INFO  [@init servlet   ] [RemoteDAO                     ] [system_user@l2Q1@] Fetch item field "changes" of item [196]
 26/03/24 07:43:26,855 INFO  [@init servlet   ] [RemoteDAO                     ] [system_user@l2Q1@] Fetch item field "changes" of item [197]
 26/03/24 07:43:26,924 INFO  [@init servlet   ] [RemoteDAO                     ] [system_user@l2Q1@] Fetch item field "changes" of item [198]
 26/03/24 07:43:27,005 INFO  [@init servlet   ] [RemoteDAO                     ] [system_user@l2Q1@] Fetch item field "changes" of item [199]
 26/03/24 07:43:27,073 INFO  [@init servlet   ] [RemoteDAO                     ] [system_user@l2Q1@] Fetch item field "changes" of item [200]
 26/03/24 07:43:27,132 INFO  [@init servlet   ] [RemoteDAO                     ] [system_user@l2Q1@] Fetch item field "changes" of item [201]
 26/03/24 07:43:27,190 INFO  [@init servlet   ] [RemoteDAO                     ] [system_user@l2Q1@] Fetch item field "changes" of item [202]
 26/03/24 07:43:27,250 INFO  [@init servlet   ] [RemoteDAO                     ] [system_user@l2Q1@] Fetch item field "changes" of item [203]
 26/03/24 07:43:27,307 INFO  [@init servlet   ] [RemoteDAO                     ] [system_user@l2Q1@] Fetch item field "changes" of item [204]
 26/03/24 07:43:27,364 INFO  [@init servlet   ] [RemoteDAO                     ] [system_user@l2Q1@] Fetch item field "changes" of item [205]
 26/03/24 07:43:27,650 INFO  [@init servlet   ] [RemoteDAO                     ] [@] Fetch item field "baseUrls" of item [861ff3c5-d1c1-4060-97b7-f5a2ce8584ad]
 26/03/24 07:43:27,758 INFO  [@init servlet   ] [RemoteDAO                     ] [@] Fetch item field "changes" of item [206]
 26/03/24 07:43:27,771 INFO  [@init servlet   ] [RemoteDAO                     ] [@] Fetch item field "changes" of item [207]
 26/03/24 07:43:27,783 INFO  [@init servlet   ] [RemoteDAO                     ] [@] Fetch item field "changes" of item [208]
 26/03/24 07:43:27,794 INFO  [@init servlet   ] [RemoteDAO                     ] [@] Fetch item field "changes" of item [209]
 26/03/24 07:43:27,807 INFO  [@init servlet   ] [RemoteDAO                     ] [@] Fetch item field "changes" of item [210]
 26/03/24 07:43:32,908 INFO  [@al-scheduling-3] [RemoteDAO                     ] [system_user@@] Fetch item field "author" of item [15]
 26/03/24 07:43:32,935 INFO  [@al-scheduling-3] [RemoteDAO                     ] [system_user@@] Fetch item field "author" of item [16]
 26/03/24 07:43:32,946 INFO  [@al-scheduling-3] [RemoteDAO                     ] [system_user@@] Fetch item field "author" of item [18]
 26/03/24 07:43:32,964 INFO  [@al-scheduling-3] [RemoteDAO                     ] [system_user@@] Fetch item field "author" of item [20]
 26/03/24 07:43:32,977 INFO  [@al-scheduling-3] [RemoteDAO                     ] [system_user@@] Fetch item field "author" of item [22]
 26/03/24 07:43:32,987 INFO  [@al-scheduling-3] [RemoteDAO                     ] [system_user@@] Fetch item field "author" of item [25]
 26/03/24 07:43:32,999 INFO  [@al-scheduling-3] [RemoteDAO                     ] [system_user@@] Fetch item field "author" of item [26]
 26/03/24 07:43:33,010 INFO  [@al-scheduling-3] [RemoteDAO                     ] [system_user@@] Fetch item field "author" of item [153]
 26/03/24 07:43:33,020 INFO  [@al-scheduling-3] [RemoteDAO                     ] [system_user@@] Fetch item field "author" of item [154]
 26/03/24 07:43:33,032 INFO  [@al-scheduling-3] [RemoteDAO                     ] [system_user@@] Fetch item field "author" of item [155]
 26/03/24 07:43:33,042 INFO  [@al-scheduling-3] [RemoteDAO                     ] [system_user@@] Fetch item field "author" of item [156]
 26/03/24 07:43:33,053 INFO  [@al-scheduling-3] [RemoteDAO                     ] [system_user@@] Fetch item field "author" of item [158]
 26/03/24 07:43:33,062 INFO  [@al-scheduling-3] [RemoteDAO                     ] [system_user@@] Fetch item field "author" of item [159]
 26/03/24 07:43:33,072 INFO  [@al-scheduling-3] [RemoteDAO                     ] [system_user@@] Fetch item field "author" of item [160]
 26/03/24 07:43:33,083 INFO  [@al-scheduling-3] [RemoteDAO                     ] [system_user@@] Fetch item field "author" of item [161]
 26/03/24 07:43:33,096 INFO  [@al-scheduling-3] [RemoteDAO                     ] [system_user@@] Fetch item field "author" of item [162]
 26/03/24 07:43:33,107 INFO  [@al-scheduling-3] [RemoteDAO                     ] [system_user@@] Fetch item field "author" of item [163]
 26/03/24 07:43:33,118 INFO  [@al-scheduling-3] [RemoteDAO                     ] [system_user@@] Fetch item field "author" of item [164]
 26/03/24 07:43:33,129 INFO  [@al-scheduling-3] [RemoteDAO                     ] [system_user@@] Fetch item field "author" of item [206]
 26/03/24 07:43:33,151 INFO  [@al-scheduling-3] [RemoteDAO                     ] [system_user@@] Fetch item field "author" of item [207]
 26/03/24 07:43:33,168 INFO  [@al-scheduling-3] [RemoteDAO                     ] [system_user@@] Fetch item field "author" of item [208]
 26/03/24 07:43:33,179 INFO  [@al-scheduling-3] [RemoteDAO                     ] [system_user@@] Fetch item field "author" of item [209]
 26/03/24 07:43:33,191 INFO  [@al-scheduling-3] [RemoteDAO                     ] [system_user@@] Fetch item field "author" of item [210]
 26/03/24 07:43:33,207 INFO  [@al-scheduling-3] [RemoteDAO                     ] [@] Fetch item field "transitiveGroups" of item [41f13362-8bb4-4f35-8e89-8a8a14eb286a]
 26/03/24 07:43:35,391 INFO  [@init servlet   ] [RemoteDAO                     ] [root@] Fetch item field "changes" of item [212]
 26/03/24 07:43:35,404 INFO  [@init servlet   ] [RemoteDAO                     ] [root@] Fetch item field "changes" of item [221]
 26/03/24 07:43:35,416 INFO  [@init servlet   ] [RemoteDAO                     ] [root@] Fetch item field "changes" of item [213]
 26/03/24 07:43:35,428 INFO  [@init servlet   ] [RemoteDAO                     ] [root@] Fetch item field "changes" of item [220]
 26/03/24 07:43:35,440 INFO  [@init servlet   ] [RemoteDAO                     ] [root@] Fetch item field "archived" of item [0]
 26/03/24 07:43:35,450 INFO  [@init servlet   ] [RemoteDAO                     ] [root@] Fetch item field "archived" of item [25d2b032-ff90-4b99-9d2e-58444a48d6f1]
 26/03/24 07:43:35,462 INFO  [@init servlet   ] [RemoteDAO                     ] [root@] Fetch item field "global" of item [aa28597d-66a8-46a1-ad1d-da00cf938774]
 26/03/24 07:43:35,472 INFO  [@init servlet   ] [RemoteDAO                     ] [root@] Fetch item field "global" of item [ac299501-89cf-40f4-bf6a-fb499ff64c9b]
 26/03/24 07:43:35,481 INFO  [@init servlet   ] [RemoteDAO                     ] [root@] Fetch item field "global" of item [61e3bb2f-d09d-47bc-b3ce-bc876a1f11f8]
 26/03/24 07:43:35,490 INFO  [@init servlet   ] [RemoteDAO                     ] [root@] Fetch item field "global" of item [3433d60c-2999-4039-94d2-55dbf55c2370]
 26/03/24 07:43:35,500 INFO  [@init servlet   ] [RemoteDAO                     ] [root@] Fetch item field "global" of item [32eb89ab-6dbc-4cf0-8fbf-d391b79fd593]
 26/03/24 07:43:35,517 INFO  [@init servlet   ] [RemoteDAO                     ] [root@] Fetch item field "global" of item [b78d2d46-5d27-4500-9a4c-5015675edd94]
 26/03/24 07:43:35,526 INFO  [@init servlet   ] [RemoteDAO                     ] [root@] Fetch item field "global" of item [bf04fb10-6f75-4f16-bd60-96abc4a2c7da]
 26/03/24 07:43:35,536 INFO  [@init servlet   ] [RemoteDAO                     ] [root@] Fetch item field "global" of item [0de306fe-2797-4349-836c-35a0e6aa1057]
 26/03/24 07:43:35,545 INFO  [@init servlet   ] [RemoteDAO                     ] [root@] Fetch item field "global" of item [06876154-bdb1-44a9-b844-b9618b539887]
 26/03/24 07:43:35,553 INFO  [@init servlet   ] [RemoteDAO                     ] [root@] Fetch item field "global" of item [fcc4b6d9-9f98-4388-aa56-538e8b14e984]
 26/03/24 07:43:35,562 INFO  [@init servlet   ] [RemoteDAO                     ] [root@] Fetch item field "global" of item [31192455-4a44-4b04-9036-3992a44256b6]
 26/03/24 07:43:35,572 INFO  [@init servlet   ] [RemoteDAO                     ] [root@] Fetch item field "global" of item [b73cc002-a68c-4cb7-9e01-dba6dd3bbbf3]
 26/03/24 07:43:35,581 INFO  [@init servlet   ] [RemoteDAO                     ] [root@] Fetch item field "global" of item [1b601fd9-18bf-4071-bd6a-3c4007300894]
 26/03/24 07:43:35,591 INFO  [@init servlet   ] [RemoteDAO                     ] [root@] Fetch item field "global" of item [474bda69-4cb9-49a3-941a-1308537febb0]
 26/03/24 07:43:35,601 INFO  [@init servlet   ] [RemoteDAO                     ] [root@] Fetch item field "global" of item [6233815d-6814-4252-add7-f318d6bfe8c1]
 26/03/24 07:43:35,610 INFO  [@init servlet   ] [RemoteDAO                     ] [root@] Fetch item field "global" of item [64c4ac69-fdb5-4226-8ee7-9177deb21146]
 26/03/24 07:43:35,620 INFO  [@init servlet   ] [RemoteDAO                     ] [root@] Fetch item field "global" of item [e52da037-3eb4-449c-866d-78c26b6a6790]
 26/03/24 07:43:35,630 INFO  [@init servlet   ] [RemoteDAO                     ] [root@] Fetch item field "global" of item [1c107fea-9e7f-4192-8763-4c3084dea6e2]
 26/03/24 07:43:35,641 INFO  [@init servlet   ] [RemoteDAO                     ] [root@] Fetch item field "global" of item [57d32c75-cc00-4dcc-99cd-38d4799244d1]
 26/03/24 07:43:35,651 INFO  [@init servlet   ] [RemoteDAO                     ] [root@] Fetch item field "global" of item [e08ca5fb-fcf1-4296-9a55-137ca8584a29]
 26/03/24 07:43:35,660 INFO  [@init servlet   ] [RemoteDAO                     ] [root@] Fetch item field "global" of item [b681479a-692d-4c15-b57a-4954dd31944a]
 26/03/24 07:43:35,669 INFO  [@init servlet   ] [RemoteDAO                     ] [root@] Fetch item field "global" of item [9cfaea94-eee6-4ed8-8d08-f9d8a5b3229e]
 26/03/24 07:43:35,678 INFO  [@init servlet   ] [RemoteDAO                     ] [root@] Fetch item field "global" of item [5ee7f739-71d0-4197-8d24-ac0e0c5909f1]
 26/03/24 07:43:35,687 INFO  [@init servlet   ] [RemoteDAO                     ] [root@] Fetch item field "global" of item [e1244ecd-6675-4620-b5fb-1aaba982bde4]
 26/03/24 07:43:35,696 INFO  [@init servlet   ] [RemoteDAO                     ] [root@] Fetch item field "global" of item [90737977-5fdc-4ccb-8d85-d86f1de1565a]
 26/03/24 07:43:35,705 INFO  [@init servlet   ] [RemoteDAO                     ] [root@] Fetch item field "global" of item [40be39e6-6548-4225-a206-ec8400c1957a]
 26/03/24 07:43:35,714 INFO  [@init servlet   ] [RemoteDAO                     ] [root@] Fetch item field "global" of item [5c4f3e7e-55f8-47b3-af9a-0a4f50a0df15]
 26/03/24 07:43:35,723 INFO  [@init servlet   ] [RemoteDAO                     ] [root@] Fetch item field "global" of item [58fb5fda-16ce-4c21-be65-f516ab165132]
 26/03/24 07:43:35,733 INFO  [@init servlet   ] [RemoteDAO                     ] [root@] Fetch item field "global" of item [8472d8c7-3e9e-4bff-90af-596e0e2e3a0f]
 26/03/24 07:43:35,743 INFO  [@init servlet   ] [RemoteDAO                     ] [root@] Fetch item field "global" of item [50ad0b61-73cf-40e3-81ff-0338169c854a]
 26/03/24 07:43:35,764 INFO  [@init servlet   ] [RemoteDAO                     ] [root@] Fetch item field "global" of item [746d8ce6-bfda-40e0-91ea-15228ea789d2]
 26/03/24 07:43:38,765 INFO  [@al-scheduling-2] [RemoteDAO                     ] [system_user@@] Fetch item field "author" of item [211]
 26/03/24 07:43:38,778 INFO  [@al-scheduling-2] [RemoteDAO                     ] [system_user@@] Fetch item field "author" of item [212]
 26/03/24 07:43:38,788 INFO  [@al-scheduling-2] [RemoteDAO                     ] [system_user@@] Fetch item field "author" of item [213]
 26/03/24 07:43:38,802 INFO  [@al-scheduling-2] [RemoteDAO                     ] [system_user@@] Fetch item field "author" of item [214]
 26/03/24 07:43:38,814 INFO  [@al-scheduling-2] [RemoteDAO                     ] [system_user@@] Fetch item field "author" of item [216]
 26/03/24 07:43:38,827 INFO  [@al-scheduling-2] [RemoteDAO                     ] [system_user@@] Fetch item field "author" of item [220]
 26/03/24 07:43:38,846 INFO  [@al-scheduling-2] [RemoteDAO                     ] [@] Fetch item field "global" of item [81659e26-68d3-4c48-9305-0209d6f4f060]
 26/03/24 07:43:38,860 INFO  [@al-scheduling-2] [RemoteDAO                     ] [@] Fetch item field "global" of item [8ad8ff55-94e7-4d9b-8641-3c0ba4ef7cef]
 26/03/24 07:43:38,869 INFO  [@al-scheduling-2] [RemoteDAO                     ] [@] Fetch item field "global" of item [7e797673-1d89-432d-9187-cf1f69e2dcee]
 26/03/24 07:43:38,878 INFO  [@al-scheduling-2] [RemoteDAO                     ] [@] Fetch item field "global" of item [49048599-1396-435a-bc12-6b07afb9452f]
 26/03/24 07:43:38,894 INFO  [@al-scheduling-2] [RemoteDAO                     ] [@] Fetch item field "global" of item [7b32c64d-7002-4367-b209-1f9e3c1f1192]
 26/03/24 07:43:38,906 INFO  [@al-scheduling-2] [RemoteDAO                     ] [@] Fetch item field "global" of item [ae12a6c5-94de-48b2-aac5-94c552d25ae6]
 26/03/24 07:43:38,927 INFO  [@al-scheduling-2] [RemoteDAO                     ] [@] Fetch item field "global" of item [2784795a-a622-4e26-aec8-b351886fbbb0]
 26/03/24 07:43:38,937 INFO  [@al-scheduling-2] [RemoteDAO                     ] [@] Fetch item field "global" of item [a2a75d8d-9a1c-4f85-a80f-7a8562f51ad1]
 26/03/24 07:43:38,948 INFO  [@al-scheduling-2] [RemoteDAO                     ] [@] Fetch item field "global" of item [474f7f62-b7a1-463b-9747-eb980641f950]
 26/03/24 07:43:38,959 INFO  [@al-scheduling-2] [RemoteDAO                     ] [@] Fetch item field "global" of item [6201a081-d704-4f6c-86ca-90f3be46e9bf]
 26/03/24 07:43:38,971 INFO  [@al-scheduling-2] [RemoteDAO                     ] [@] Fetch item field "transitiveGroups" of item [1ec3e0b3-58d5-481e-bab9-14b521b204c7]
 26/03/24 07:43:41,314 INFO  [@init servlet   ] [RemoteDAO                     ] [root@] Fetch item field "changes" of item [224]
 26/03/24 07:43:41,328 INFO  [@init servlet   ] [RemoteDAO                     ] [root@] Fetch item field "changes" of item [225]
 26/03/24 07:43:41,341 INFO  [@init servlet   ] [RemoteDAO                     ] [root@] Fetch item field "project" of item [9bc59093-89de-49c2-ac1e-a6f96d462098]
 26/03/24 07:43:41,450 INFO  [@init servlet   ] [RemoteDAO                     ] [root@] Fetch item field "changes" of item [226]
 26/03/24 07:43:41,667 INFO  [@init servlet   ] [RemoteDAO                     ] [root@] Fetch item field "targetPresentation" of item [228]
 26/03/24 07:43:41,680 INFO  [@init servlet   ] [RemoteDAO                     ] [root@] Fetch item field "authorType" of item [228]
 26/03/24 07:43:41,692 INFO  [@init servlet   ] [RemoteDAO                     ] [root@] Fetch item field "authorPresentation" of item [228]
 26/03/24 07:43:41,703 INFO  [@init servlet   ] [RemoteDAO                     ] [root@] Fetch item field "timestamp" of item [228]
 26/03/24 07:43:41,715 WARN  [@init servlet   ] [RemoteAPI                     ] [root@] Related data store for the event is not found. The event will be skipped:
	Target: UserDashboard 9e347260-cbcb-42f8-aae0-a2e438396c39
	Author: Service YouTrack
	Timestamp: java.util.GregorianCalendar[time=1711439021617,areFieldsSet=true,areAllFieldsSet=true,lenient=true,zone=sun.util.calendar.ZoneInfo[id="UTC",offset=0,dstSavings=0,useDaylight=false,transitions=0,lastRule=null],firstDayOfWeek=1,minimalDaysInFirstWeek=1,ERA=1,YEAR=2024,MONTH=2,WEEK_OF_YEAR=13,WEEK_OF_MONTH=5,DAY_OF_MONTH=26,DAY_OF_YEAR=86,DAY_OF_WEEK=3,DAY_OF_WEEK_IN_MONTH=4,AM_PM=0,HOUR=7,HOUR_OF_DAY=7,MINUTE=43,SECOND=41,MILLISECOND=617,ZONE_OFFSET=0,DST_OFFSET=0]

 26/03/24 07:43:41,755 INFO  [@al-scheduling-1] [RemoteDAO                     ] [system_user@@] Fetch item field "author" of item [224]
 26/03/24 07:43:41,766 INFO  [@al-scheduling-1] [RemoteDAO                     ] [system_user@@] Fetch item field "author" of item [225]
 26/03/24 07:43:41,791 INFO  [@al-scheduling-1] [RemoteDAO                     ] [system_user@@] Fetch item field "team" of item [25d2b032-ff90-4b99-9d2e-58444a48d6f1]
 26/03/24 07:43:42,053 INFO  [@al-scheduling-1] [RemoteDAO                     ] [system_user@@] Fetch item field "author" of item [226]
 26/03/24 07:43:42,065 INFO  [@al-scheduling-1] [RemoteDAO                     ] [system_user@@] Fetch item field "archived" of item [25d2b032-ff90-4b99-9d2e-58444a48d6f1]
 26/03/24 07:43:42,250 INFO  [@al-scheduling-1] [RemoteDAO                     ] [system_user@@] Fetch item field "icon" of item [25d2b032-ff90-4b99-9d2e-58444a48d6f1]
 26/03/24 07:43:42,281 INFO  [@al-scheduling-1] [RemoteDAO                     ] [system_user@@] Fetch item field "description" of item [25d2b032-ff90-4b99-9d2e-58444a48d6f1]
 26/03/24 07:43:42,296 INFO  [@al-scheduling-1] [RemoteDAO                     ] [system_user@@] Fetch item field "global" of item [25d2b032-ff90-4b99-9d2e-58444a48d6f1]
 26/03/24 07:43:42,335 INFO  [@al-scheduling-1] [RemoteDAO                     ] [@] Fetch item field "transitiveGroups" of item [1ec3e0b3-58d5-481e-bab9-14b521b204c7]
 26/03/24 07:43:46,039 INFO  [@qtp300548333-48] [RemoteDAO                     ] [@] Fetch item field "baseUrls" of item [861ff3c5-d1c1-4060-97b7-f5a2ce8584ad]
 26/03/24 07:43:46,105 INFO  [@qtp300548333-48] [RemoteDAO                     ] [@] Fetch item field "changes" of item [229]
 26/03/24 07:43:46,119 INFO  [@qtp300548333-48] [RemoteDAO                     ] [@] Fetch item field "baseUrls" of item [861ff3c5-d1c1-4060-97b7-f5a2ce8584ad]
 26/03/24 07:43:47,229 INFO  [@qtp300548333-40] [RemoteDAO                     ] [guest@10.0.31.243] Fetch item field "applicationName" of item [861ff3c5-d1c1-4060-97b7-f5a2ce8584ad]
 26/03/24 07:43:47,241 INFO  [@qtp300548333-40] [RemoteDAO                     ] [guest@10.0.31.243] Fetch item field "applicationName" of item [0-0-0-0-0]
 26/03/24 07:43:47,252 INFO  [@qtp300548333-40] [RemoteDAO                     ] [guest@10.0.31.243] Fetch item field "applicationName" of item [8cf85d8f-05ec-42b5-9ecb-313645b7cc7c]
 26/03/24 07:43:47,263 INFO  [@qtp300548333-40] [RemoteDAO                     ] [guest@10.0.31.243] Fetch item field "applicationName" of item [43909114-a016-44df-9ebe-95de9313fa7c]
 26/03/24 07:43:47,273 INFO  [@qtp300548333-40] [RemoteDAO                     ] [guest@10.0.31.243] Fetch item field "key" of item [43909114-a016-44df-9ebe-95de9313fa7c]
 26/03/24 07:43:47,286 INFO  [@qtp300548333-40] [RemoteDAO                     ] [guest@10.0.31.243] Fetch item field "homeUrl" of item [43909114-a016-44df-9ebe-95de9313fa7c]
 26/03/24 07:43:47,763 INFO  [@al-scheduling-4] [RemoteDAO                     ] [system_user@@] Fetch item field "author" of item [229]
 26/03/24 07:43:53,824 INFO  [@user-action-1  ] [RemoteDAO                     ] [root@10.0.31.243] Fetch item field "guest" of item [1ec3e0b3-58d5-481e-bab9-14b521b204c7]
 26/03/24 07:43:53,843 INFO  [@user-action-1  ] [RemoteDAO                     ] [root@10.0.31.243] Fetch item field "login" of item [1ec3e0b3-58d5-481e-bab9-14b521b204c7]
 26/03/24 07:43:53,854 INFO  [@user-action-1  ] [RemoteDAO                     ] [root@10.0.31.243] Fetch item field "name" of item [1ec3e0b3-58d5-481e-bab9-14b521b204c7]
 26/03/24 07:43:53,865 INFO  [@user-action-1  ] [RemoteDAO                     ] [root@10.0.31.243] Fetch item field "banned" of item [1ec3e0b3-58d5-481e-bab9-14b521b204c7]
 26/03/24 07:43:53,875 INFO  [@user-action-1  ] [RemoteDAO                     ] [root@10.0.31.243] Fetch item field "banBadge" of item [1ec3e0b3-58d5-481e-bab9-14b521b204c7]
 26/03/24 07:43:53,886 INFO  [@user-action-1  ] [RemoteDAO                     ] [root@10.0.31.243] Fetch item field "allUsers" of item [dad3d013-6433-46a3-8feb-e1ac612f1e07]
 26/03/24 07:43:53,897 INFO  [@user-action-1  ] [RemoteDAO                     ] [root@10.0.31.243] Fetch item field "allUsers" of item [00ec29d2-59a6-46fa-9185-2b89a5b91487]
 26/03/24 07:43:53,913 INFO  [@user-action-1  ] [RemoteDAO                     ] [root@10.0.31.243] Fetch item field "favoriteProjects" of item [1ec3e0b3-58d5-481e-bab9-14b521b204c7]
 26/03/24 07:44:00,617 INFO  [@tp300548333-172] [RemoteDAO                     ] [root@10.0.31.243] Fetch item field "changes" of item [230]
 26/03/24 07:44:00,634 INFO  [@tp300548333-172] [RemoteDAO                     ] [root@10.0.31.243] Fetch item field "project" of item [9bc59093-89de-49c2-ac1e-a6f96d462098]
 26/03/24 07:44:00,743 INFO  [@tp300548333-172] [RemoteDAO                     ] [root@10.0.31.243] Fetch item field "changes" of item [231]
 26/03/24 07:44:01,634 INFO  [@t-user-action-3] [RemoteDAO                     ] [root@10.0.31.243] Fetch item field "data" of item [f65063c0-7154-4e10-a8f3-c447e742e9cd]
 26/03/24 07:44:01,653 INFO  [@t-user-action-3] [RemoteDAO                     ] [root@10.0.31.243] Fetch item field "data" of item [baac6544-4b87-4bb0-8b65-0a3ab62c89fe]
 26/03/24 07:44:02,184 INFO  [@t-user-action-3] [RemoteDAO                     ] [root@10.0.31.243] Fetch item field "targetPresentation" of item [233]
 26/03/24 07:44:02,194 INFO  [@t-user-action-3] [RemoteDAO                     ] [root@10.0.31.243] Fetch item field "authorType" of item [233]
 26/03/24 07:44:02,206 INFO  [@t-user-action-3] [RemoteDAO                     ] [root@10.0.31.243] Fetch item field "authorPresentation" of item [233]
 26/03/24 07:44:02,217 INFO  [@t-user-action-3] [RemoteDAO                     ] [root@10.0.31.243] Fetch item field "timestamp" of item [233]
 26/03/24 07:44:02,228 WARN  [@t-user-action-3] [RemoteAPI                     ] [root@10.0.31.243] Related data store for the event is not found. The event will be skipped:
	Target: UserDashboard 9e347260-cbcb-42f8-aae0-a2e438396c39
	Author: Service YouTrack
	Timestamp: java.util.GregorianCalendar[time=1711439041730,areFieldsSet=true,areAllFieldsSet=true,lenient=true,zone=sun.util.calendar.ZoneInfo[id="UTC",offset=0,dstSavings=0,useDaylight=false,transitions=0,lastRule=null],firstDayOfWeek=1,minimalDaysInFirstWeek=1,ERA=1,YEAR=2024,MONTH=2,WEEK_OF_YEAR=13,WEEK_OF_MONTH=5,DAY_OF_MONTH=26,DAY_OF_YEAR=86,DAY_OF_WEEK=3,DAY_OF_WEEK_IN_MONTH=4,AM_PM=0,HOUR=7,HOUR_OF_DAY=7,MINUTE=44,SECOND=1,MILLISECOND=730,ZONE_OFFSET=0,DST_OFFSET=0]

 26/03/24 07:44:02,294 INFO  [@t-user-action-3] [RemoteDAO                     ] [root@10.0.31.243] Fetch item field "changes" of item [235]
 26/03/24 07:44:02,312 INFO  [@t-user-action-3] [RemoteDAO                     ] [root@10.0.31.243] Fetch item field "changes" of item [236]
 26/03/24 07:44:02,328 INFO  [@t-user-action-3] [RemoteDAO                     ] [root@10.0.31.243] Fetch item field "changes" of item [246]
 26/03/24 07:44:02,342 INFO  [@t-user-action-3] [RemoteDAO                     ] [root@10.0.31.243] Fetch item field "changes" of item [239]
 26/03/24 07:44:02,355 INFO  [@t-user-action-3] [RemoteDAO                     ] [root@10.0.31.243] Fetch item field "changes" of item [245]
 26/03/24 07:44:02,369 INFO  [@t-user-action-3] [RemoteDAO                     ] [root@10.0.31.243] Fetch item field "archived" of item [0]
 26/03/24 07:44:02,727 INFO  [@t-user-action-3] [RemoteDAO                     ] [root@10.0.31.243] Failed to load fields [id,aliases,parent/id,teams/id,projectRoles/id,organizationRoles/id] of item [68743a67-05c9-4eb4-9a76-f4f43c88788f]
 26/03/24 07:44:02,775 INFO  [@al-scheduling-4] [RemoteDAO                     ] [system_user@@] Fetch item field "author" of item [230]
 26/03/24 07:44:02,788 INFO  [@al-scheduling-4] [RemoteDAO                     ] [system_user@@] Fetch item field "author" of item [231]
 26/03/24 07:44:02,811 INFO  [@al-scheduling-4] [RemoteDAO                     ] [system_user@@] Fetch item field "author" of item [235]
 26/03/24 07:44:02,820 INFO  [@al-scheduling-4] [RemoteDAO                     ] [system_user@@] Fetch item field "author" of item [236]
 26/03/24 07:44:02,832 INFO  [@al-scheduling-4] [RemoteDAO                     ] [system_user@@] Fetch item field "author" of item [237]
 26/03/24 07:44:02,843 INFO  [@al-scheduling-4] [RemoteDAO                     ] [system_user@@] Fetch item field "author" of item [239]
 26/03/24 07:44:02,854 INFO  [@al-scheduling-4] [RemoteDAO                     ] [system_user@@] Fetch item field "author" of item [240]
 26/03/24 07:44:02,880 INFO  [@al-scheduling-4] [RemoteDAO                     ] [system_user@@] Fetch item field "author" of item [242]
 26/03/24 07:44:02,893 INFO  [@al-scheduling-4] [RemoteDAO                     ] [system_user@@] Fetch item field "author" of item [245]
 26/03/24 07:44:02,913 INFO  [@al-scheduling-4] [RemoteDAO                     ] [@] Fetch item field "transitiveGroups" of item [1ec3e0b3-58d5-481e-bab9-14b521b204c7]
 26/03/24 07:44:47,483 INFO  [@tp300548333-172] [RemoteDAO                     ] [root@10.0.31.243] Fetch item field "changes" of item [254]
 26/03/24 07:44:47,498 INFO  [@tp300548333-172] [RemoteDAO                     ] [root@10.0.31.243] Fetch item field "changes" of item [257]
 26/03/24 07:44:47,509 INFO  [@tp300548333-172] [RemoteDAO                     ] [root@10.0.31.243] Fetch item field "changes" of item [259]
 26/03/24 07:44:47,520 INFO  [@tp300548333-172] [RemoteDAO                     ] [root@10.0.31.243] Fetch item field "changes" of item [258]
 26/03/24 07:44:47,530 INFO  [@tp300548333-172] [RemoteDAO                     ] [root@10.0.31.243] Fetch item field "archived" of item [0]
 26/03/24 07:44:47,539 INFO  [@tp300548333-172] [RemoteDAO                     ] [root@10.0.31.243] Fetch item field "archived" of item [e26c3bec-ac44-42dc-a7ea-fafa188d8853]
 26/03/24 07:44:47,699 INFO  [@tp300548333-172] [RemoteDAO                     ] [root@10.0.31.243] Fetch item field "changes" of item [262]
 26/03/24 07:44:47,709 INFO  [@tp300548333-172] [RemoteDAO                     ] [root@10.0.31.243] Fetch item field "project" of item [0d4adcaa-59e3-453c-84e1-7460fc95024f]
 26/03/24 07:44:47,760 INFO  [@al-scheduling-3] [RemoteDAO                     ] [system_user@@] Fetch item field "author" of item [248]
 26/03/24 07:44:47,770 INFO  [@tp300548333-172] [RemoteDAO                     ] [root@10.0.31.243] Fetch item field "changes" of item [263]
 26/03/24 07:44:47,782 INFO  [@al-scheduling-3] [RemoteDAO                     ] [system_user@@] Fetch item field "author" of item [250]
 26/03/24 07:44:47,792 INFO  [@al-scheduling-3] [RemoteDAO                     ] [system_user@@] Fetch item field "author" of item [254]
 26/03/24 07:44:47,954 INFO  [@al-scheduling-3] [RemoteDAO                     ] [system_user@@] Fetch item field "author" of item [256]
 26/03/24 07:44:47,967 INFO  [@al-scheduling-3] [RemoteDAO                     ] [system_user@@] Fetch item field "author" of item [257]
 26/03/24 07:44:47,978 INFO  [@al-scheduling-3] [RemoteDAO                     ] [system_user@@] Fetch item field "author" of item [258]
 26/03/24 07:44:47,999 INFO  [@al-scheduling-3] [RemoteDAO                     ] [system_user@@] Fetch item field "author" of item [262]
 26/03/24 07:44:48,034 INFO  [@al-scheduling-3] [RemoteDAO                     ] [system_user@@] Fetch item field "team" of item [e26c3bec-ac44-42dc-a7ea-fafa188d8853]
 26/03/24 07:44:48,075 INFO  [@al-scheduling-3] [RemoteDAO                     ] [system_user@@] Fetch item field "author" of item [263]
 26/03/24 07:44:48,089 INFO  [@al-scheduling-3] [RemoteDAO                     ] [system_user@@] Fetch item field "archived" of item [e26c3bec-ac44-42dc-a7ea-fafa188d8853]
 26/03/24 07:44:48,099 INFO  [@al-scheduling-3] [RemoteDAO                     ] [system_user@@] Fetch item field "icon" of item [e26c3bec-ac44-42dc-a7ea-fafa188d8853]
 26/03/24 07:44:48,110 INFO  [@al-scheduling-3] [RemoteDAO                     ] [system_user@@] Fetch item field "description" of item [e26c3bec-ac44-42dc-a7ea-fafa188d8853]
 26/03/24 07:44:48,121 INFO  [@al-scheduling-3] [RemoteDAO                     ] [system_user@@] Fetch item field "global" of item [e26c3bec-ac44-42dc-a7ea-fafa188d8853]
 26/03/24 07:44:48,149 INFO  [@al-scheduling-3] [RemoteDAO                     ] [@] Fetch item field "transitiveGroups" of item [1ec3e0b3-58d5-481e-bab9-14b521b204c7]
 26/03/24 07:44:49,170 INFO  [@tp300548333-131] [RemoteDAO                     ] [root@10.0.31.243] Fetch item field "iconUrl" of item [e26c3bec-ac44-42dc-a7ea-fafa188d8853]
 26/03/24 07:45:00,430 INFO  [@qtp300548333-42] [RemoteDAO                     ] [root@10.0.31.243] Failed to load fields [id,key,aliases] of item [e26c3bec-ac44-42dc-a7ea-fafa188d8853]
 26/03/24 07:45:00,515 INFO  [@qtp300548333-38] [RemoteDAO                     ] [root@10.0.31.243] Failed to load fields [id,key,aliases] of item [e26c3bec-ac44-42dc-a7ea-fafa188d8853]
 26/03/24 07:45:03,240 INFO  [@qtp300548333-38] [RemoteDAO                     ] [root@10.0.31.243] Failed to load fields [id,key,aliases] of item [001]
 26/03/24 07:45:03,272 INFO  [@qtp300548333-42] [RemoteDAO                     ] [root@10.0.31.243] Failed to load fields [id,key,aliases] of item [e26c3bec-ac44-42dc-a7ea-fafa188d8853]
 26/03/24 07:45:19,987 INFO  [@tp300548333-162] [RemoteDAO                     ] [root@10.0.31.243] Failed to load fields [id,key,aliases] of item [e26c3bec-ac44-42dc-a7ea-fafa188d8853]
 26/03/24 07:45:19,996 INFO  [@qtp300548333-41] [RemoteDAO                     ] [root@10.0.31.243] Failed to load fields [id,key,aliases] of item [001]
 26/03/24 07:45:32,139 INFO  [@qtp300548333-40] [RemoteDAO                     ] [guest@10.0.31.243] Fetch item field "applicationName" of item [861ff3c5-d1c1-4060-97b7-f5a2ce8584ad]
 26/03/24 07:46:44,750 INFO  [@al-scheduling-2] [RemoteDAO                     ] [system_user@@] Fetch item field "author" of item [264]
 26/03/24 07:46:44,792 INFO  [@al-scheduling-2] [RemoteDAO                     ] [@] Fetch item field "transitiveGroups" of item [35b58718-2502-4296-8ffc-0e0d8bcd5413]
 26/03/24 07:47:56,745 INFO  [@al-scheduling-3] [RemoteDAO                     ] [system_user@@] Fetch item field "author" of item [266]
 26/03/24 07:47:56,791 INFO  [@al-scheduling-3] [RemoteDAO                     ] [@] Fetch item field "transitiveGroups" of item [55ff2bc8-540f-4743-bf36-3a4a253b159a]
 26/03/24 07:49:23,788 INFO  [@al-scheduling-3] [RemoteDAO                     ] [system_user@@] Fetch item field "author" of item [268]
 26/03/24 07:49:23,856 INFO  [@al-scheduling-3] [RemoteDAO                     ] [@] Fetch item field "transitiveGroups" of item [a3f271ca-82b2-43e2-9dfc-dc0d509662aa]
 26/03/24 07:49:29,776 INFO  [@al-scheduling-2] [RemoteDAO                     ] [Hub Event Sync User@] Fetch item field "targetPresentation" of item [271]
 26/03/24 07:49:29,786 INFO  [@al-scheduling-2] [RemoteDAO                     ] [Hub Event Sync User@] Fetch item field "authorType" of item [271]
 26/03/24 07:49:29,793 INFO  [@al-scheduling-2] [RemoteDAO                     ] [Hub Event Sync User@] Fetch item field "authorPresentation" of item [271]
 26/03/24 07:49:29,799 INFO  [@al-scheduling-2] [RemoteDAO                     ] [Hub Event Sync User@] Fetch item field "timestamp" of item [271]
 26/03/24 07:49:29,805 WARN  [@al-scheduling-2] [RemoteAPI                     ] [Hub Event Sync User@] Related data store for the event is not found. The event will be skipped:
	Target: UserDashboard 8be23d96-5503-42ed-b453-135010e42ffb
	Author: User  
	Timestamp: java.util.GregorianCalendar[time=1711439366738,areFieldsSet=true,areAllFieldsSet=true,lenient=true,zone=sun.util.calendar.ZoneInfo[id="UTC",offset=0,dstSavings=0,useDaylight=false,transitions=0,lastRule=null],firstDayOfWeek=1,minimalDaysInFirstWeek=1,ERA=1,YEAR=2024,MONTH=2,WEEK_OF_YEAR=13,WEEK_OF_MONTH=5,DAY_OF_MONTH=26,DAY_OF_YEAR=86,DAY_OF_WEEK=3,DAY_OF_WEEK_IN_MONTH=4,AM_PM=0,HOUR=7,HOUR_OF_DAY=7,MINUTE=49,SECOND=26,MILLISECOND=738,ZONE_OFFSET=0,DST_OFFSET=0]

 26/03/24 07:50:41,746 INFO  [@al-scheduling-2] [RemoteDAO                     ] [system_user@@] Fetch item field "author" of item [272]
 26/03/24 07:50:41,779 INFO  [@al-scheduling-2] [RemoteDAO                     ] [@] Fetch item field "transitiveGroups" of item [57178da0-5168-46d8-ac1e-55d1fe02298e]
 26/03/24 07:51:29,770 INFO  [@al-scheduling-1] [RemoteDAO                     ] [Hub Event Sync User@] Fetch item field "changes" of item [275]
 26/03/24 07:51:29,778 INFO  [@al-scheduling-1] [RemoteDAO                     ] [Hub Event Sync User@] Fetch item field "archived" of item [e26c3bec-ac44-42dc-a7ea-fafa188d8853]
 26/03/24 07:51:29,791 INFO  [@al-scheduling-1] [RemoteDAO                     ] [system_user@@] Fetch item field "author" of item [274]
 26/03/24 07:51:29,844 INFO  [@al-scheduling-1] [RemoteDAO                     ] [system_user@@] Fetch item field "author" of item [275]
 26/03/24 07:51:29,851 INFO  [@al-scheduling-1] [RemoteDAO                     ] [system_user@@] Fetch item field "icon" of item [e26c3bec-ac44-42dc-a7ea-fafa188d8853]
 26/03/24 07:51:29,859 INFO  [@al-scheduling-1] [RemoteDAO                     ] [system_user@@] Fetch item field "description" of item [e26c3bec-ac44-42dc-a7ea-fafa188d8853]
 26/03/24 07:51:29,865 INFO  [@al-scheduling-1] [RemoteDAO                     ] [system_user@@] Fetch item field "global" of item [e26c3bec-ac44-42dc-a7ea-fafa188d8853]
 26/03/24 07:51:53,824 INFO  [@al-scheduling-2] [RemoteDAO                     ] [Hub Event Sync User@] Fetch item field "changes" of item [277]
 26/03/24 07:51:53,834 INFO  [@al-scheduling-2] [RemoteDAO                     ] [Hub Event Sync User@] Fetch item field "changes" of item [279]
 26/03/24 07:51:53,842 INFO  [@al-scheduling-2] [RemoteDAO                     ] [Hub Event Sync User@] Fetch item field "changes" of item [281]
 26/03/24 07:51:53,850 INFO  [@al-scheduling-2] [RemoteDAO                     ] [Hub Event Sync User@] Fetch item field "changes" of item [283]
 26/03/24 07:51:53,863 INFO  [@al-scheduling-2] [RemoteDAO                     ] [system_user@@] Fetch item field "author" of item [277]
 26/03/24 07:51:53,891 INFO  [@al-scheduling-2] [RemoteDAO                     ] [system_user@@] Fetch item field "author" of item [279]
 26/03/24 07:51:53,922 INFO  [@al-scheduling-2] [RemoteDAO                     ] [system_user@@] Fetch item field "author" of item [281]
 26/03/24 07:51:53,951 INFO  [@al-scheduling-2] [RemoteDAO                     ] [system_user@@] Fetch item field "author" of item [283]
 26/03/24 07:51:53,987 INFO  [@al-scheduling-2] [RemoteDAO                     ] [@] Fetch item field "projects" of item [e2361ec4-ba5a-47b2-8a11-b661b5207ccc]
 26/03/24 07:51:53,998 INFO  [@al-scheduling-2] [RemoteDAO                     ] [@] Fetch item field "transitiveGroups" of item [35b58718-2502-4296-8ffc-0e0d8bcd5413]
 26/03/24 07:53:41,797 INFO  [@al-scheduling-3] [RemoteDAO                     ] [Hub Event Sync User@] Fetch item field "changes" of item [284]
 26/03/24 07:53:41,806 INFO  [@al-scheduling-3] [RemoteDAO                     ] [Hub Event Sync User@] Fetch item field "changes" of item [286]
 26/03/24 07:53:41,823 INFO  [@al-scheduling-3] [RemoteDAO                     ] [Hub Event Sync User@] Fetch item field "changes" of item [288]
 26/03/24 07:53:41,831 INFO  [@al-scheduling-3] [RemoteDAO                     ] [Hub Event Sync User@] Fetch item field "changes" of item [290]
 26/03/24 07:53:41,851 INFO  [@al-scheduling-3] [RemoteDAO                     ] [system_user@@] Fetch item field "author" of item [284]
 26/03/24 07:53:41,881 INFO  [@al-scheduling-3] [RemoteDAO                     ] [system_user@@] Fetch item field "author" of item [286]
 26/03/24 07:53:41,912 INFO  [@al-scheduling-3] [RemoteDAO                     ] [system_user@@] Fetch item field "author" of item [288]
 26/03/24 07:53:41,938 INFO  [@al-scheduling-3] [RemoteDAO                     ] [system_user@@] Fetch item field "author" of item [290]
 26/03/24 07:53:41,968 INFO  [@al-scheduling-3] [RemoteDAO                     ] [@] Fetch item field "transitiveGroups" of item [55ff2bc8-540f-4743-bf36-3a4a253b159a]
 26/03/24 07:54:05,804 INFO  [@al-scheduling-4] [RemoteDAO                     ] [Hub Event Sync User@] Fetch item field "changes" of item [293]
 26/03/24 07:54:05,812 INFO  [@al-scheduling-4] [RemoteDAO                     ] [Hub Event Sync User@] Fetch item field "changes" of item [295]
 26/03/24 07:54:05,820 INFO  [@al-scheduling-4] [RemoteDAO                     ] [Hub Event Sync User@] Fetch item field "changes" of item [297]
 26/03/24 07:54:05,832 INFO  [@al-scheduling-4] [RemoteDAO                     ] [system_user@@] Fetch item field "author" of item [293]
 26/03/24 07:54:05,861 INFO  [@al-scheduling-4] [RemoteDAO                     ] [system_user@@] Fetch item field "author" of item [295]
 26/03/24 07:54:05,889 INFO  [@al-scheduling-4] [RemoteDAO                     ] [system_user@@] Fetch item field "author" of item [297]
 26/03/24 07:54:05,921 INFO  [@al-scheduling-4] [RemoteDAO                     ] [@] Fetch item field "transitiveGroups" of item [35b58718-2502-4296-8ffc-0e0d8bcd5413]
 26/03/24 07:54:23,769 INFO  [@al-scheduling-3] [RemoteDAO                     ] [Hub Event Sync User@] Fetch item field "changes" of item [299]
 26/03/24 07:54:23,781 INFO  [@al-scheduling-3] [RemoteDAO                     ] [system_user@@] Fetch item field "author" of item [299]
 26/03/24 07:54:23,813 INFO  [@al-scheduling-3] [RemoteDAO                     ] [@] Fetch item field "transitiveGroups" of item [a3f271ca-82b2-43e2-9dfc-dc0d509662aa]
 26/03/24 07:54:40,737 INFO  [@tp300548333-185] [RemoteDAO                     ] [root@10.0.31.243] Fetch item field "iconUrl" of item [e26c3bec-ac44-42dc-a7ea-fafa188d8853]
 26/03/24 07:55:06,937 INFO  [@qtp300548333-48] [RemoteDAO                     ] [root@10.0.31.243] Fetch item field "changes" of item [306]
 26/03/24 07:55:06,948 INFO  [@qtp300548333-48] [RemoteDAO                     ] [root@10.0.31.243] Fetch item field "changes" of item [307]
 26/03/24 07:55:06,955 INFO  [@qtp300548333-48] [RemoteDAO                     ] [root@10.0.31.243] Fetch item field "changes" of item [310]
 26/03/24 07:55:06,962 INFO  [@qtp300548333-48] [RemoteDAO                     ] [root@10.0.31.243] Fetch item field "changes" of item [312]
 26/03/24 07:55:06,970 INFO  [@qtp300548333-48] [RemoteDAO                     ] [root@10.0.31.243] Fetch item field "changes" of item [311]
 26/03/24 07:55:06,977 INFO  [@qtp300548333-48] [RemoteDAO                     ] [root@10.0.31.243] Fetch item field "archived" of item [0]
 26/03/24 07:55:06,983 INFO  [@qtp300548333-48] [RemoteDAO                     ] [root@10.0.31.243] Fetch item field "archived" of item [1a0cb7b8-32a4-4ed2-9c03-47c2e4b38984]
 26/03/24 07:55:07,996 INFO  [@qtp300548333-48] [RemoteDAO                     ] [root@10.0.31.243] Fetch item field "changes" of item [315]
 26/03/24 07:55:08,004 INFO  [@qtp300548333-48] [RemoteDAO                     ] [root@10.0.31.243] Fetch item field "project" of item [f6a061c8-ff2f-4936-a1b8-43ad3cff2dff]
 26/03/24 07:55:08,086 INFO  [@qtp300548333-48] [RemoteDAO                     ] [root@10.0.31.243] Fetch item field "changes" of item [317]
 26/03/24 07:55:08,097 INFO  [@qtp300548333-48] [RemoteDAO                     ] [root@10.0.31.243] Fetch item field "archived" of item [1a0cb7b8-32a4-4ed2-9c03-47c2e4b38984]
 26/03/24 07:55:08,195 INFO  [@qtp300548333-48] [RemoteDAO                     ] [root@10.0.31.243] Fetch item field "iconUrl" of item [1a0cb7b8-32a4-4ed2-9c03-47c2e4b38984]
 26/03/24 07:55:08,371 INFO  [@qtp300548333-40] [RemoteDAO                     ] [guest@10.0.31.243] Fetch item field "applicationName" of item [861ff3c5-d1c1-4060-97b7-f5a2ce8584ad]
 26/03/24 07:55:08,749 INFO  [@al-scheduling-3] [RemoteDAO                     ] [system_user@@] Fetch item field "author" of item [300]
 26/03/24 07:55:08,757 INFO  [@al-scheduling-3] [RemoteDAO                     ] [system_user@@] Fetch item field "author" of item [302]
 26/03/24 07:55:08,764 INFO  [@al-scheduling-3] [RemoteDAO                     ] [system_user@@] Fetch item field "author" of item [306]
 26/03/24 07:55:08,808 INFO  [@al-scheduling-3] [RemoteDAO                     ] [system_user@@] Fetch item field "author" of item [307]
 26/03/24 07:55:08,845 INFO  [@al-scheduling-3] [RemoteDAO                     ] [system_user@@] Fetch item field "author" of item [309]
 26/03/24 07:55:08,853 INFO  [@al-scheduling-3] [RemoteDAO                     ] [system_user@@] Fetch item field "author" of item [310]
 26/03/24 07:55:08,860 INFO  [@al-scheduling-3] [RemoteDAO                     ] [system_user@@] Fetch item field "author" of item [311]
 26/03/24 07:55:08,866 INFO  [@al-scheduling-3] [RemoteDAO                     ] [system_user@@] Fetch item field "author" of item [315]
 26/03/24 07:55:08,881 INFO  [@al-scheduling-3] [RemoteDAO                     ] [system_user@@] Fetch item field "team" of item [1a0cb7b8-32a4-4ed2-9c03-47c2e4b38984]
 26/03/24 07:55:08,902 INFO  [@al-scheduling-3] [RemoteDAO                     ] [system_user@@] Fetch item field "author" of item [317]
 26/03/24 07:55:08,909 INFO  [@al-scheduling-3] [RemoteDAO                     ] [system_user@@] Fetch item field "icon" of item [1a0cb7b8-32a4-4ed2-9c03-47c2e4b38984]
 26/03/24 07:55:08,917 INFO  [@al-scheduling-3] [RemoteDAO                     ] [system_user@@] Fetch item field "description" of item [1a0cb7b8-32a4-4ed2-9c03-47c2e4b38984]
 26/03/24 07:55:08,923 INFO  [@al-scheduling-3] [RemoteDAO                     ] [system_user@@] Fetch item field "global" of item [1a0cb7b8-32a4-4ed2-9c03-47c2e4b38984]
 26/03/24 07:55:08,936 INFO  [@al-scheduling-3] [RemoteDAO                     ] [@] Fetch item field "transitiveGroups" of item [1ec3e0b3-58d5-481e-bab9-14b521b204c7]
 26/03/24 07:55:08,946 INFO  [@al-scheduling-3] [RemoteDAO                     ] [@] Fetch item field "projects" of item [e2361ec4-ba5a-47b2-8a11-b661b5207ccc]
 26/03/24 07:56:38,763 INFO  [@al-scheduling-2] [RemoteDAO                     ] [Hub Event Sync User@] Fetch item field "targetPresentation" of item [319]
 26/03/24 07:56:38,770 INFO  [@al-scheduling-2] [RemoteDAO                     ] [Hub Event Sync User@] Fetch item field "authorType" of item [319]
 26/03/24 07:56:38,777 INFO  [@al-scheduling-2] [RemoteDAO                     ] [Hub Event Sync User@] Fetch item field "authorPresentation" of item [319]
 26/03/24 07:56:38,784 INFO  [@al-scheduling-2] [RemoteDAO                     ] [Hub Event Sync User@] Fetch item field "timestamp" of item [319]
 26/03/24 07:56:38,790 WARN  [@al-scheduling-2] [RemoteAPI                     ] [Hub Event Sync User@] Related data store for the event is not found. The event will be skipped:
	Target: UserDashboard 74bf97f7-421d-44c4-9f01-ea2616caa9f3
	Author: User root
	Timestamp: java.util.GregorianCalendar[time=1711439793274,areFieldsSet=true,areAllFieldsSet=true,lenient=true,zone=sun.util.calendar.ZoneInfo[id="UTC",offset=0,dstSavings=0,useDaylight=false,transitions=0,lastRule=null],firstDayOfWeek=1,minimalDaysInFirstWeek=1,ERA=1,YEAR=2024,MONTH=2,WEEK_OF_YEAR=13,WEEK_OF_MONTH=5,DAY_OF_MONTH=26,DAY_OF_YEAR=86,DAY_OF_WEEK=3,DAY_OF_WEEK_IN_MONTH=4,AM_PM=0,HOUR=7,HOUR_OF_DAY=7,MINUTE=56,SECOND=33,MILLISECOND=274,ZONE_OFFSET=0,DST_OFFSET=0]

 26/03/24 08:27:49,912 INFO  [@qtp300548333-48] [RemoteDAO                     ] [root@10.0.31.243] Failed to load fields [id,key,aliases] of item [e26c3bec-ac44-42dc-a7ea-fafa188d8853]
 26/03/24 08:27:49,958 INFO  [@qtp300548333-40] [RemoteDAO                     ] [root@10.0.31.243] Failed to load fields [id,key,aliases] of item [e26c3bec-ac44-42dc-a7ea-fafa188d8853]
 26/03/24 09:09:44,768 INFO  [@al-scheduling-2] [RemoteDAO                     ] [Hub Event Sync User@] Fetch item field "targetPresentation" of item [321]
 26/03/24 09:09:44,774 INFO  [@al-scheduling-2] [RemoteDAO                     ] [Hub Event Sync User@] Fetch item field "authorType" of item [321]
 26/03/24 09:09:44,780 INFO  [@al-scheduling-2] [RemoteDAO                     ] [Hub Event Sync User@] Fetch item field "authorPresentation" of item [321]
 26/03/24 09:09:44,784 INFO  [@al-scheduling-2] [RemoteDAO                     ] [Hub Event Sync User@] Fetch item field "timestamp" of item [321]
 26/03/24 09:09:44,789 WARN  [@al-scheduling-2] [RemoteAPI                     ] [Hub Event Sync User@] Related data store for the event is not found. The event will be skipped:
	Target: UserDashboard 0abd560d-ba17-45c4-ba36-1fcb74cbc1f5
	Author: User  
	Timestamp: java.util.GregorianCalendar[time=1711444181927,areFieldsSet=true,areAllFieldsSet=true,lenient=true,zone=sun.util.calendar.ZoneInfo[id="UTC",offset=0,dstSavings=0,useDaylight=false,transitions=0,lastRule=null],firstDayOfWeek=1,minimalDaysInFirstWeek=1,ERA=1,YEAR=2024,MONTH=2,WEEK_OF_YEAR=13,WEEK_OF_MONTH=5,DAY_OF_MONTH=26,DAY_OF_YEAR=86,DAY_OF_WEEK=3,DAY_OF_WEEK_IN_MONTH=4,AM_PM=0,HOUR=9,HOUR_OF_DAY=9,MINUTE=9,SECOND=41,MILLISECOND=927,ZONE_OFFSET=0,DST_OFFSET=0]

 26/03/24 09:40:29,082 INFO  [@tp300548333-587] [RemoteDAO                     ] [root@10.0.31.243] Failed to load fields [id,key,aliases] of item [e26c3bec-ac44-42dc-a7ea-fafa188d8853]
 26/03/24 09:40:29,123 INFO  [@tp300548333-499] [RemoteDAO                     ] [root@10.0.31.243] Failed to load fields [id,key,aliases] of item [e26c3bec-ac44-42dc-a7ea-fafa188d8853]
 26/03/24 09:40:38,757 INFO  [@al-scheduling-1] [RemoteDAO                     ] [Hub Event Sync User@] Fetch item field "changes" of item [322]
 26/03/24 09:40:38,768 INFO  [@al-scheduling-1] [RemoteDAO                     ] [system_user@@] Fetch item field "author" of item [322]
 26/03/24 09:40:38,774 INFO  [@al-scheduling-1] [RemoteDAO                     ] [system_user@@] Fetch item field "archived" of item [e26c3bec-ac44-42dc-a7ea-fafa188d8853]
 26/03/24 09:40:38,778 INFO  [@al-scheduling-1] [RemoteDAO                     ] [system_user@@] Fetch item field "icon" of item [e26c3bec-ac44-42dc-a7ea-fafa188d8853]
 26/03/24 09:40:38,786 INFO  [@al-scheduling-1] [RemoteDAO                     ] [system_user@@] Fetch item field "description" of item [e26c3bec-ac44-42dc-a7ea-fafa188d8853]
 26/03/24 09:40:38,790 INFO  [@al-scheduling-1] [RemoteDAO                     ] [system_user@@] Fetch item field "global" of item [e26c3bec-ac44-42dc-a7ea-fafa188d8853]
 26/03/24 09:40:44,754 INFO  [@al-scheduling-4] [RemoteDAO                     ] [Hub Event Sync User@] Fetch item field "changes" of item [323]
 26/03/24 09:40:44,762 INFO  [@al-scheduling-4] [RemoteDAO                     ] [system_user@@] Fetch item field "author" of item [323]
 26/03/24 09:40:44,768 INFO  [@al-scheduling-4] [RemoteDAO                     ] [system_user@@] Fetch item field "archived" of item [e26c3bec-ac44-42dc-a7ea-fafa188d8853]
 26/03/24 09:40:44,772 INFO  [@al-scheduling-4] [RemoteDAO                     ] [system_user@@] Fetch item field "icon" of item [e26c3bec-ac44-42dc-a7ea-fafa188d8853]
 26/03/24 09:40:44,778 INFO  [@al-scheduling-4] [RemoteDAO                     ] [system_user@@] Fetch item field "description" of item [e26c3bec-ac44-42dc-a7ea-fafa188d8853]
 26/03/24 09:40:44,783 INFO  [@al-scheduling-4] [RemoteDAO                     ] [system_user@@] Fetch item field "global" of item [e26c3bec-ac44-42dc-a7ea-fafa188d8853]
 