[2024-03-26 07:37:44,598]  DEBUG - ard.WizardConfiguredProperties - Wizard has not been run yet. The file [/opt/youtrack/conf/internal/wizard-configured.properties] does not exist 
[2024-03-26 07:37:44,604]  DEBUG - ard.WizardConfiguredProperties - Wizard has not been run yet. The file [/opt/youtrack/conf/internal/wizard-configured.properties] does not exist 
[2024-03-26 07:37:44,612]  DEBUG - brains.bundle.ServiceDiscovery - Looking for services in /opt/youtrack/apps 
[2024-03-26 07:37:44,612]  DEBUG - brains.bundle.ServiceDiscovery - Found service descriptor /opt/youtrack/apps/hub 
[2024-03-26 07:37:44,628]  DEBUG - brains.bundle.ServiceDiscovery - Found service descriptor /opt/youtrack/apps/youtrack 
[2024-03-26 07:37:44,720]  DEBUG - ard.WizardConfiguredProperties - Wizard has not been run yet. The file [/opt/youtrack/conf/internal/wizard-configured.properties] does not exist 
[2024-03-26 07:37:44,739]   INFO -                 bundle.startup - Configuring Service-Container[bundleProcess] 
[2024-03-26 07:37:44,750]   INFO -                 bundle.startup - Configuring Bundle Backend Service 
[2024-03-26 07:37:44,755]   INFO -                 bundle.startup - Configuring Configuration Wizard 
[2024-03-26 07:37:44,785]   INFO -                 bundle.startup - Starting Service-Container[bundleProcess] 
[2024-03-26 07:37:44,786]  DEBUG - .bundle.Services$StartingState - Set status [STARTING] for service [bundleProcess] 
[2024-03-26 07:37:44,789]  DEBUG - g.JavaUtilLoggingToSlf4jBridge - [class com.jetbrains.service.util.logging.SLF4JBridgePerContextClassLoaderHandler] has already bean installed 
[2024-03-26 07:37:44,824]   INFO -     org.eclipse.jetty.util.log - Logging initialized @4199ms to org.eclipse.jetty.util.log.Slf4jLog 
[2024-03-26 07:37:45,054]   INFO - rg.eclipse.jetty.server.Server - jetty-9.4.49.v20220914; built: 2022-09-14T01:07:36.601Z; git: 4231a3b2e4cb8548a412a789936d640a97b1aa0a; jvm 21.0.1+12-LTS 
[2024-03-26 07:37:45,181]   INFO - .server.handler.ContextHandler - Started o.e.j.s.ServletContextHandler@61b90342{/bundle/starting,null,AVAILABLE} 
[2024-03-26 07:37:45,185]   INFO - .server.handler.ContextHandler - Started c.j.b.p.j.@7a03f8fe{/,file:///opt/youtrack/internal/error_pages/,AVAILABLE} 
[2024-03-26 07:37:45,244]   INFO - jetty.server.AbstractConnector - Started ServerConnector@22494f38{HTTP/1.1, (http/1.1)}{0.0.0.0:8080} 
[2024-03-26 07:37:45,245]   INFO - rg.eclipse.jetty.server.Server - Started @4623ms 
[2024-03-26 07:37:45,251]  DEBUG - .bundle.Services$StartingState - Set status [RUNNING] for service [bundleProcess] 
[2024-03-26 07:37:45,251]   INFO -                 bundle.startup - Starting Bundle Backend Service 
[2024-03-26 07:37:45,252]  DEBUG - .bundle.Services$StartingState - Set status [STARTING] for service [bundleBackend] 
[2024-03-26 07:37:46,449]   INFO - ations.AnnotationConfiguration - Scanning elapsed time=834ms 
[2024-03-26 07:37:46,745]   INFO - .ContextHandler.bundle_backend - 1 Spring WebApplicationInitializers detected on classpath 
[2024-03-26 07:37:46,752]  DEBUG - onfig.BundleBackendInitializer - No ContextLoaderListener registered, as createRootApplicationContext() did not return an application context 
[2024-03-26 07:37:46,814]   INFO - g.eclipse.jetty.server.session - DefaultSessionIdManager workerName=node0 
[2024-03-26 07:37:46,815]   INFO - g.eclipse.jetty.server.session - No SessionScavenger set, using defaults 
[2024-03-26 07:37:46,818]   INFO - g.eclipse.jetty.server.session - node0 Scavenging every 660000ms 
[2024-03-26 07:37:46,882]   INFO - .ContextHandler.bundle_backend - Initializing Spring DispatcherServlet 'BundleBackendServletDispatcher' 
[2024-03-26 07:37:46,883]   INFO - .web.servlet.DispatcherServlet - Initializing Servlet 'BundleBackendServletDispatcher' 
[2024-03-26 07:37:48,514]  DEBUG - ervlet.HandlerMapping.Mappings - 
	c.j.b.b.r.ClientCertificateAuthSettingsController:
	{POST [/certificateAuth], produces [application/json]}: updateCertificateAuthSettings(CertificateAuthSettingsJSON,String,String)
	{GET [/certificateAuth], produces [application/json]}: getCertificateAuthSettings(String,String) 
[2024-03-26 07:37:48,525]  DEBUG - ervlet.HandlerMapping.Mappings - 
	c.j.b.b.r.PropertiesController:
	{POST [/settings], produces [application/json]}: updateProperty(UpdatePropertiesRequest,String,String)
	{POST [/settings/candidate], produces [application/json]}: validateProperty(PropertyJSON,String,String)
	{GET [/settings/{propertyName}], produces [application/json]}: getProperty(String,String,String) 
[2024-03-26 07:37:48,529]  DEBUG - ervlet.HandlerMapping.Mappings - 
	c.j.b.b.r.StatusController:
	{GET [/bundleBackendStatus]}: getStatus() 
[2024-03-26 07:37:48,532]  DEBUG - ervlet.HandlerMapping.Mappings - 
	c.j.b.b.r.ProductStateController:
	{GET [/state], produces [application/json]}: getProductStateInfo(String,HttpServletRequest)
	{GET [/state/started], produces [application/json]}: getProductStarted() 
[2024-03-26 07:37:48,588]  DEBUG - ervlet.HandlerMapping.Mappings - 'beanNameHandlerMapping' {} 
[2024-03-26 07:37:50,715]   INFO - .web.servlet.DispatcherServlet - Completed initialization in 3831 ms 
[2024-03-26 07:37:50,728]   INFO - .server.handler.ContextHandler - Started o.e.j.w.WebAppContext@1d4a5c6d{/bundle/backend,file:///opt/youtrack/internal/bundle_common/,AVAILABLE} 
[2024-03-26 07:37:50,733]  DEBUG - .bundle.Services$StartingState - Set status [RUNNING] for service [bundleBackend] 
[2024-03-26 07:37:50,734]   INFO -                 bundle.startup - Starting Configuration Wizard 
[2024-03-26 07:37:50,735]   INFO -                 bundle.startup - JetBrains YouTrack 2024.1 Configuration Wizard will listen inside container on {0.0.0.0:8080}/ after start and can be accessed by URL [http://<put-your-docker-HOST-name-here>:<put-host-port-mapped-to-container-port-8080-here>//?wizard_token=6hAgkVUuOkDhNIlBHeR8] 
[2024-03-26 07:37:50,736]  DEBUG - .bundle.Services$StartingState - Set status [STARTING] for service [configurationWizard] 
[2024-03-26 07:37:52,270]   INFO -                 bundle.startup - Stopping Configuration Wizard 
[2024-03-26 07:37:52,270]  DEBUG - .bundle.Services$StartingState - Set status [SHUTTING_DOWN] for service [configurationWizard] 
[2024-03-26 07:37:52,271]  DEBUG - .bundle.Services$StartingState - Service configurationWizard is starting, shut down should wait until starting finished 
[2024-03-26 07:37:52,271]  DEBUG -  com.jetbrains.bundle.Services - Can not set status [SHUTTING_DOWN] to service [configurationWizard] due to error: Service configurationWizard is starting, shut down should wait until starting finished 
[2024-03-26 07:37:52,472]  DEBUG - .bundle.Services$StartingState - Set status [SHUTTING_DOWN] for service [configurationWizard] 
[2024-03-26 07:37:52,472]  DEBUG - .bundle.Services$StartingState - Service configurationWizard is starting, shut down should wait until starting finished 
[2024-03-26 07:37:52,473]  DEBUG -  com.jetbrains.bundle.Services - Can not set status [SHUTTING_DOWN] to service [configurationWizard] due to error: Service configurationWizard is starting, shut down should wait until starting finished 
[2024-03-26 07:37:52,680]  DEBUG - .bundle.Services$StartingState - Set status [SHUTTING_DOWN] for service [configurationWizard] 
[2024-03-26 07:37:52,681]  DEBUG - .bundle.Services$StartingState - Service configurationWizard is starting, shut down should wait until starting finished 
[2024-03-26 07:37:52,681]  DEBUG -  com.jetbrains.bundle.Services - Can not set status [SHUTTING_DOWN] to service [configurationWizard] due to error: Service configurationWizard is starting, shut down should wait until starting finished 
[2024-03-26 07:37:52,882]  DEBUG - .bundle.Services$StartingState - Set status [SHUTTING_DOWN] for service [configurationWizard] 
[2024-03-26 07:37:52,882]  DEBUG - .bundle.Services$StartingState - Service configurationWizard is starting, shut down should wait until starting finished 
[2024-03-26 07:37:52,883]  DEBUG -  com.jetbrains.bundle.Services - Can not set status [SHUTTING_DOWN] to service [configurationWizard] due to error: Service configurationWizard is starting, shut down should wait until starting finished 
[2024-03-26 07:37:53,083]  DEBUG - .bundle.Services$StartingState - Set status [SHUTTING_DOWN] for service [configurationWizard] 
[2024-03-26 07:37:53,084]  DEBUG - .bundle.Services$StartingState - Service configurationWizard is starting, shut down should wait until starting finished 
[2024-03-26 07:37:53,084]  DEBUG -  com.jetbrains.bundle.Services - Can not set status [SHUTTING_DOWN] to service [configurationWizard] due to error: Service configurationWizard is starting, shut down should wait until starting finished 
[2024-03-26 07:37:53,285]  DEBUG - .bundle.Services$StartingState - Set status [SHUTTING_DOWN] for service [configurationWizard] 
[2024-03-26 07:37:53,285]  DEBUG - .bundle.Services$StartingState - Service configurationWizard is starting, shut down should wait until starting finished 
[2024-03-26 07:37:53,307]  DEBUG -  com.jetbrains.bundle.Services - Can not set status [SHUTTING_DOWN] to service [configurationWizard] due to error: Service configurationWizard is starting, shut down should wait until starting finished 
[2024-03-26 07:37:53,507]  DEBUG - .bundle.Services$StartingState - Set status [SHUTTING_DOWN] for service [configurationWizard] 
[2024-03-26 07:37:53,508]  DEBUG - .bundle.Services$StartingState - Service configurationWizard is starting, shut down should wait until starting finished 
[2024-03-26 07:37:53,508]  DEBUG -  com.jetbrains.bundle.Services - Can not set status [SHUTTING_DOWN] to service [configurationWizard] due to error: Service configurationWizard is starting, shut down should wait until starting finished 
[2024-03-26 07:37:53,709]  DEBUG - .bundle.Services$StartingState - Set status [SHUTTING_DOWN] for service [configurationWizard] 
[2024-03-26 07:37:53,709]  DEBUG - .bundle.Services$StartingState - Service configurationWizard is starting, shut down should wait until starting finished 
[2024-03-26 07:37:53,710]  DEBUG -  com.jetbrains.bundle.Services - Can not set status [SHUTTING_DOWN] to service [configurationWizard] due to error: Service configurationWizard is starting, shut down should wait until starting finished 
[2024-03-26 07:37:53,910]  DEBUG - .bundle.Services$StartingState - Set status [SHUTTING_DOWN] for service [configurationWizard] 
[2024-03-26 07:37:53,911]  DEBUG - .bundle.Services$StartingState - Service configurationWizard is starting, shut down should wait until starting finished 
[2024-03-26 07:37:53,911]  DEBUG -  com.jetbrains.bundle.Services - Can not set status [SHUTTING_DOWN] to service [configurationWizard] due to error: Service configurationWizard is starting, shut down should wait until starting finished 
[2024-03-26 07:37:54,112]  DEBUG - .bundle.Services$StartingState - Set status [SHUTTING_DOWN] for service [configurationWizard] 
[2024-03-26 07:37:54,112]  DEBUG - .bundle.Services$StartingState - Service configurationWizard is starting, shut down should wait until starting finished 
[2024-03-26 07:37:54,113]  DEBUG -  com.jetbrains.bundle.Services - Can not set status [SHUTTING_DOWN] to service [configurationWizard] due to error: Service configurationWizard is starting, shut down should wait until starting finished 
[2024-03-26 07:37:54,313]  DEBUG - .bundle.Services$StartingState - Set status [SHUTTING_DOWN] for service [configurationWizard] 
[2024-03-26 07:37:54,314]  DEBUG - .bundle.Services$StartingState - Service configurationWizard is starting, shut down should wait until starting finished 
[2024-03-26 07:37:54,314]  DEBUG -  com.jetbrains.bundle.Services - Can not set status [SHUTTING_DOWN] to service [configurationWizard] due to error: Service configurationWizard is starting, shut down should wait until starting finished 
[2024-03-26 07:37:54,514]  DEBUG - .bundle.Services$StartingState - Set status [SHUTTING_DOWN] for service [configurationWizard] 
[2024-03-26 07:37:54,515]  DEBUG - .bundle.Services$StartingState - Service configurationWizard is starting, shut down should wait until starting finished 
[2024-03-26 07:37:54,515]  DEBUG -  com.jetbrains.bundle.Services - Can not set status [SHUTTING_DOWN] to service [configurationWizard] due to error: Service configurationWizard is starting, shut down should wait until starting finished 
[2024-03-26 07:37:54,716]  DEBUG - .bundle.Services$StartingState - Set status [SHUTTING_DOWN] for service [configurationWizard] 
[2024-03-26 07:37:54,716]  DEBUG - .bundle.Services$StartingState - Service configurationWizard is starting, shut down should wait until starting finished 
[2024-03-26 07:37:54,717]  DEBUG -  com.jetbrains.bundle.Services - Can not set status [SHUTTING_DOWN] to service [configurationWizard] due to error: Service configurationWizard is starting, shut down should wait until starting finished 
[2024-03-26 07:37:54,917]  DEBUG - .bundle.Services$StartingState - Set status [SHUTTING_DOWN] for service [configurationWizard] 
[2024-03-26 07:37:54,918]  DEBUG - .bundle.Services$StartingState - Service configurationWizard is starting, shut down should wait until starting finished 
[2024-03-26 07:37:54,918]  DEBUG -  com.jetbrains.bundle.Services - Can not set status [SHUTTING_DOWN] to service [configurationWizard] due to error: Service configurationWizard is starting, shut down should wait until starting finished 
[2024-03-26 07:37:55,119]  DEBUG - .bundle.Services$StartingState - Set status [SHUTTING_DOWN] for service [configurationWizard] 
[2024-03-26 07:37:55,119]  DEBUG - .bundle.Services$StartingState - Service configurationWizard is starting, shut down should wait until starting finished 
[2024-03-26 07:37:55,120]  DEBUG -  com.jetbrains.bundle.Services - Can not set status [SHUTTING_DOWN] to service [configurationWizard] due to error: Service configurationWizard is starting, shut down should wait until starting finished 
[2024-03-26 07:37:55,320]  DEBUG - .bundle.Services$StartingState - Set status [SHUTTING_DOWN] for service [configurationWizard] 
[2024-03-26 07:37:55,321]  DEBUG - .bundle.Services$StartingState - Service configurationWizard is starting, shut down should wait until starting finished 
[2024-03-26 07:37:55,321]  DEBUG -  com.jetbrains.bundle.Services - Can not set status [SHUTTING_DOWN] to service [configurationWizard] due to error: Service configurationWizard is starting, shut down should wait until starting finished 
[2024-03-26 07:37:55,521]  DEBUG - .bundle.Services$StartingState - Set status [SHUTTING_DOWN] for service [configurationWizard] 
[2024-03-26 07:37:55,522]  DEBUG - .bundle.Services$StartingState - Service configurationWizard is starting, shut down should wait until starting finished 
[2024-03-26 07:37:55,522]  DEBUG -  com.jetbrains.bundle.Services - Can not set status [SHUTTING_DOWN] to service [configurationWizard] due to error: Service configurationWizard is starting, shut down should wait until starting finished 
[2024-03-26 07:37:55,723]  DEBUG - .bundle.Services$StartingState - Set status [SHUTTING_DOWN] for service [configurationWizard] 
[2024-03-26 07:37:55,723]  DEBUG - .bundle.Services$StartingState - Service configurationWizard is starting, shut down should wait until starting finished 
[2024-03-26 07:37:55,723]  DEBUG -  com.jetbrains.bundle.Services - Can not set status [SHUTTING_DOWN] to service [configurationWizard] due to error: Service configurationWizard is starting, shut down should wait until starting finished 
[2024-03-26 07:37:55,924]  DEBUG - .bundle.Services$StartingState - Set status [SHUTTING_DOWN] for service [configurationWizard] 
[2024-03-26 07:37:55,924]  DEBUG - .bundle.Services$StartingState - Service configurationWizard is starting, shut down should wait until starting finished 
[2024-03-26 07:37:55,925]  DEBUG -  com.jetbrains.bundle.Services - Can not set status [SHUTTING_DOWN] to service [configurationWizard] due to error: Service configurationWizard is starting, shut down should wait until starting finished 
[2024-03-26 07:37:56,035]   INFO - ations.AnnotationConfiguration - Scanning elapsed time=4859ms 
[2024-03-26 07:37:56,125]  DEBUG - .bundle.Services$StartingState - Set status [SHUTTING_DOWN] for service [configurationWizard] 
[2024-03-26 07:37:56,126]  DEBUG - .bundle.Services$StartingState - Service configurationWizard is starting, shut down should wait until starting finished 
[2024-03-26 07:37:56,126]  DEBUG -  com.jetbrains.bundle.Services - Can not set status [SHUTTING_DOWN] to service [configurationWizard] due to error: Service configurationWizard is starting, shut down should wait until starting finished 
[2024-03-26 07:37:56,148]   INFO - er.handler.ContextHandler.ROOT - 1 Spring WebApplicationInitializers detected on classpath 
[2024-03-26 07:37:56,151]  DEBUG - allerWebApplicationInitializer - No ContextLoaderListener registered, as createRootApplicationContext() did not return an application context 
[2024-03-26 07:37:56,186]   INFO - er.handler.ContextHandler.ROOT - Initializing Spring DispatcherServlet 'InstallerServletDispatcher' 
[2024-03-26 07:37:56,188]   INFO - .web.servlet.DispatcherServlet - Initializing Servlet 'InstallerServletDispatcher' 
[2024-03-26 07:37:56,327]  DEBUG - .bundle.Services$StartingState - Set status [SHUTTING_DOWN] for service [configurationWizard] 
[2024-03-26 07:37:56,327]  DEBUG - .bundle.Services$StartingState - Service configurationWizard is starting, shut down should wait until starting finished 
[2024-03-26 07:37:56,328]  DEBUG -  com.jetbrains.bundle.Services - Can not set status [SHUTTING_DOWN] to service [configurationWizard] due to error: Service configurationWizard is starting, shut down should wait until starting finished 
[2024-03-26 07:37:56,528]  DEBUG - .bundle.Services$StartingState - Set status [SHUTTING_DOWN] for service [configurationWizard] 
[2024-03-26 07:37:56,528]  DEBUG - .bundle.Services$StartingState - Service configurationWizard is starting, shut down should wait until starting finished 
[2024-03-26 07:37:56,529]  DEBUG -  com.jetbrains.bundle.Services - Can not set status [SHUTTING_DOWN] to service [configurationWizard] due to error: Service configurationWizard is starting, shut down should wait until starting finished 
[2024-03-26 07:37:56,729]  DEBUG - .bundle.Services$StartingState - Set status [SHUTTING_DOWN] for service [configurationWizard] 
[2024-03-26 07:37:56,729]  DEBUG - .bundle.Services$StartingState - Service configurationWizard is starting, shut down should wait until starting finished 
[2024-03-26 07:37:56,730]  DEBUG -  com.jetbrains.bundle.Services - Can not set status [SHUTTING_DOWN] to service [configurationWizard] due to error: Service configurationWizard is starting, shut down should wait until starting finished 
[2024-03-26 07:37:56,930]  DEBUG - .bundle.Services$StartingState - Set status [SHUTTING_DOWN] for service [configurationWizard] 
[2024-03-26 07:37:56,931]  DEBUG - .bundle.Services$StartingState - Service configurationWizard is starting, shut down should wait until starting finished 
[2024-03-26 07:37:56,931]  DEBUG -  com.jetbrains.bundle.Services - Can not set status [SHUTTING_DOWN] to service [configurationWizard] due to error: Service configurationWizard is starting, shut down should wait until starting finished 
[2024-03-26 07:37:57,132]  DEBUG - .bundle.Services$StartingState - Set status [SHUTTING_DOWN] for service [configurationWizard] 
[2024-03-26 07:37:57,132]  DEBUG - .bundle.Services$StartingState - Service configurationWizard is starting, shut down should wait until starting finished 
[2024-03-26 07:37:57,132]  DEBUG -  com.jetbrains.bundle.Services - Can not set status [SHUTTING_DOWN] to service [configurationWizard] due to error: Service configurationWizard is starting, shut down should wait until starting finished 
[2024-03-26 07:37:57,333]  DEBUG - .bundle.Services$StartingState - Set status [SHUTTING_DOWN] for service [configurationWizard] 
[2024-03-26 07:37:57,333]  DEBUG - .bundle.Services$StartingState - Service configurationWizard is starting, shut down should wait until starting finished 
[2024-03-26 07:37:57,334]  DEBUG -  com.jetbrains.bundle.Services - Can not set status [SHUTTING_DOWN] to service [configurationWizard] due to error: Service configurationWizard is starting, shut down should wait until starting finished 
[2024-03-26 07:37:57,534]  DEBUG - .bundle.Services$StartingState - Set status [SHUTTING_DOWN] for service [configurationWizard] 
[2024-03-26 07:37:57,535]  DEBUG - .bundle.Services$StartingState - Service configurationWizard is starting, shut down should wait until starting finished 
[2024-03-26 07:37:57,535]  DEBUG -  com.jetbrains.bundle.Services - Can not set status [SHUTTING_DOWN] to service [configurationWizard] due to error: Service configurationWizard is starting, shut down should wait until starting finished 
[2024-03-26 07:37:57,736]  DEBUG - .bundle.Services$StartingState - Set status [SHUTTING_DOWN] for service [configurationWizard] 
[2024-03-26 07:37:57,736]  DEBUG - .bundle.Services$StartingState - Service configurationWizard is starting, shut down should wait until starting finished 
[2024-03-26 07:37:57,736]  DEBUG -  com.jetbrains.bundle.Services - Can not set status [SHUTTING_DOWN] to service [configurationWizard] due to error: Service configurationWizard is starting, shut down should wait until starting finished 
[2024-03-26 07:37:57,937]  DEBUG - .bundle.Services$StartingState - Set status [SHUTTING_DOWN] for service [configurationWizard] 
[2024-03-26 07:37:57,937]  DEBUG - .bundle.Services$StartingState - Service configurationWizard is starting, shut down should wait until starting finished 
[2024-03-26 07:37:57,938]  DEBUG -  com.jetbrains.bundle.Services - Can not set status [SHUTTING_DOWN] to service [configurationWizard] due to error: Service configurationWizard is starting, shut down should wait until starting finished 
[2024-03-26 07:37:58,138]  DEBUG - .bundle.Services$StartingState - Set status [SHUTTING_DOWN] for service [configurationWizard] 
[2024-03-26 07:37:58,139]  DEBUG - .bundle.Services$StartingState - Service configurationWizard is starting, shut down should wait until starting finished 
[2024-03-26 07:37:58,139]  DEBUG -  com.jetbrains.bundle.Services - Can not set status [SHUTTING_DOWN] to service [configurationWizard] due to error: Service configurationWizard is starting, shut down should wait until starting finished 
[2024-03-26 07:37:58,168]  DEBUG - ervlet.HandlerMapping.Mappings - 
	c.j.i.r.UpgradeSettingsResource:
	{GET [/wizard/upgrade-settings/check], produces [application/json]}: checkFolder(String,String)
	{GET [/wizard/upgrade-settings], produces [application/json]}: get()
	{POST [/wizard/upgrade-settings/candidate], produces [application/json]}: validate(UpgradeSettings)
	{POST [/wizard/upgrade-settings], produces [application/json]}: post(UpgradeSettings) 
[2024-03-26 07:37:58,176]  DEBUG - ervlet.HandlerMapping.Mappings - 
	c.j.i.r.StepsResource:
	{GET [/wizard/steps], produces [application/json]}: get(HttpServletResponse) 
[2024-03-26 07:37:58,180]  DEBUG - ervlet.HandlerMapping.Mappings - 
	c.j.i.r.CertificatesResource:
	{GET [/wizard/certificates/{fingerprint}], produces [application/json]}: getCertificate(HttpServletRequest,String)
	{POST [/wizard/certificates], produces [application/json]}: addCertificate(CertificateInfo)
	{DELETE [/wizard/certificates/{fingerprint}], produces [application/json]}: deleteCertificate(String)
	{GET [/wizard/certificates], produces [application/json]}: getCertificates() 
[2024-03-26 07:37:58,184]  DEBUG - ervlet.HandlerMapping.Mappings - 
	c.j.i.r.HubSettingsResource:
	{GET [/wizard/hub-settings], produces [application/json]}: get()
	{POST [/wizard/hub-settings], produces [application/json]}: post(HubSettings) 
[2024-03-26 07:37:58,186]  DEBUG - ervlet.HandlerMapping.Mappings - 
	c.j.i.r.HubBundleServiceResource:
	{GET [/hub/bundle-service], produces [application/json]}: getBundleService()
	{POST [/hub/bundle-service], produces [application/json]}: createBundleService(ExternalHubInfo,String,String,String) 
[2024-03-26 07:37:58,189]  DEBUG - ervlet.HandlerMapping.Mappings - 
	c.j.i.r.LicenseKeyResource:
	{GET [/wizard/license-key], produces [application/json]}: getKey()
	{POST [/wizard/license-key], produces [application/json]}: setKey(HttpServletRequest,LicenseKeyUpdateInfo) 
[2024-03-26 07:37:58,191]  DEBUG - ervlet.HandlerMapping.Mappings - 
	c.j.i.r.CertificateUrlResource:
	{POST [/wizard/cert], produces [application/json]}: getHostnameFromCertificate(SecureContent) 
[2024-03-26 07:37:58,194]  DEBUG - ervlet.HandlerMapping.Mappings - 
	c.j.i.r.BasicSettingsResource:
	{GET [/wizard/basic-settings/check], produces [application/json]}: checkFolder(String,String)
	{GET [/wizard/basic-settings], produces [application/json]}: get()
	{POST [/wizard/basic-settings], produces [application/json]}: post(BasicSettings) 
[2024-03-26 07:37:58,201]  DEBUG - ervlet.HandlerMapping.Mappings - 
	c.j.i.r.DefaultSettingsResource:
	{GET [/wizard/license-key/upgrade/default], produces [application/json]}: getDefaultUpgradeLicenseKeyInfo()
	{GET [/wizard/basic-settings/default], produces [application/json]}: getDefaultBasicSettings()
	{GET [/wizard/license-key/default], produces [application/json]}: getDefaultLicenseKeyInfo()
	{GET [/wizard/hub-settings/default], produces [application/json]}: getDefaultHubSettings()
	{GET [/wizard/upgrade-source/default], produces [application/json]}: getDefaultUpgradeSource()
	{GET [/wizard/upgrade-settings/default], produces [application/json]}: getDefaultUpgradeSettings() 
[2024-03-26 07:37:58,204]  DEBUG - ervlet.HandlerMapping.Mappings - 
	c.j.i.r.StatusController:
	{GET [/wizard/status]}: getStatus() 
[2024-03-26 07:37:58,209]  DEBUG - ervlet.HandlerMapping.Mappings - 
	c.j.i.r.TestConnectionResource:
	{GET [/wizard/connections/{id}], produces [application/json]}: getEndpoint(HttpServletRequest,String)
	{GET [/wizard/connections], produces [application/json]}: getAllEndpoints()
	{DELETE [/wizard/connections/{id}], produces [application/json]}: deleteEndpoint(HttpServletRequest,String)
	{POST [/wizard/connections], produces [application/json]}: createEndpoint(TestConnection)
	{GET [/wizard/connections/status], produces [application/json]}: status(HttpHeaders) 
[2024-03-26 07:37:58,212]  DEBUG - ervlet.HandlerMapping.Mappings - 
	c.j.i.r.AuthController:
	{GET [/checkAuth], produces [application/json]}: validate(String) 
[2024-03-26 07:37:58,213]  DEBUG - ervlet.HandlerMapping.Mappings - 
	c.j.i.r.LicensesAgreementsResource:
	{GET [/license-agreements], produces [application/json]}: get() 
[2024-03-26 07:37:58,216]  DEBUG - ervlet.HandlerMapping.Mappings - 
	c.j.i.r.FilesResource:
	{GET [/browse], produces [application/json]}: getFolder(String,Boolean)
	{GET [/browse/access/write], produces [application/json]}: checkFolder(String) 
[2024-03-26 07:37:58,219]  DEBUG - ervlet.HandlerMapping.Mappings - 
	c.j.i.r.WaitResource:
	{GET [/wizard/wait/url], produces [application/json]}: getUrlToShowAfterCompletion(HttpServletRequest)
	{GET [/wizard/wait/ping], produces [application/json]}: ping()
	{POST [/wizard/wait/dump], produces [application/json]}: dump(HttpServletRequest) 
[2024-03-26 07:37:58,221]  DEBUG - ervlet.HandlerMapping.Mappings - 
	c.j.i.r.WizardInfoResource:
	{GET [/wizard/info], produces [application/json]}: get() 
[2024-03-26 07:37:58,226]  DEBUG - ervlet.HandlerMapping.Mappings - 
	c.j.i.r.UpgradeSourceResource:
	{POST [/wizard/upgrade-source/clean], produces [application/json]}: cleanOldUpgradeData()
	{GET [/wizard/upgrade-source/clean], produces [application/json]}: getOldUpgradeDataInfo()
	{GET [/wizard/upgrade-source], produces [application/json]}: get()
	{GET [/wizard/upgrade-source/check], produces [application/json]}: checkPath(String,String)
	{POST [/wizard/upgrade-source], produces [application/json]}: post(UpgradeSource) 
[2024-03-26 07:37:58,252]  DEBUG - ervlet.HandlerMapping.Mappings - 'beanNameHandlerMapping' {} 
[2024-03-26 07:38:36,185]  DEBUG - ard.WizardConfiguredProperties - Wizard has not been run yet. The file [/opt/youtrack/conf/internal/wizard-configured.properties] does not exist 
[2024-03-26 07:38:36,190]  DEBUG - ard.WizardConfiguredProperties - Wizard has not been run yet. The file [/opt/youtrack/conf/internal/wizard-configured.properties] does not exist 
[2024-03-26 07:38:36,198]  DEBUG - brains.bundle.ServiceDiscovery - Looking for services in /opt/youtrack/apps 
[2024-03-26 07:38:36,216]  DEBUG - brains.bundle.ServiceDiscovery - Found service descriptor /opt/youtrack/apps/hub 
[2024-03-26 07:38:36,217]  DEBUG - brains.bundle.ServiceDiscovery - Found service descriptor /opt/youtrack/apps/youtrack 
[2024-03-26 07:38:36,326]  DEBUG - ard.WizardConfiguredProperties - Wizard has not been run yet. The file [/opt/youtrack/conf/internal/wizard-configured.properties] does not exist 
[2024-03-26 07:38:36,345]   INFO -                 bundle.startup - Configuring Service-Container[bundleProcess] 
[2024-03-26 07:38:36,357]   INFO -                 bundle.startup - Configuring Bundle Backend Service 
[2024-03-26 07:38:36,368]   INFO -                 bundle.startup - Configuring Configuration Wizard 
[2024-03-26 07:38:36,400]   INFO -                 bundle.startup - Starting Service-Container[bundleProcess] 
[2024-03-26 07:38:36,401]  DEBUG - .bundle.Services$StartingState - Set status [STARTING] for service [bundleProcess] 
[2024-03-26 07:38:36,404]  DEBUG - g.JavaUtilLoggingToSlf4jBridge - [class com.jetbrains.service.util.logging.SLF4JBridgePerContextClassLoaderHandler] has already bean installed 
[2024-03-26 07:38:36,435]   INFO -     org.eclipse.jetty.util.log - Logging initialized @4210ms to org.eclipse.jetty.util.log.Slf4jLog 
[2024-03-26 07:38:36,688]   INFO - rg.eclipse.jetty.server.Server - jetty-9.4.49.v20220914; built: 2022-09-14T01:07:36.601Z; git: 4231a3b2e4cb8548a412a789936d640a97b1aa0a; jvm 21.0.1+12-LTS 
[2024-03-26 07:38:36,816]   INFO - .server.handler.ContextHandler - Started o.e.j.s.ServletContextHandler@7d442327{/bundle/starting,null,AVAILABLE} 
[2024-03-26 07:38:36,821]   INFO - .server.handler.ContextHandler - Started c.j.b.p.j.@7e9a6c53{/,file:///opt/youtrack/internal/error_pages/,AVAILABLE} 
[2024-03-26 07:38:36,887]   INFO - jetty.server.AbstractConnector - Started ServerConnector@afeb0d5{HTTP/1.1, (http/1.1)}{0.0.0.0:8080} 
[2024-03-26 07:38:36,888]   INFO - rg.eclipse.jetty.server.Server - Started @4665ms 
[2024-03-26 07:38:36,894]  DEBUG - .bundle.Services$StartingState - Set status [RUNNING] for service [bundleProcess] 
[2024-03-26 07:38:36,894]   INFO -                 bundle.startup - Starting Bundle Backend Service 
[2024-03-26 07:38:36,895]  DEBUG - .bundle.Services$StartingState - Set status [STARTING] for service [bundleBackend] 
[2024-03-26 07:38:38,099]   INFO - ations.AnnotationConfiguration - Scanning elapsed time=811ms 
[2024-03-26 07:38:38,231]   INFO - .ContextHandler.bundle_backend - 1 Spring WebApplicationInitializers detected on classpath 
[2024-03-26 07:38:38,235]  DEBUG - onfig.BundleBackendInitializer - No ContextLoaderListener registered, as createRootApplicationContext() did not return an application context 
[2024-03-26 07:38:38,451]   INFO - g.eclipse.jetty.server.session - DefaultSessionIdManager workerName=node0 
[2024-03-26 07:38:38,452]   INFO - g.eclipse.jetty.server.session - No SessionScavenger set, using defaults 
[2024-03-26 07:38:38,455]   INFO - g.eclipse.jetty.server.session - node0 Scavenging every 660000ms 
[2024-03-26 07:38:38,513]   INFO - .ContextHandler.bundle_backend - Initializing Spring DispatcherServlet 'BundleBackendServletDispatcher' 
[2024-03-26 07:38:38,514]   INFO - .web.servlet.DispatcherServlet - Initializing Servlet 'BundleBackendServletDispatcher' 
[2024-03-26 07:38:39,898]  DEBUG - ervlet.HandlerMapping.Mappings - 
	c.j.b.b.r.ClientCertificateAuthSettingsController:
	{GET [/certificateAuth], produces [application/json]}: getCertificateAuthSettings(String,String)
	{POST [/certificateAuth], produces [application/json]}: updateCertificateAuthSettings(CertificateAuthSettingsJSON,String,String) 
[2024-03-26 07:38:39,908]  DEBUG - ervlet.HandlerMapping.Mappings - 
	c.j.b.b.r.PropertiesController:
	{POST [/settings], produces [application/json]}: updateProperty(UpdatePropertiesRequest,String,String)
	{POST [/settings/candidate], produces [application/json]}: validateProperty(PropertyJSON,String,String)
	{GET [/settings/{propertyName}], produces [application/json]}: getProperty(String,String,String) 
[2024-03-26 07:38:39,911]  DEBUG - ervlet.HandlerMapping.Mappings - 
	c.j.b.b.r.StatusController:
	{GET [/bundleBackendStatus]}: getStatus() 
[2024-03-26 07:38:39,915]  DEBUG - ervlet.HandlerMapping.Mappings - 
	c.j.b.b.r.ProductStateController:
	{GET [/state], produces [application/json]}: getProductStateInfo(String,HttpServletRequest)
	{GET [/state/started], produces [application/json]}: getProductStarted() 
[2024-03-26 07:38:39,943]  DEBUG - ervlet.HandlerMapping.Mappings - 'beanNameHandlerMapping' {} 
[2024-03-26 07:38:41,690]   INFO - .web.servlet.DispatcherServlet - Completed initialization in 3176 ms 
[2024-03-26 07:38:41,691]   INFO - .server.handler.ContextHandler - Started o.e.j.w.WebAppContext@7722c84d{/bundle/backend,file:///opt/youtrack/internal/bundle_common/,AVAILABLE} 
[2024-03-26 07:38:41,697]  DEBUG - .bundle.Services$StartingState - Set status [RUNNING] for service [bundleBackend] 
[2024-03-26 07:38:41,697]   INFO -                 bundle.startup - Starting Configuration Wizard 
[2024-03-26 07:38:41,698]   INFO -                 bundle.startup - JetBrains YouTrack 2024.1 Configuration Wizard will listen inside container on {0.0.0.0:8080}/ after start and can be accessed by URL [http://<put-your-docker-HOST-name-here>:<put-host-port-mapped-to-container-port-8080-here>//?wizard_token=us29XLf5CpKHvCrVIDht] 
[2024-03-26 07:38:41,699]  DEBUG - .bundle.Services$StartingState - Set status [STARTING] for service [configurationWizard] 
[2024-03-26 07:38:46,480]   INFO - ations.AnnotationConfiguration - Scanning elapsed time=4410ms 
[2024-03-26 07:38:46,583]   INFO - er.handler.ContextHandler.ROOT - 1 Spring WebApplicationInitializers detected on classpath 
[2024-03-26 07:38:46,586]  DEBUG - allerWebApplicationInitializer - No ContextLoaderListener registered, as createRootApplicationContext() did not return an application context 
[2024-03-26 07:38:46,624]   INFO - er.handler.ContextHandler.ROOT - Initializing Spring DispatcherServlet 'InstallerServletDispatcher' 
[2024-03-26 07:38:46,625]   INFO - .web.servlet.DispatcherServlet - Initializing Servlet 'InstallerServletDispatcher' 
[2024-03-26 07:38:48,574]  DEBUG - ervlet.HandlerMapping.Mappings - 
	c.j.i.r.UpgradeSettingsResource:
	{GET [/wizard/upgrade-settings/check], produces [application/json]}: checkFolder(String,String)
	{GET [/wizard/upgrade-settings], produces [application/json]}: get()
	{POST [/wizard/upgrade-settings/candidate], produces [application/json]}: validate(UpgradeSettings)
	{POST [/wizard/upgrade-settings], produces [application/json]}: post(UpgradeSettings) 
[2024-03-26 07:38:48,582]  DEBUG - ervlet.HandlerMapping.Mappings - 
	c.j.i.r.StepsResource:
	{GET [/wizard/steps], produces [application/json]}: get(HttpServletResponse) 
[2024-03-26 07:38:48,586]  DEBUG - ervlet.HandlerMapping.Mappings - 
	c.j.i.r.CertificatesResource:
	{GET [/wizard/certificates/{fingerprint}], produces [application/json]}: getCertificate(HttpServletRequest,String)
	{POST [/wizard/certificates], produces [application/json]}: addCertificate(CertificateInfo)
	{DELETE [/wizard/certificates/{fingerprint}], produces [application/json]}: deleteCertificate(String)
	{GET [/wizard/certificates], produces [application/json]}: getCertificates() 
[2024-03-26 07:38:48,589]  DEBUG - ervlet.HandlerMapping.Mappings - 
	c.j.i.r.HubSettingsResource:
	{GET [/wizard/hub-settings], produces [application/json]}: get()
	{POST [/wizard/hub-settings], produces [application/json]}: post(HubSettings) 
[2024-03-26 07:38:48,592]  DEBUG - ervlet.HandlerMapping.Mappings - 
	c.j.i.r.HubBundleServiceResource:
	{POST [/hub/bundle-service], produces [application/json]}: createBundleService(ExternalHubInfo,String,String,String)
	{GET [/hub/bundle-service], produces [application/json]}: getBundleService() 
[2024-03-26 07:38:48,595]  DEBUG - ervlet.HandlerMapping.Mappings - 
	c.j.i.r.LicenseKeyResource:
	{GET [/wizard/license-key], produces [application/json]}: getKey()
	{POST [/wizard/license-key], produces [application/json]}: setKey(HttpServletRequest,LicenseKeyUpdateInfo) 
[2024-03-26 07:38:48,597]  DEBUG - ervlet.HandlerMapping.Mappings - 
	c.j.i.r.CertificateUrlResource:
	{POST [/wizard/cert], produces [application/json]}: getHostnameFromCertificate(SecureContent) 
[2024-03-26 07:38:48,600]  DEBUG - ervlet.HandlerMapping.Mappings - 
	c.j.i.r.BasicSettingsResource:
	{GET [/wizard/basic-settings/check], produces [application/json]}: checkFolder(String,String)
	{GET [/wizard/basic-settings], produces [application/json]}: get()
	{POST [/wizard/basic-settings], produces [application/json]}: post(BasicSettings) 
[2024-03-26 07:38:48,606]  DEBUG - ervlet.HandlerMapping.Mappings - 
	c.j.i.r.DefaultSettingsResource:
	{GET [/wizard/license-key/upgrade/default], produces [application/json]}: getDefaultUpgradeLicenseKeyInfo()
	{GET [/wizard/basic-settings/default], produces [application/json]}: getDefaultBasicSettings()
	{GET [/wizard/license-key/default], produces [application/json]}: getDefaultLicenseKeyInfo()
	{GET [/wizard/hub-settings/default], produces [application/json]}: getDefaultHubSettings()
	{GET [/wizard/upgrade-source/default], produces [application/json]}: getDefaultUpgradeSource()
	{GET [/wizard/upgrade-settings/default], produces [application/json]}: getDefaultUpgradeSettings() 
[2024-03-26 07:38:48,610]  DEBUG - ervlet.HandlerMapping.Mappings - 
	c.j.i.r.StatusController:
	{GET [/wizard/status]}: getStatus() 
[2024-03-26 07:38:48,614]  DEBUG - ervlet.HandlerMapping.Mappings - 
	c.j.i.r.TestConnectionResource:
	{POST [/wizard/connections], produces [application/json]}: createEndpoint(TestConnection)
	{GET [/wizard/connections/{id}], produces [application/json]}: getEndpoint(HttpServletRequest,String)
	{GET [/wizard/connections], produces [application/json]}: getAllEndpoints()
	{DELETE [/wizard/connections/{id}], produces [application/json]}: deleteEndpoint(HttpServletRequest,String)
	{GET [/wizard/connections/status], produces [application/json]}: status(HttpHeaders) 
[2024-03-26 07:38:48,617]  DEBUG - ervlet.HandlerMapping.Mappings - 
	c.j.i.r.AuthController:
	{GET [/checkAuth], produces [application/json]}: validate(String) 
[2024-03-26 07:38:48,619]  DEBUG - ervlet.HandlerMapping.Mappings - 
	c.j.i.r.LicensesAgreementsResource:
	{GET [/license-agreements], produces [application/json]}: get() 
[2024-03-26 07:38:48,621]  DEBUG - ervlet.HandlerMapping.Mappings - 
	c.j.i.r.FilesResource:
	{GET [/browse], produces [application/json]}: getFolder(String,Boolean)
	{GET [/browse/access/write], produces [application/json]}: checkFolder(String) 
[2024-03-26 07:38:48,625]  DEBUG - ervlet.HandlerMapping.Mappings - 
	c.j.i.r.WaitResource:
	{GET [/wizard/wait/url], produces [application/json]}: getUrlToShowAfterCompletion(HttpServletRequest)
	{GET [/wizard/wait/ping], produces [application/json]}: ping()
	{POST [/wizard/wait/dump], produces [application/json]}: dump(HttpServletRequest) 
[2024-03-26 07:38:48,627]  DEBUG - ervlet.HandlerMapping.Mappings - 
	c.j.i.r.WizardInfoResource:
	{GET [/wizard/info], produces [application/json]}: get() 
[2024-03-26 07:38:48,632]  DEBUG - ervlet.HandlerMapping.Mappings - 
	c.j.i.r.UpgradeSourceResource:
	{GET [/wizard/upgrade-source/clean], produces [application/json]}: getOldUpgradeDataInfo()
	{POST [/wizard/upgrade-source/clean], produces [application/json]}: cleanOldUpgradeData()
	{GET [/wizard/upgrade-source], produces [application/json]}: get()
	{GET [/wizard/upgrade-source/check], produces [application/json]}: checkPath(String,String)
	{POST [/wizard/upgrade-source], produces [application/json]}: post(UpgradeSource) 
[2024-03-26 07:38:48,657]  DEBUG - ervlet.HandlerMapping.Mappings - 'beanNameHandlerMapping' {} 
[2024-03-26 07:38:50,037]   INFO - .web.servlet.DispatcherServlet - Completed initialization in 3411 ms 
[2024-03-26 07:38:50,037]   INFO - .server.handler.ContextHandler - Started o.e.j.w.WebAppContext@6c506a31{/,file:///opt/youtrack/internal/wizard_web/,AVAILABLE} 
[2024-03-26 07:38:50,046]  DEBUG - .bundle.Services$StartingState - Set status [RUNNING] for service [configurationWizard] 
[2024-03-26 07:38:50,057]  DEBUG - rains.service.util.cmd.CmdUtil - Executing [uname, -a] in directory [/opt/youtrack] 
[2024-03-26 07:38:50,494]  DEBUG - rains.service.util.cmd.CmdUtil - Command [[uname, -a]] exited with code 0 and output: [Linux 8d77905930ad 6.5.11-8-pve #1 SMP PREEMPT_DYNAMIC PMX 6.5.11-8 (2024-01-30T12:27Z) x86_64 GNU/Linux] 
[2024-03-26 07:38:50,495]  DEBUG - rains.service.util.cmd.CmdUtil - Executing [free] in directory [/opt/youtrack] 
[2024-03-26 07:38:50,502]  DEBUG - rains.service.util.cmd.CmdUtil - Executing [df] in directory [/opt/youtrack] 
[2024-03-26 07:38:50,917]  DEBUG - rains.service.util.cmd.CmdUtil - Command [[df]] exited with code 0 and output: [Filesystem           1K-blocks     Used Available Use% Mounted on
overlay               86886448 12879104  69547824  16% /
tmpfs                    65536        0     65536   0% /dev
shm                      65536        0     65536   0% /dev/shm
/dev/mapper/pve-root  86886448 12879104  69547824  16% /etc/hosts
tmpfs                  4956920        0   4956920   0% /proc/acpi
tmpfs                  4956920        0   4956920   0% /proc/scsi
tmpfs                  4956920        0   4956920   0% /sys/firmware] 
[2024-03-26 07:38:50,917]  DEBUG - rains.service.util.cmd.CmdUtil - Executing [/bin/sh, -c, ulimit -a] in directory [/opt/youtrack] 
[2024-03-26 07:38:51,330]  DEBUG - rains.service.util.cmd.CmdUtil - Command [[/bin/sh, -c, ulimit -a]] exited with code 0 and output: [time(seconds)        unlimited
file(blocks)         unlimited
data(kbytes)         unlimited
stack(kbytes)        8192
coredump(blocks)     unlimited
memory(kbytes)       unlimited
locked memory(kbytes) 8192
process              unlimited
nofiles              1048576
vmemory(kbytes)      unlimited
locks                unlimited
rtprio               0] 
[2024-03-26 07:38:51,330]  DEBUG - rains.service.util.cmd.CmdUtil - Executing [hostname] in directory [/opt/youtrack] 
[2024-03-26 07:38:51,744]  DEBUG - rains.service.util.cmd.CmdUtil - Command [[hostname]] exited with code 0 and output: [8d77905930ad] 
[2024-03-26 07:38:51,744]  DEBUG - rains.service.util.cmd.CmdUtil - Executing [hostname, -f] in directory [/opt/youtrack] 
[2024-03-26 07:38:52,158]  DEBUG - rains.service.util.cmd.CmdUtil - Command [[hostname, -f]] exited with code 0 and output: [8d77905930ad] 
[2024-03-26 07:38:52,158]  DEBUG - rains.service.util.cmd.CmdUtil - Executing [id, -a] in directory [/opt/youtrack] 
[2024-03-26 07:38:52,611]  DEBUG - rains.service.util.cmd.CmdUtil - Command [[id, -a]] exited with code 0 and output: [uid=13001(jetbrains) gid=13001(jetbrains) groups=13001(jetbrains)] 
[2024-03-26 07:40:30,844]  DEBUG - er.rest.TestConnectionResource - Status request is received from proxmox.ppkslavyanova.ru:8080 
[2024-03-26 07:40:52,670]  DEBUG - izard.ConfigurationFileWatcher - There are 22 properties found 
[2024-03-26 07:40:52,671]  DEBUG - izard.ConfigurationFileWatcher - Loaded property [bundle.statistics-upload] 
[2024-03-26 07:40:52,671]  DEBUG - izard.ConfigurationFileWatcher - Loaded property [bundle.root-user] 
[2024-03-26 07:40:52,671]  DEBUG - izard.ConfigurationFileWatcher - Loaded property [service.youtrack.license-user-name] 
[2024-03-26 07:40:52,671]  DEBUG - izard.ConfigurationFileWatcher - Loaded property [bundle.secure-mode] 
[2024-03-26 07:40:52,671]  DEBUG - izard.ConfigurationFileWatcher - Loaded property [bundle.backups-dir] 
[2024-03-26 07:40:52,672]  DEBUG - izard.ConfigurationFileWatcher - Loaded property [bundle.disable.hub] 
[2024-03-26 07:40:52,672]  DEBUG - izard.ConfigurationFileWatcher - Loaded property [bundle.root-password] 
[2024-03-26 07:40:52,672]  DEBUG - izard.ConfigurationFileWatcher - Loaded property [bundle.data-dir] 
[2024-03-26 07:40:52,672]  DEBUG - izard.ConfigurationFileWatcher - Loaded property [wizard-actual-client-url] 
[2024-03-26 07:40:52,672]  DEBUG - izard.ConfigurationFileWatcher - Loaded property [wizard.configuration.finished] 
[2024-03-26 07:40:52,673]  DEBUG - izard.ConfigurationFileWatcher - Loaded property [bundle.temp-dir] 
[2024-03-26 07:40:52,673]  DEBUG - izard.ConfigurationFileWatcher - Loaded property [wizard-url] 
[2024-03-26 07:40:52,673]  DEBUG - izard.ConfigurationFileWatcher - Loaded property [hub_config.bundle-hub-service-id] 
[2024-03-26 07:40:52,673]  DEBUG - izard.ConfigurationFileWatcher - Loaded property [service.youtrack.license-key] 
[2024-03-26 07:40:52,674]  DEBUG - izard.ConfigurationFileWatcher - Loaded property [hub_config.bundle-hub-service-secret] 
[2024-03-26 07:40:52,674]  DEBUG - izard.ConfigurationFileWatcher - Loaded property [bundle.allow-anonymous-access] 
[2024-03-26 07:40:52,674]  DEBUG - izard.ConfigurationFileWatcher - Loaded property [bundle.logs-dir] 
[2024-03-26 07:40:52,674]  DEBUG - izard.ConfigurationFileWatcher - Loaded property [bundle.additional-keystore-password] 
[2024-03-26 07:40:52,674]  DEBUG - izard.ConfigurationFileWatcher - Loaded property [bundle.listen-port] 
[2024-03-26 07:40:52,675]  DEBUG - izard.ConfigurationFileWatcher - Loaded property [bundle.locale] 
[2024-03-26 07:40:52,675]  DEBUG - izard.ConfigurationFileWatcher - Loaded property [bundle.base-url] 
[2024-03-26 07:40:52,675]  DEBUG - izard.ConfigurationFileWatcher - Loaded property [bundle.listen-address] 
[2024-03-26 07:40:52,676]  DEBUG - ard.WizardConfiguredProperties - Reloading properties from existing file [/opt/youtrack/conf/internal/wizard-configured.properties] 
[2024-03-26 07:40:52,677]  DEBUG - ard.WizardConfiguredProperties - There are 22 properties found 
[2024-03-26 07:40:52,677]  DEBUG - ard.WizardConfiguredProperties - Loaded property [bundle.statistics-upload] 
[2024-03-26 07:40:52,677]  DEBUG - ard.WizardConfiguredProperties - Loaded property [bundle.root-user] 
[2024-03-26 07:40:52,677]  DEBUG - ard.WizardConfiguredProperties - Loaded property [service.youtrack.license-user-name] 
[2024-03-26 07:40:52,678]  DEBUG - ard.WizardConfiguredProperties - Loaded property [bundle.secure-mode] 
[2024-03-26 07:40:52,678]  DEBUG - ard.WizardConfiguredProperties - Loaded property [bundle.backups-dir] 
[2024-03-26 07:40:52,678]  DEBUG - ard.WizardConfiguredProperties - Loaded property [bundle.disable.hub] 
[2024-03-26 07:40:52,678]  DEBUG - ard.WizardConfiguredProperties - Loaded property [bundle.root-password] 
[2024-03-26 07:40:52,678]  DEBUG - ard.WizardConfiguredProperties - Loaded property [bundle.data-dir] 
[2024-03-26 07:40:52,679]  DEBUG - ard.WizardConfiguredProperties - Loaded property [wizard-actual-client-url] 
[2024-03-26 07:40:52,679]  DEBUG - ard.WizardConfiguredProperties - Loaded property [wizard.configuration.finished] 
[2024-03-26 07:40:52,679]  DEBUG - ard.WizardConfiguredProperties - Loaded property [bundle.temp-dir] 
[2024-03-26 07:40:52,679]  DEBUG - ard.WizardConfiguredProperties - Loaded property [wizard-url] 
[2024-03-26 07:40:52,679]  DEBUG - ard.WizardConfiguredProperties - Loaded property [hub_config.bundle-hub-service-id] 
[2024-03-26 07:40:52,680]  DEBUG - ard.WizardConfiguredProperties - Loaded property [service.youtrack.license-key] 
[2024-03-26 07:40:52,680]  DEBUG - ard.WizardConfiguredProperties - Loaded property [hub_config.bundle-hub-service-secret] 
[2024-03-26 07:40:52,680]  DEBUG - ard.WizardConfiguredProperties - Loaded property [bundle.allow-anonymous-access] 
[2024-03-26 07:40:52,680]  DEBUG - ard.WizardConfiguredProperties - Loaded property [bundle.logs-dir] 
[2024-03-26 07:40:52,681]  DEBUG - ard.WizardConfiguredProperties - Loaded property [bundle.additional-keystore-password] 
[2024-03-26 07:40:52,681]  DEBUG - ard.WizardConfiguredProperties - Loaded property [bundle.listen-port] 
[2024-03-26 07:40:52,681]  DEBUG - ard.WizardConfiguredProperties - Loaded property [bundle.locale] 
[2024-03-26 07:40:52,681]  DEBUG - ard.WizardConfiguredProperties - Loaded property [bundle.base-url] 
[2024-03-26 07:40:52,681]  DEBUG - ard.WizardConfiguredProperties - Loaded property [bundle.listen-address] 
[2024-03-26 07:40:52,684]  DEBUG - m.jetbrains.bundle.BundleState - wizardConfiguredProperties.getProperties() is not null 
[2024-03-26 07:40:52,687]  DEBUG - ndle.UpgradePropertiesProvider - config does not exists at /opt/youtrack/conf/internal/upgrade.properties 
[2024-03-26 07:40:52,715]   INFO -                 bundle.startup - Stopping Configuration Wizard 
[2024-03-26 07:40:52,716]  DEBUG - .bundle.Services$StartingState - Set status [SHUTTING_DOWN] for service [configurationWizard] 
[2024-03-26 07:40:52,721]   INFO - er.handler.ContextHandler.ROOT - Destroying Spring FrameworkServlet 'InstallerServletDispatcher' 
[2024-03-26 07:40:52,729]   INFO - .server.handler.ContextHandler - Stopped o.e.j.w.WebAppContext@6c506a31{/,file:///opt/youtrack/internal/wizard_web/,STOPPED} 
[2024-03-26 07:40:52,729]  DEBUG - .bundle.Services$StartingState - Set status [SHUT_DOWN] for service [configurationWizard] 
[2024-03-26 07:40:52,730]   INFO -                 bundle.startup - Stopping Bundle Backend Service 
[2024-03-26 07:40:52,730]  DEBUG - .bundle.Services$StartingState - Set status [SHUTTING_DOWN] for service [bundleBackend] 
[2024-03-26 07:40:52,731]   INFO - .ContextHandler.bundle_backend - Destroying Spring FrameworkServlet 'BundleBackendServletDispatcher' 
[2024-03-26 07:40:52,737]   INFO - .server.handler.ContextHandler - Stopped o.e.j.w.WebAppContext@7722c84d{/bundle/backend,file:///opt/youtrack/internal/bundle_common/,STOPPED} 
[2024-03-26 07:40:52,737]  DEBUG - .bundle.Services$StartingState - Set status [SHUT_DOWN] for service [bundleBackend] 
[2024-03-26 07:40:52,738]   INFO -                 bundle.startup - Stopping Service-Container[bundleProcess] 
[2024-03-26 07:40:52,738]  DEBUG - .bundle.Services$StartingState - Set status [SHUTTING_DOWN] for service [bundleProcess] 
[2024-03-26 07:40:52,740]   INFO - bundle.proxy.jetty.BundleProxy - Stopping Service-Container[bundleProcess] 
[2024-03-26 07:40:52,751]   INFO - jetty.server.AbstractConnector - Stopped ServerConnector@afeb0d5{HTTP/1.1, (http/1.1)}{0.0.0.0:8080} 
[2024-03-26 07:40:52,752]   INFO - g.eclipse.jetty.server.session - node0 Stopped scavenging 
[2024-03-26 07:40:52,752]   INFO - .server.handler.ContextHandler - Stopped c.j.b.p.j.@7e9a6c53{/,file:///opt/youtrack/internal/error_pages/,STOPPED} 
[2024-03-26 07:40:52,753]   INFO - .server.handler.ContextHandler - Stopped o.e.j.s.ServletContextHandler@7d442327{/bundle/starting,null,STOPPED} 
[2024-03-26 07:40:52,758]  DEBUG - .bundle.Services$StartingState - Set status [SHUT_DOWN] for service [bundleProcess] 
[2024-03-26 07:40:52,758]   INFO -                 bundle.startup - Configuring JetBrains YouTrack 2024.1 
[2024-03-26 07:40:52,759]   INFO -                 bundle.startup - JetBrains YouTrack 2024.1 runtime environment is successfully configured 
[2024-03-26 07:40:52,760]  DEBUG - brains.bundle.ServiceDiscovery - Looking for services in /opt/youtrack/apps 
[2024-03-26 07:40:52,760]  DEBUG - brains.bundle.ServiceDiscovery - Found service descriptor /opt/youtrack/apps/hub 
[2024-03-26 07:40:52,761]  DEBUG - brains.bundle.ServiceDiscovery - Found service descriptor /opt/youtrack/apps/youtrack 
[2024-03-26 07:40:52,772]  DEBUG - rains.service.util.cmd.CmdUtil - Executing [bin/youtrack.sh, configure, --launcher, --logs-dir=/opt/youtrack/logs] in directory [/opt/youtrack] 
[2024-03-26 07:40:58,344]  DEBUG - rains.service.util.cmd.CmdUtil - Command [[bin/youtrack.sh, configure, --launcher, --logs-dir=/opt/youtrack/logs]] exited with code 0 and output: [] 
[2024-03-26 07:40:58,346]  DEBUG - er$BundleStartFinishedListener - Requesting restart after launcher reconfiguration 
[2024-03-26 07:40:58,353]   INFO -                 bundle.startup - Stopping Configuration Wizard 
[2024-03-26 07:40:58,354]  DEBUG - .bundle.Services$StartingState - Set status [SHUTTING_DOWN] for service [configurationWizard] 
[2024-03-26 07:40:58,354]  DEBUG - .bundle.Services$StartingState - Set status [SHUT_DOWN] for service [configurationWizard] 
[2024-03-26 07:40:58,354]   INFO -                 bundle.startup - Stopping Bundle Backend Service 
[2024-03-26 07:40:58,355]  DEBUG - .bundle.Services$StartingState - Set status [SHUTTING_DOWN] for service [bundleBackend] 
[2024-03-26 07:40:58,355]  DEBUG - .bundle.Services$StartingState - Set status [SHUT_DOWN] for service [bundleBackend] 
[2024-03-26 07:40:58,355]   INFO -                 bundle.startup - Stopping Service-Container[bundleProcess] 
[2024-03-26 07:40:58,356]  DEBUG - .bundle.Services$StartingState - Set status [SHUTTING_DOWN] for service [bundleProcess] 
[2024-03-26 07:40:58,356]  DEBUG - .bundle.Services$StartingState - Set status [SHUT_DOWN] for service [bundleProcess] 
[2024-03-26 07:41:04,934]  DEBUG - brains.bundle.ServiceDiscovery - Looking for services in /opt/youtrack/apps 
[2024-03-26 07:41:04,935]  DEBUG - brains.bundle.ServiceDiscovery - Found service descriptor /opt/youtrack/apps/hub 
[2024-03-26 07:41:04,952]  DEBUG - brains.bundle.ServiceDiscovery - Found service descriptor /opt/youtrack/apps/youtrack 
[2024-03-26 07:41:04,965]  DEBUG - brains.bundle.ServiceDiscovery - Looking for services in /opt/youtrack/apps 
[2024-03-26 07:41:04,965]  DEBUG - brains.bundle.ServiceDiscovery - Found service descriptor /opt/youtrack/apps/hub 
[2024-03-26 07:41:04,966]  DEBUG - brains.bundle.ServiceDiscovery - Found service descriptor /opt/youtrack/apps/youtrack 
[2024-03-26 07:41:05,036]  DEBUG - s.bundle.HubPropertiesProvider - Saving Hub Properties provider settings to /opt/youtrack/conf/internal/hub.properties 
[2024-03-26 07:41:05,181]   INFO -  com.jetbrains.bundle.Services - Versions of services bundled into JetBrains YouTrack 2024.1: 
[hub->2024.1.26828] 
[youtrack->2024.1.26888] 
[bundle-platform->2.0.48] 
[2024-03-26 07:41:05,183]   INFO -                 bundle.startup - Configuring Service-Container[bundleProcess] 
[2024-03-26 07:41:05,196]   INFO -                 bundle.startup - Configuring Bundle Backend Service 
[2024-03-26 07:41:05,204]   INFO -                 bundle.startup - Configuring Starting Page Service 
[2024-03-26 07:41:05,211]   INFO -                 bundle.startup - Configuring YouTrack Configurator 
[2024-03-26 07:41:05,218]   INFO -                 bundle.startup - Configuring Hub 
[2024-03-26 07:41:05,988]   INFO -                 bundle.startup - Configuring Bundle Hub Configurator 
[2024-03-26 07:41:05,989]   INFO -                 bundle.startup - Configuring YouTrack 
[2024-03-26 07:41:06,621]   INFO -                 bundle.startup - Starting Service-Container[bundleProcess] 
[2024-03-26 07:41:06,622]  DEBUG - .bundle.Services$StartingState - Set status [STARTING] for service [bundleProcess] 
[2024-03-26 07:41:06,627]  DEBUG - g.JavaUtilLoggingToSlf4jBridge - [class com.jetbrains.service.util.logging.SLF4JBridgePerContextClassLoaderHandler] has already bean installed 
[2024-03-26 07:41:06,655]   INFO -     org.eclipse.jetty.util.log - Logging initialized @5711ms to org.eclipse.jetty.util.log.Slf4jLog 
[2024-03-26 07:41:06,907]   INFO - rg.eclipse.jetty.server.Server - jetty-9.4.49.v20220914; built: 2022-09-14T01:07:36.601Z; git: 4231a3b2e4cb8548a412a789936d640a97b1aa0a; jvm 21.0.1+12-LTS 
[2024-03-26 07:41:07,018]   INFO - .server.handler.ContextHandler - Started c.j.b.p.j.@4ea579fc{/,file:///opt/youtrack/internal/error_pages/,AVAILABLE} 
[2024-03-26 07:41:07,050]   INFO - jetty.server.AbstractConnector - Started ServerConnector@41c818eb{HTTP/1.1, (http/1.1)}{0.0.0.0:8080} 
[2024-03-26 07:41:07,051]   INFO - rg.eclipse.jetty.server.Server - Started @6109ms 
[2024-03-26 07:41:07,058]  DEBUG - .bundle.Services$StartingState - Set status [RUNNING] for service [bundleProcess] 
[2024-03-26 07:41:07,058]   INFO -                 bundle.startup - Starting Bundle Backend Service 
[2024-03-26 07:41:07,059]  DEBUG - .bundle.Services$StartingState - Set status [STARTING] for service [bundleBackend] 
[2024-03-26 07:41:08,108]   INFO - ations.AnnotationConfiguration - Scanning elapsed time=728ms 
[2024-03-26 07:41:08,376]   INFO - .ContextHandler.bundle_backend - 1 Spring WebApplicationInitializers detected on classpath 
[2024-03-26 07:41:08,379]  DEBUG - onfig.BundleBackendInitializer - No ContextLoaderListener registered, as createRootApplicationContext() did not return an application context 
[2024-03-26 07:41:08,432]   INFO - g.eclipse.jetty.server.session - DefaultSessionIdManager workerName=node0 
[2024-03-26 07:41:08,432]   INFO - g.eclipse.jetty.server.session - No SessionScavenger set, using defaults 
[2024-03-26 07:41:08,435]   INFO - g.eclipse.jetty.server.session - node0 Scavenging every 660000ms 
[2024-03-26 07:41:08,492]   INFO - .ContextHandler.bundle_backend - Initializing Spring DispatcherServlet 'BundleBackendServletDispatcher' 
[2024-03-26 07:41:08,492]   INFO - .web.servlet.DispatcherServlet - Initializing Servlet 'BundleBackendServletDispatcher' 
[2024-03-26 07:41:09,886]  DEBUG - ervlet.HandlerMapping.Mappings - 
	c.j.b.b.r.ClientCertificateAuthSettingsController:
	{GET [/certificateAuth], produces [application/json]}: getCertificateAuthSettings(String,String)
	{POST [/certificateAuth], produces [application/json]}: updateCertificateAuthSettings(CertificateAuthSettingsJSON,String,String) 
[2024-03-26 07:41:09,896]  DEBUG - ervlet.HandlerMapping.Mappings - 
	c.j.b.b.r.PropertiesController:
	{POST [/settings], produces [application/json]}: updateProperty(UpdatePropertiesRequest,String,String)
	{POST [/settings/candidate], produces [application/json]}: validateProperty(PropertyJSON,String,String)
	{GET [/settings/{propertyName}], produces [application/json]}: getProperty(String,String,String) 
[2024-03-26 07:41:09,899]  DEBUG - ervlet.HandlerMapping.Mappings - 
	c.j.b.b.r.StatusController:
	{GET [/bundleBackendStatus]}: getStatus() 
[2024-03-26 07:41:09,912]  DEBUG - ervlet.HandlerMapping.Mappings - 
	c.j.b.b.r.ProductStateController:
	{GET [/state], produces [application/json]}: getProductStateInfo(String,HttpServletRequest)
	{GET [/state/started], produces [application/json]}: getProductStarted() 
[2024-03-26 07:41:09,939]  DEBUG - ervlet.HandlerMapping.Mappings - 'beanNameHandlerMapping' {} 
[2024-03-26 07:41:11,677]   INFO - .web.servlet.DispatcherServlet - Completed initialization in 3184 ms 
[2024-03-26 07:41:11,678]   INFO - .server.handler.ContextHandler - Started o.e.j.w.WebAppContext@49d9d332{/bundle/backend,file:///opt/youtrack/internal/bundle_common/,AVAILABLE} 
[2024-03-26 07:41:11,686]  DEBUG - .bundle.Services$StartingState - Set status [RUNNING] for service [bundleBackend] 
[2024-03-26 07:41:11,686]   INFO -                 bundle.startup - Starting Starting Page Service 
[2024-03-26 07:41:11,687]   INFO -                 bundle.startup - JetBrains YouTrack 2024.1 will be available on [http://proxmox.ppkslavyanova.ru:8080/bundle/starting] after start 
[2024-03-26 07:41:11,688]  DEBUG - .bundle.Services$StartingState - Set status [STARTING] for service [startingPage] 
[2024-03-26 07:41:12,296]   INFO - ations.AnnotationConfiguration - Scanning elapsed time=503ms 
[2024-03-26 07:41:12,383]   INFO - ContextHandler.bundle_starting - 1 Spring WebApplicationInitializers detected on classpath 
[2024-03-26 07:41:12,385]  DEBUG - StartingPageBackendInitializer - No ContextLoaderListener registered, as createRootApplicationContext() did not return an application context 
[2024-03-26 07:41:12,425]   INFO - ContextHandler.bundle_starting - Initializing Spring DispatcherServlet 'StartingPageServletDispatcher' 
[2024-03-26 07:41:12,425]   INFO - .web.servlet.DispatcherServlet - Initializing Servlet 'StartingPageServletDispatcher' 
[2024-03-26 07:41:13,525]  DEBUG - ervlet.HandlerMapping.Mappings - 
	c.j.b.s.BundleStateController:
	{GET [/bundle/state]}: getBundleState()
	{GET [/bundle/started]}: getBundleStarted()
	{GET [/bundle/info]}: getBundleInfo(HttpServletRequest) 
[2024-03-26 07:41:13,533]  DEBUG - ervlet.HandlerMapping.Mappings - 
	c.j.b.s.StatusController:
	{GET [/bundle/startingPageStatus]}: getAllServices() 
[2024-03-26 07:41:13,536]  DEBUG - ervlet.HandlerMapping.Mappings - 
	c.j.b.s.ServicesController:
	{GET [/bundle/services]}: getAllServices(String,HttpServletRequest)
	{GET [/bundle/services/{id}]}: getService(String,String,HttpServletRequest) 
[2024-03-26 07:41:13,557]  DEBUG - ervlet.HandlerMapping.Mappings - 'beanNameHandlerMapping' {} 
[2024-03-26 07:41:13,850]   INFO - .web.servlet.DispatcherServlet - Completed initialization in 1424 ms 
[2024-03-26 07:41:13,851]   INFO - .server.handler.ContextHandler - Started o.e.j.w.WebAppContext@72c7a2e8{/bundle/starting,file:///opt/youtrack/internal/starting_page/,AVAILABLE} 
[2024-03-26 07:41:13,856]  DEBUG - .bundle.Services$StartingState - Set status [RUNNING] for service [startingPage] 
[2024-03-26 07:41:13,857]   INFO -                 bundle.startup - Starting YouTrack Configurator 
[2024-03-26 07:41:13,857]  DEBUG - .bundle.Services$StartingState - Set status [STARTING] for service [adminService] 
[2024-03-26 07:41:14,421]   INFO - ations.AnnotationConfiguration - Scanning elapsed time=457ms 
[2024-03-26 07:41:14,492]   INFO - er.ContextHandler.bundle_admin - 1 Spring WebApplicationInitializers detected on classpath 
[2024-03-26 07:41:14,520]   INFO - er.ContextHandler.bundle_admin - Initializing Spring root WebApplicationContext 
[2024-03-26 07:41:14,521]   INFO - work.web.context.ContextLoader - Root WebApplicationContext: initialization started 
[2024-03-26 07:41:15,781]  DEBUG - ervlet.HandlerMapping.Mappings - 
	c.j.b.a.r.HubExternalController:
	{GET [/hub/external/certificates/{fingerprint}], produces [application/json]}: getCertificate(HttpServletRequest,String)
	{GET [/hub/external/validate], produces [application/json]}: validateGet(String,String,Boolean,String)
	{POST [/hub/external/validate], produces [application/json]}: validatePost(String,ValidateHubUrlRequest,String)
	{POST [/hub/external/switch], produces [application/json]}: switchToHub(SwitchExternalHubRequest,String,String)
	{POST [/hub/external/certificates/], produces [application/json]}: addCertificate(CertificateInfo)
	{DELETE [/hub/external/certificates/{fingerprint}], produces [application/json]}: deleteCertificate(String)
	{GET [/hub/external/certificates/], produces [application/json]}: getCertificates() 
[2024-03-26 07:41:15,790]  DEBUG - ervlet.HandlerMapping.Mappings - 
	c.j.b.a.r.AuthController:
	{GET [/checkAuth], produces [application/json]}: validate(String) 
[2024-03-26 07:41:15,802]  DEBUG - ervlet.HandlerMapping.Mappings - 
	c.j.b.a.r.ProductStateController:
	{GET [/product/state], produces [application/json]}: getMigrationStatus(String,HttpServletRequest) 
[2024-03-26 07:41:15,804]  DEBUG - ervlet.HandlerMapping.Mappings - 
	c.j.b.a.r.HubInfoController:
	{GET [/hub/info], produces [application/json]}: getMigrationStatus(String,String) 
[2024-03-26 07:41:15,810]  DEBUG - ervlet.HandlerMapping.Mappings - 
	c.j.b.a.r.HubMigrationController:
	{GET [/hub/migration], produces [application/json]}: getMigration(String,String)
	{DELETE [/hub/migration], produces [application/json]}: deleteMigration(String,String,String)
	{POST [/hub/migration/prepare], produces [application/json]}: prepareMigration(PrepareMigrationRequest,String,String)
	{GET [/hub/migration/status], produces [application/json]}: getMigrationStatus(String,String,String)
	{POST [/hub/migration/finish], produces [application/json]}: finishMigration(String,String,String)
	{POST [/hub/migration/start], produces [application/json]}: startMigration(StartMigrationRequest,String,String,String,HttpServletRequest) 
[2024-03-26 07:41:15,831]  DEBUG - ervlet.HandlerMapping.Mappings - 'beanNameHandlerMapping' {} 
[2024-03-26 07:41:16,116]   INFO - work.web.context.ContextLoader - Root WebApplicationContext initialized in 1594 ms 
[2024-03-26 07:41:16,125]   INFO - er.ContextHandler.bundle_admin - Initializing Spring DispatcherServlet 'AdminConsoleServletDispatcher' 
[2024-03-26 07:41:16,126]   INFO - .web.servlet.DispatcherServlet - Initializing Servlet 'AdminConsoleServletDispatcher' 
[2024-03-26 07:41:16,130]   INFO - .web.servlet.DispatcherServlet - Completed initialization in 4 ms 
[2024-03-26 07:41:16,130]   INFO - .server.handler.ContextHandler - Started o.e.j.w.WebAppContext@1791527a{/bundle/admin,file:///opt/youtrack/internal/admin_console/,AVAILABLE} 
[2024-03-26 07:41:16,134]  DEBUG - .bundle.Services$StartingState - Set status [RUNNING] for service [adminService] 
[2024-03-26 07:41:16,135]   INFO -                 bundle.startup - Starting Hub 
[2024-03-26 07:41:16,135]  DEBUG - .bundle.Services$StartingState - Set status [STARTING] for service [hub] 
[2024-03-26 07:41:51,529]   INFO - .server.handler.ContextHandler - Started o.e.j.w.WebAppContext@141916ee{/hub,file:///opt/youtrack/apps/hub/web/,AVAILABLE} 
[2024-03-26 07:41:51,568]  DEBUG - .bundle.Services$StartingState - Set status [RUNNING] for service [hub] 
[2024-03-26 07:41:51,568]   INFO -                 bundle.startup - Starting Bundle Hub Configurator 
[2024-03-26 07:41:51,569]  DEBUG - .bundle.Services$StartingState - Set status [STARTING] for service [bundle-hub-configurator] 
[2024-03-26 07:41:51,572]  DEBUG - es.impl.HubConfiguratorService - No properties file is found at: /opt/youtrack/conf/internal/services/bundle-hub-configurator/hub-config.properties 
[2024-03-26 07:41:51,572]  DEBUG - es.impl.HubConfiguratorService - No legacy properties file is found at: /opt/youtrack/data/hub/conf/hub-config.properties 
[2024-03-26 07:41:52,967]  DEBUG - tpass.client.oauth2.OAuth2Flow - Request to: http://127.0.0.1:8080/hub/api/rest/oauth2/token
Params: {
	grant_type:[client_credentials]
	scope:[0-0-0-0-0]} 
[2024-03-26 07:41:53,213]  DEBUG - bundle.hub_client.util.HubUtil - Validation result: status=[SERVICE_NOT_REGISTERED], message=[Service is not registered in Hub: Service with id "f9eee9a1-e6b2-4c9d-ae5c-9d6e60f87cc0" was not found], secretValid=[false], registered=[false], verified=[false] 
com.intellij.hub.auth.oauth2.consumer.OAuth2TokenLoadException: Can't load token: invalid_client (Service with id "f9eee9a1-e6b2-4c9d-ae5c-9d6e60f87cc0" was not found)
	at jetbrains.jetpass.client.oauth2.SimpleTokenLoader.loadAccessToken(SimpleTokenLoader.kt:57) ~[hub-client-all-2018.1.8679.jar:?]
	at jetbrains.jetpass.client.oauth2.token.OAuth2TokenFlow.getTokenData(OAuth2TokenFlow.kt:64) ~[hub-client-all-2018.1.8679.jar:?]
	at jetbrains.jetpass.client.oauth2.token.OAuth2TokenFlow.getToken(OAuth2TokenFlow.kt:40) ~[hub-client-all-2018.1.8679.jar:?]
	at jetbrains.jetpass.client.oauth2.token.OAuth2TokenFlow.getHeader(OAuth2TokenFlow.kt:85) ~[hub-client-all-2018.1.8679.jar:?]
	at jetbrains.jetpass.client.accounts.BaseAccountsClient.checkServiceCredentials(BaseAccountsClient.kt:86) ~[hub-client-all-2018.1.8679.jar:?]
	at com.jetbrains.bundle.hub_client.util.HubUtil.checkService(HubUtil.java:32) ~[hub-client-util-2.0.48.jar:?]
	at com.jetbrains.bundle.hub_client.util.HubUtil.checkService(HubUtil.java:130) ~[hub-client-util-2.0.48.jar:?]
	at com.jetbrains.bundle.hub_client.util.BundleHubClient.checkBundleService(BundleHubClient.java:179) ~[hub-client-util-2.0.48.jar:?]
	at com.jetbrains.bundle.hub_client.util.BundleHubClient.getBundleHubAccountsClient(BundleHubClient.java:112) ~[hub-client-util-2.0.48.jar:?]
	at com.jetbrains.bundle.util.hub.HubServiceUpdater.updateHubInfo(HubServiceUpdater.java:214) ~[bundle-2.0.48.jar:?]
	at com.jetbrains.bundle.util.hub.HubServiceUpdater.update(HubServiceUpdater.java:55) ~[bundle-2.0.48.jar:?]
	at com.jetbrains.bundle.services.impl.HubConfiguratorService.configureHubServices(HubConfiguratorService.java:87) ~[bundle-2.0.48.jar:?]
	at com.jetbrains.bundle.services.impl.HubConfiguratorService.doStart(HubConfiguratorService.java:64) ~[bundle-2.0.48.jar:?]
	at com.jetbrains.bundle.services.impl.ServiceBase.start(ServiceBase.java:66) ~[bundle-2.0.48.jar:?]
	at com.jetbrains.bundle.Services.startService(Services.java:648) ~[bundle-2.0.48.jar:?]
	at com.jetbrains.bundle.Services.startAllServices(Services.java:575) ~[bundle-2.0.48.jar:?]
	at com.jetbrains.bundle.Services.start(Services.java:555) ~[bundle-2.0.48.jar:?]
	at com.jetbrains.bundle.BundleMain.start(BundleMain.java:273) ~[bundle-2.0.48.jar:?]
	at com.jetbrains.bundle.BundleMain.start(BundleMain.java:237) ~[bundle-2.0.48.jar:?]
	at jdk.internal.reflect.DirectMethodHandleAccessor.invoke(DirectMethodHandleAccessor.java:103) ~[?:?]
	at java.lang.reflect.Method.invoke(Method.java:580) ~[?:?]
	at com.jetbrains.bundle.bootstrap.Bundle$EntryPointProvider$1.invoke(Bundle.java:100) ~[bundle-bootstrap-2.0.48.jar:?]
	at jdk.proxy4.$Proxy30.start(Unknown Source) ~[?:?]
	at com.jetbrains.launcher.AppProxy$6$1.call(AppProxy.java:99) ~[?:?]
	at com.jetbrains.launcher.AppProxy$6$1.call(AppProxy.java:97) ~[?:?]
	at java.util.concurrent.FutureTask.run(FutureTask.java:317) ~[?:?]
	at java.util.concurrent.ThreadPoolExecutor.runWorker(ThreadPoolExecutor.java:1144) ~[?:?]
	at java.util.concurrent.ThreadPoolExecutor$Worker.run(ThreadPoolExecutor.java:642) ~[?:?]
	at java.lang.Thread.run(Thread.java:1583) [?:?]
[2024-03-26 07:41:53,227]  DEBUG - ub_client.util.BundleHubClient - Bundle hub service does not exist. Trying to create it... 
[2024-03-26 07:41:54,188]  DEBUG - ub_client.util.BundleHubClient - Bundle hub service was created: serviceId = f9eee9a1-e6b2-4c9d-ae5c-9d6e60f87cc0, isVerified = true 
[2024-03-26 07:41:54,207]  DEBUG - tpass.client.oauth2.OAuth2Flow - Request to: http://127.0.0.1:8080/hub/api/rest/oauth2/token
Params: {
	grant_type:[client_credentials]
	scope:[0-0-0-0-0]} 
[2024-03-26 07:41:54,420]  DEBUG - bundle.hub_client.util.HubUtil - Validation result: status=[OK], message=[Service is registered and verified in Hub], secretValid=[true], registered=[true], verified=[true] 
[2024-03-26 07:41:54,451]  DEBUG - tpass.client.oauth2.OAuth2Flow - Request to: http://127.0.0.1:8080/hub/api/rest/oauth2/token
Params: {
	grant_type:[client_credentials]
	scope:[0-0-0-0-0]} 
[2024-03-26 07:41:54,528]  DEBUG - dle.util.hub.HubServiceUpdater - Hub information for service hub (0-0-0-0-0) changed in new configuration. Update may be needed 
[2024-03-26 07:41:54,635]  DEBUG - dle.util.hub.HubServiceUpdater - Hub information for service hub (0-0-0-0-0) was updated: jetbrains.jetpass.rest.dto.ServiceJSON@4a187a3c 
[2024-03-26 07:41:54,654]  DEBUG - tpass.client.oauth2.OAuth2Flow - Request to: http://127.0.0.1:8080/hub/api/rest/oauth2/token
Params: {
	grant_type:[client_credentials]
	scope:[0-0-0-0-0]} 
[2024-03-26 07:41:54,671]  DEBUG - bundle.hub_client.util.HubUtil - Validation result: status=[SERVICE_NOT_REGISTERED], message=[Service is not registered in Hub: Service with id "861ff3c5-d1c1-4060-97b7-f5a2ce8584ad" was not found], secretValid=[false], registered=[false], verified=[false] 
com.intellij.hub.auth.oauth2.consumer.OAuth2TokenLoadException: Can't load token: invalid_client (Service with id "861ff3c5-d1c1-4060-97b7-f5a2ce8584ad" was not found)
	at jetbrains.jetpass.client.oauth2.SimpleTokenLoader.loadAccessToken(SimpleTokenLoader.kt:57) ~[hub-client-all-2018.1.8679.jar:?]
	at jetbrains.jetpass.client.oauth2.token.OAuth2TokenFlow.getTokenData(OAuth2TokenFlow.kt:64) ~[hub-client-all-2018.1.8679.jar:?]
	at jetbrains.jetpass.client.oauth2.token.OAuth2TokenFlow.getToken(OAuth2TokenFlow.kt:40) ~[hub-client-all-2018.1.8679.jar:?]
	at jetbrains.jetpass.client.oauth2.token.OAuth2TokenFlow.getHeader(OAuth2TokenFlow.kt:85) ~[hub-client-all-2018.1.8679.jar:?]
	at jetbrains.jetpass.client.accounts.BaseAccountsClient.checkServiceCredentials(BaseAccountsClient.kt:86) ~[hub-client-all-2018.1.8679.jar:?]
	at com.jetbrains.bundle.hub_client.util.HubUtil.checkService(HubUtil.java:32) ~[hub-client-util-2.0.48.jar:?]
	at com.jetbrains.bundle.util.hub.HubServiceUpdater.ensureCreatedAndVerified(HubServiceUpdater.java:100) ~[bundle-2.0.48.jar:?]
	at com.jetbrains.bundle.util.hub.HubServiceUpdater.update(HubServiceUpdater.java:59) ~[bundle-2.0.48.jar:?]
	at com.jetbrains.bundle.services.impl.HubConfiguratorService.configureHubServices(HubConfiguratorService.java:87) ~[bundle-2.0.48.jar:?]
	at com.jetbrains.bundle.services.impl.HubConfiguratorService.doStart(HubConfiguratorService.java:64) ~[bundle-2.0.48.jar:?]
	at com.jetbrains.bundle.services.impl.ServiceBase.start(ServiceBase.java:66) ~[bundle-2.0.48.jar:?]
	at com.jetbrains.bundle.Services.startService(Services.java:648) ~[bundle-2.0.48.jar:?]
	at com.jetbrains.bundle.Services.startAllServices(Services.java:575) ~[bundle-2.0.48.jar:?]
	at com.jetbrains.bundle.Services.start(Services.java:555) ~[bundle-2.0.48.jar:?]
	at com.jetbrains.bundle.BundleMain.start(BundleMain.java:273) ~[bundle-2.0.48.jar:?]
	at com.jetbrains.bundle.BundleMain.start(BundleMain.java:237) ~[bundle-2.0.48.jar:?]
	at jdk.internal.reflect.DirectMethodHandleAccessor.invoke(DirectMethodHandleAccessor.java:103) ~[?:?]
	at java.lang.reflect.Method.invoke(Method.java:580) ~[?:?]
	at com.jetbrains.bundle.bootstrap.Bundle$EntryPointProvider$1.invoke(Bundle.java:100) ~[bundle-bootstrap-2.0.48.jar:?]
	at jdk.proxy4.$Proxy30.start(Unknown Source) ~[?:?]
	at com.jetbrains.launcher.AppProxy$6$1.call(AppProxy.java:99) ~[?:?]
	at com.jetbrains.launcher.AppProxy$6$1.call(AppProxy.java:97) ~[?:?]
	at java.util.concurrent.FutureTask.run(FutureTask.java:317) ~[?:?]
	at java.util.concurrent.ThreadPoolExecutor.runWorker(ThreadPoolExecutor.java:1144) ~[?:?]
	at java.util.concurrent.ThreadPoolExecutor$Worker.run(ThreadPoolExecutor.java:642) ~[?:?]
	at java.lang.Thread.run(Thread.java:1583) [?:?]
[2024-03-26 07:41:54,673]  DEBUG - dle.util.hub.HubServiceUpdater - Hub service for youtrack does not exist. Trying to create it... 
[2024-03-26 07:41:54,769]  DEBUG - dle.util.hub.HubServiceUpdater - Hub service for youtrack was created: 861ff3c5-d1c1-4060-97b7-f5a2ce8584ad 
[2024-03-26 07:41:54,779]  DEBUG - tpass.client.oauth2.OAuth2Flow - Request to: http://127.0.0.1:8080/hub/api/rest/oauth2/token
Params: {
	grant_type:[client_credentials]
	scope:[0-0-0-0-0]} 
[2024-03-26 07:41:54,812]  DEBUG - bundle.hub_client.util.HubUtil - Validation result: status=[OK], message=[Service is registered and verified in Hub], secretValid=[true], registered=[true], verified=[true] 
[2024-03-26 07:41:54,813]  DEBUG - dle.util.hub.HubServiceUpdater - Hub service for youtrack exists and verified: 861ff3c5-d1c1-4060-97b7-f5a2ce8584ad 
[2024-03-26 07:41:54,813]  DEBUG - dle.util.hub.HubServiceUpdater - Force Hub update is set to: false 
[2024-03-26 07:41:54,813]  DEBUG - dle.util.hub.HubServiceUpdater - Check changes in Hub information for service youtrack 
[2024-03-26 07:41:54,828]  DEBUG - rains.service.util.cmd.CmdUtil - Executing [hostname, -f] in directory [null] 
[2024-03-26 07:41:55,276]  DEBUG - rains.service.util.cmd.CmdUtil - Command [[hostname, -f]] exited with code 0 and output: [8d77905930ad] 
[2024-03-26 07:41:55,277]  DEBUG - rains.service.util.cmd.CmdUtil - Executing [hostname, -s] in directory [null] 
[2024-03-26 07:41:55,692]  DEBUG - rains.service.util.cmd.CmdUtil - Command [[hostname, -s]] exited with code 0 and output: [8d77905930ad] 
[2024-03-26 07:41:55,693]  DEBUG - brains.service.util.SystemUtil - Known Net Interfaces: [/0:0:0:0:0:0:0:1%lo, /127.0.0.1, /fe80:0:0:0:42:acff:fe11:2%eth0, /172.17.0.2] 
[2024-03-26 07:41:55,698]  DEBUG - brains.service.util.SystemUtil - InetAddress.getAllByName returned [8d77905930ad/172.17.0.2] for 8d77905930ad 
[2024-03-26 07:41:55,699]  DEBUG - brains.service.util.SystemUtil - InetAddress.getAllByName returned [8d77905930ad/172.17.0.2] for 8d77905930ad 
[2024-03-26 07:41:55,700]  DEBUG - dle.util.hub.HubServiceUpdater - Hub information for service youtrack (861ff3c5-d1c1-4060-97b7-f5a2ce8584ad) changed in new configuration. Update may be needed 
[2024-03-26 07:41:55,702]  DEBUG - tpass.client.oauth2.OAuth2Flow - Request to: http://127.0.0.1:8080/hub/api/rest/oauth2/token
Params: {
	grant_type:[client_credentials]
	scope:[0-0-0-0-0]} 
[2024-03-26 07:41:55,798]  DEBUG - dle.util.hub.HubServiceUpdater - Hub information for service youtrack (861ff3c5-d1c1-4060-97b7-f5a2ce8584ad) was updated: jetbrains.jetpass.rest.dto.ServiceJSON@736d3798 
[2024-03-26 07:41:55,957]  DEBUG - tpass.client.oauth2.OAuth2Flow - Request to: http://127.0.0.1:8080/hub/api/rest/oauth2/token
Params: {
	grant_type:[client_credentials]
	scope:[0-0-0-0-0]} 
[2024-03-26 07:41:55,989]  DEBUG - bundle.hub_client.util.HubUtil - Validation result: status=[OK], message=[Service is registered and verified in Hub], secretValid=[true], registered=[true], verified=[true] 
[2024-03-26 07:41:55,997]  DEBUG - tpass.client.oauth2.OAuth2Flow - Request to: http://127.0.0.1:8080/hub/api/rest/oauth2/token
Params: {
	grant_type:[client_credentials]
	scope:[0-0-0-0-0]} 
[2024-03-26 07:41:56,058]  DEBUG - .bundle.Services$StartingState - Set status [RUNNING] for service [bundle-hub-configurator] 
[2024-03-26 07:41:56,058]   INFO -                 bundle.startup - Starting YouTrack 
[2024-03-26 07:41:56,058]  DEBUG - .bundle.Services$StartingState - Set status [STARTING] for service [youtrack] 
[2024-03-26 07:43:45,106]   INFO - .server.handler.ContextHandler - Started o.e.j.w.WebAppContext@34ee1943{YouTrack,/,file:///opt/youtrack/apps/youtrack/web/,AVAILABLE} 
[2024-03-26 07:43:45,112]  DEBUG - .bundle.Services$StartingState - Set status [RUNNING] for service [youtrack] 
[2024-03-26 07:43:45,114]  DEBUG - rains.service.util.cmd.CmdUtil - Executing [uname, -a] in directory [/opt/youtrack] 
[2024-03-26 07:43:45,535]  DEBUG - rains.service.util.cmd.CmdUtil - Command [[uname, -a]] exited with code 0 and output: [Linux 8d77905930ad 6.5.11-8-pve #1 SMP PREEMPT_DYNAMIC PMX 6.5.11-8 (2024-01-30T12:27Z) x86_64 GNU/Linux] 
[2024-03-26 07:43:45,536]  DEBUG - rains.service.util.cmd.CmdUtil - Executing [free] in directory [/opt/youtrack] 
[2024-03-26 07:43:45,548]  DEBUG - rains.service.util.cmd.CmdUtil - Executing [df] in directory [/opt/youtrack] 
[2024-03-26 07:43:45,969]  DEBUG - rains.service.util.cmd.CmdUtil - Command [[df]] exited with code 0 and output: [Filesystem           1K-blocks     Used Available Use% Mounted on
overlay               86886448 12892232  69534696  16% /
tmpfs                    65536        0     65536   0% /dev
shm                      65536        0     65536   0% /dev/shm
/dev/mapper/pve-root  86886448 12892232  69534696  16% /etc/hosts
tmpfs                  4956920        0   4956920   0% /proc/acpi
tmpfs                  4956920        0   4956920   0% /proc/scsi
tmpfs                  4956920        0   4956920   0% /sys/firmware] 
[2024-03-26 07:43:45,969]  DEBUG - rains.service.util.cmd.CmdUtil - Executing [/bin/sh, -c, ulimit -a] in directory [/opt/youtrack] 
[2024-03-26 07:43:46,393]  DEBUG - rains.service.util.cmd.CmdUtil - Command [[/bin/sh, -c, ulimit -a]] exited with code 0 and output: [time(seconds)        unlimited
file(blocks)         unlimited
data(kbytes)         unlimited
stack(kbytes)        8192
coredump(blocks)     unlimited
memory(kbytes)       unlimited
locked memory(kbytes) 8192
process              unlimited
nofiles              1048576
vmemory(kbytes)      unlimited
locks                unlimited
rtprio               0] 
[2024-03-26 07:43:46,393]  DEBUG - rains.service.util.cmd.CmdUtil - Executing [hostname] in directory [/opt/youtrack] 
[2024-03-26 07:43:46,812]  DEBUG - rains.service.util.cmd.CmdUtil - Command [[hostname]] exited with code 0 and output: [8d77905930ad] 
[2024-03-26 07:43:46,812]  DEBUG - rains.service.util.cmd.CmdUtil - Executing [hostname, -f] in directory [/opt/youtrack] 
[2024-03-26 07:43:47,305]  DEBUG - rains.service.util.cmd.CmdUtil - Command [[hostname, -f]] exited with code 0 and output: [8d77905930ad] 
[2024-03-26 07:43:47,305]  DEBUG - rains.service.util.cmd.CmdUtil - Executing [id, -a] in directory [/opt/youtrack] 
[2024-03-26 07:43:47,734]  DEBUG - rains.service.util.cmd.CmdUtil - Command [[id, -a]] exited with code 0 and output: [uid=13001(jetbrains) gid=13001(jetbrains) groups=13001(jetbrains)] 
[2024-03-26 07:43:47,753]   INFO - .server.handler.ContextHandler - Stopped c.j.b.p.j.@4ea579fc{/,file:///opt/youtrack/internal/error_pages/,STOPPED} 
