* ### System Properties: 
* bundleProcess.logs.dir=/opt/youtrack/logs/internal/services/bundleProcess
* database.backup.location=/opt/youtrack/backups
* database.location=/opt/youtrack/data
* exodus.memoryUsagePercentage=10
* file.encoding=UTF-8
* file.separator=/
* java.awt.headless=true
* java.class.path=launcher/lib/app-wrapper/youtrack-wrapper.jar
* java.class.version=65.0
* java.home=/opt/youtrack/internal/java/linux-x64
* java.io.tmpdir=/opt/youtrack/temp/internal/services/bundleProcess
* java.library.path=/usr/java/packages/lib:/usr/lib64:/lib64:/lib:/usr/lib
* java.runtime.name=OpenJDK Runtime Environment
* java.runtime.version=21.0.1+12-LTS
* java.specification.name=Java Platform API Specification
* java.specification.vendor=Oracle Corporation
* java.specification.version=21
* java.vendor=Amazon.com Inc.
* java.vendor.url=https://aws.amazon.com/corretto/
* java.vendor.url.bug=https://github.com/corretto/corretto-21/issues/
* java.vendor.version=Corretto-21.0.1.12.1
* java.version=21.0.1
* java.version.date=2023-10-17
* java.vm.compressedOopsMode=32-bit
* java.vm.info=mixed mode, sharing
* java.vm.name=OpenJDK 64-Bit Server VM
* java.vm.specification.name=Java Virtual Machine Specification
* java.vm.specification.vendor=Oracle Corporation
* java.vm.specification.version=21
* java.vm.vendor=Amazon.com Inc.
* java.vm.version=21.0.1+12-LTS
* javax.xml.accessExternalDTD=
* javax.xml.accessExternalSchema=
* javax.xml.accessExternalStylesheet=
* jdk.debug=release
* jetbrains.gap.pojo.shortClassNames=true
* jetbrains.http.request.header.buffer.size=102400
* jetbrains.http.response.header.buffer.size=102400
* jetbrains.hub.admin.skip=true
* jetbrains.hub.token.compatibility=true
* jetbrains.jetpass.check.for.update.disable=true
* jetbrains.mps.webr.doNotCloseGlobalScopeOnLastLocalScopeClose=false
* jetbrains.youtrack.backup.hubDatabaseLocation=/opt/youtrack/data/hub
* jetbrains.youtrack.baseUrl=http://proxmox.ppkslavyanova.ru:8080
* jetbrains.youtrack.confLocation=/opt/youtrack/conf
* jetbrains.youtrack.guest.banned=false
* jetbrains.youtrack.installation-dir=/opt/youtrack
* jetbrains.youtrack.installation-type=BUNDLE
* jetbrains.youtrack.licenseKey=*******
* jetbrains.youtrack.licenseName=*******
* jetbrains.youtrack.locale=ru-RU
* jetbrains.youtrack.logDir=/opt/youtrack/logs/youtrack
* jetbrains.youtrack.overrideRootPassword=forest27
* jetbrains.youtrack.ring.configurator.internalUrl=http://127.0.0.1:8080/bundle/backend
* jetbrains.youtrack.ring.configurator.uri=/bundle/admin
* jetbrains.youtrack.ring.enabled=true
* jetbrains.youtrack.ring.service.id=861ff3c5-d1c1-4060-97b7-f5a2ce8584ad
* jetbrains.youtrack.ring.service.secret=*******
* jetbrains.youtrack.ring.url=http://127.0.0.1:8080/hub
* jetbrains.youtrack.root.login=root
* jetbrains.youtrack.singleTierApp=true
* jetbrains.youtrack.ssl.trustStorePassword=E28c30u3PU
* jetbrains.youtrack.ssl.trustStorePath=/opt/youtrack/conf/internal/keystore.jks
* jetbrains.youtrack.standalone.host=0.0.0.0
* jetbrains.youtrack.standalone.port=8080
* jetbrains.youtrack.statistics.enabled=false
* jetty.git.hash=4231a3b2e4cb8548a412a789936d640a97b1aa0a
* jl.home=/opt/youtrack
* jl.service=YouTrack
* launcher.app.conf.dir=/opt/youtrack/conf
* launcher.app.extra.lib.dirs=/alpn/1.9/
* launcher.app.home=/opt/youtrack
* launcher.app.name=YouTrack
* launcher.start.kind=1
* launcher_app_file_name=youtrack
* launcher_console_log_level=INFO
* launcher_log_file_name=youtrack-wrapper.log
* launcher_log_prefix=
* launcher_logs_dir=/opt/youtrack/logs/
* line.separator=

* log4j2.contextSelector=org.apache.logging.log4j.core.selector.BasicContextSelector
* native.encoding=ANSI_X3.4-1968
* org.eclipse.jetty.server.Request.maxFormContentSize=5000000
* org.eclipse.jetty.server.Request.maxFormKeys=10000
* os.arch=amd64
* os.name=Linux
* os.version=6.5.11-8-pve
* path.separator=:
* root.bundle.logs.dir=/opt/youtrack/logs
* service.youtrack.bundledin=bundleProcess
* stderr.encoding=ANSI_X3.4-1968
* stdout.encoding=ANSI_X3.4-1968
* sun.arch.data.model=64
* sun.boot.library.path=/opt/youtrack/internal/java/linux-x64/lib
* sun.cpu.endian=little
* sun.io.unicode.encoding=UnicodeLittle
* sun.java.command=launcher/lib/app-wrapper/youtrack-wrapper.jar AppStarter com.jetbrains.bundle.bootstrap.Bundle
* sun.java.launcher=SUN_STANDARD
* sun.jnu.encoding=ANSI_X3.4-1968
* sun.management.compiler=HotSpot 64-Bit Tiered Compilers
* user.country=US
* user.dir=/opt/youtrack
* user.home=/home/jetbrains
* user.language=en
* user.name=jetbrains
* user.timezone=Etc/UTC
* ### End of System Properties.
* 
* ### Environment variables: 
* FJ_JAVA_EXEC=internal/java/linux-x64/bin/java
* HOME=/home/jetbrains
* HOSTNAME=8d77905930ad
* JAVA_HOME=/opt/youtrack/internal/java/linux-x64
* JETBRAINS_YOUTRACK_OCR_ENABLED=true
* JETBRAINS_YOUTRACK_OCR_TRAINEDDATAPATH=/opt/youtrack/image-recognition/tessdata
* JL_JAVA_PROPERTIES=-Dlauncher.app.home=/opt/youtrack -Dlauncher.app.conf.dir=/opt/youtrack/conf -Dlauncher.start.kind=1 -Djava.awt.headless=true -Dlauncher.app.name=YouTrack
* JL_LAUNCHER_OPTS=-ea -Xmx10m -XX:+HeapDumpOnOutOfMemoryError -XX:+UseSerialGC -Dfile.encoding=UTF-8 -XX:MaxMetaspaceSize=32m
* OLDPWD=/opt/youtrack
* PATH=/usr/local/sbin:/usr/local/bin:/usr/sbin:/usr/bin:/sbin:/bin
* PWD=/opt/youtrack
* SHLVL=0
* TERM=xterm
* _=internal/java/linux-x64/bin/java
* ### End of Environment Variables.
* 
* Output of command [[uname, -a]]: Linux 8d77905930ad 6.5.11-8-pve #1 SMP PREEMPT_DYNAMIC PMX 6.5.11-8 (2024-01-30T12:27Z) x86_64 GNU/Linux
* Can not execute command [[free]]: Error executing command [free]: Cannot run program "free" (in directory "/opt/youtrack"): error=2, No such file or directory
* Output of command [[df]]: Filesystem           1K-blocks     Used Available Use% Mounted on
overlay               86886448 12892232  69534696  16% /
tmpfs                    65536        0     65536   0% /dev
shm                      65536        0     65536   0% /dev/shm
/dev/mapper/pve-root  86886448 12892232  69534696  16% /etc/hosts
tmpfs                  4956920        0   4956920   0% /proc/acpi
tmpfs                  4956920        0   4956920   0% /proc/scsi
tmpfs                  4956920        0   4956920   0% /sys/firmware
* Output of command [[/bin/sh, -c, ulimit -a]]: time(seconds)        unlimited
file(blocks)         unlimited
data(kbytes)         unlimited
stack(kbytes)        8192
coredump(blocks)     unlimited
memory(kbytes)       unlimited
locked memory(kbytes) 8192
process              unlimited
nofiles              1048576
vmemory(kbytes)      unlimited
locks                unlimited
rtprio               0
* Output of command [[hostname]]: 8d77905930ad
* Output of command [[hostname, -f]]: 8d77905930ad
* Output of command [[id, -a]]: uid=13001(jetbrains) gid=13001(jetbrains) groups=13001(jetbrains)
