[2024-03-26 07:37:44,739]   INFO -                 bundle.startup - Configuring Service-Container[bundleProcess] 
[2024-03-26 07:37:44,750]   INFO -                 bundle.startup - Configuring Bundle Backend Service 
[2024-03-26 07:37:44,755]   INFO -                 bundle.startup - Configuring Configuration Wizard 
[2024-03-26 07:37:44,785]   INFO -                 bundle.startup - Starting Service-Container[bundleProcess] 
[2024-03-26 07:37:44,824]   INFO -     org.eclipse.jetty.util.log - Logging initialized @4199ms to org.eclipse.jetty.util.log.Slf4jLog 
[2024-03-26 07:37:45,054]   INFO - rg.eclipse.jetty.server.Server - jetty-9.4.49.v20220914; built: 2022-09-14T01:07:36.601Z; git: 4231a3b2e4cb8548a412a789936d640a97b1aa0a; jvm 21.0.1+12-LTS 
[2024-03-26 07:37:45,181]   INFO - .server.handler.ContextHandler - Started o.e.j.s.ServletContextHandler@61b90342{/bundle/starting,null,AVAILABLE} 
[2024-03-26 07:37:45,185]   INFO - .server.handler.ContextHandler - Started c.j.b.p.j.@7a03f8fe{/,file:///opt/youtrack/internal/error_pages/,AVAILABLE} 
[2024-03-26 07:37:45,244]   INFO - jetty.server.AbstractConnector - Started ServerConnector@22494f38{HTTP/1.1, (http/1.1)}{0.0.0.0:8080} 
[2024-03-26 07:37:45,245]   INFO - rg.eclipse.jetty.server.Server - Started @4623ms 
[2024-03-26 07:37:45,251]   INFO -                 bundle.startup - Starting Bundle Backend Service 
[2024-03-26 07:37:46,449]   INFO - ations.AnnotationConfiguration - Scanning elapsed time=834ms 
[2024-03-26 07:37:46,745]   INFO - .ContextHandler.bundle_backend - 1 Spring WebApplicationInitializers detected on classpath 
[2024-03-26 07:37:46,814]   INFO - g.eclipse.jetty.server.session - DefaultSessionIdManager workerName=node0 
[2024-03-26 07:37:46,815]   INFO - g.eclipse.jetty.server.session - No SessionScavenger set, using defaults 
[2024-03-26 07:37:46,818]   INFO - g.eclipse.jetty.server.session - node0 Scavenging every 660000ms 
[2024-03-26 07:37:46,882]   INFO - .ContextHandler.bundle_backend - Initializing Spring DispatcherServlet 'BundleBackendServletDispatcher' 
[2024-03-26 07:37:46,883]   INFO - .web.servlet.DispatcherServlet - Initializing Servlet 'BundleBackendServletDispatcher' 
[2024-03-26 07:37:50,715]   INFO - .web.servlet.DispatcherServlet - Completed initialization in 3831 ms 
[2024-03-26 07:37:50,728]   INFO - .server.handler.ContextHandler - Started o.e.j.w.WebAppContext@1d4a5c6d{/bundle/backend,file:///opt/youtrack/internal/bundle_common/,AVAILABLE} 
[2024-03-26 07:37:50,734]   INFO -                 bundle.startup - Starting Configuration Wizard 
[2024-03-26 07:37:50,735]   INFO -                 bundle.startup - JetBrains YouTrack 2024.1 Configuration Wizard will listen inside container on {0.0.0.0:8080}/ after start and can be accessed by URL [http://<put-your-docker-HOST-name-here>:<put-host-port-mapped-to-container-port-8080-here>//?wizard_token=6hAgkVUuOkDhNIlBHeR8] 
[2024-03-26 07:37:52,270]   INFO -                 bundle.startup - Stopping Configuration Wizard 
[2024-03-26 07:37:56,035]   INFO - ations.AnnotationConfiguration - Scanning elapsed time=4859ms 
[2024-03-26 07:37:56,148]   INFO - er.handler.ContextHandler.ROOT - 1 Spring WebApplicationInitializers detected on classpath 
[2024-03-26 07:37:56,186]   INFO - er.handler.ContextHandler.ROOT - Initializing Spring DispatcherServlet 'InstallerServletDispatcher' 
[2024-03-26 07:37:56,188]   INFO - .web.servlet.DispatcherServlet - Initializing Servlet 'InstallerServletDispatcher' 
[2024-03-26 07:38:36,345]   INFO -                 bundle.startup - Configuring Service-Container[bundleProcess] 
[2024-03-26 07:38:36,357]   INFO -                 bundle.startup - Configuring Bundle Backend Service 
[2024-03-26 07:38:36,368]   INFO -                 bundle.startup - Configuring Configuration Wizard 
[2024-03-26 07:38:36,400]   INFO -                 bundle.startup - Starting Service-Container[bundleProcess] 
[2024-03-26 07:38:36,435]   INFO -     org.eclipse.jetty.util.log - Logging initialized @4210ms to org.eclipse.jetty.util.log.Slf4jLog 
[2024-03-26 07:38:36,688]   INFO - rg.eclipse.jetty.server.Server - jetty-9.4.49.v20220914; built: 2022-09-14T01:07:36.601Z; git: 4231a3b2e4cb8548a412a789936d640a97b1aa0a; jvm 21.0.1+12-LTS 
[2024-03-26 07:38:36,816]   INFO - .server.handler.ContextHandler - Started o.e.j.s.ServletContextHandler@7d442327{/bundle/starting,null,AVAILABLE} 
[2024-03-26 07:38:36,821]   INFO - .server.handler.ContextHandler - Started c.j.b.p.j.@7e9a6c53{/,file:///opt/youtrack/internal/error_pages/,AVAILABLE} 
[2024-03-26 07:38:36,887]   INFO - jetty.server.AbstractConnector - Started ServerConnector@afeb0d5{HTTP/1.1, (http/1.1)}{0.0.0.0:8080} 
[2024-03-26 07:38:36,888]   INFO - rg.eclipse.jetty.server.Server - Started @4665ms 
[2024-03-26 07:38:36,894]   INFO -                 bundle.startup - Starting Bundle Backend Service 
[2024-03-26 07:38:38,099]   INFO - ations.AnnotationConfiguration - Scanning elapsed time=811ms 
[2024-03-26 07:38:38,231]   INFO - .ContextHandler.bundle_backend - 1 Spring WebApplicationInitializers detected on classpath 
[2024-03-26 07:38:38,451]   INFO - g.eclipse.jetty.server.session - DefaultSessionIdManager workerName=node0 
[2024-03-26 07:38:38,452]   INFO - g.eclipse.jetty.server.session - No SessionScavenger set, using defaults 
[2024-03-26 07:38:38,455]   INFO - g.eclipse.jetty.server.session - node0 Scavenging every 660000ms 
[2024-03-26 07:38:38,513]   INFO - .ContextHandler.bundle_backend - Initializing Spring DispatcherServlet 'BundleBackendServletDispatcher' 
[2024-03-26 07:38:38,514]   INFO - .web.servlet.DispatcherServlet - Initializing Servlet 'BundleBackendServletDispatcher' 
[2024-03-26 07:38:41,690]   INFO - .web.servlet.DispatcherServlet - Completed initialization in 3176 ms 
[2024-03-26 07:38:41,691]   INFO - .server.handler.ContextHandler - Started o.e.j.w.WebAppContext@7722c84d{/bundle/backend,file:///opt/youtrack/internal/bundle_common/,AVAILABLE} 
[2024-03-26 07:38:41,697]   INFO -                 bundle.startup - Starting Configuration Wizard 
[2024-03-26 07:38:41,698]   INFO -                 bundle.startup - JetBrains YouTrack 2024.1 Configuration Wizard will listen inside container on {0.0.0.0:8080}/ after start and can be accessed by URL [http://<put-your-docker-HOST-name-here>:<put-host-port-mapped-to-container-port-8080-here>//?wizard_token=us29XLf5CpKHvCrVIDht] 
[2024-03-26 07:38:46,480]   INFO - ations.AnnotationConfiguration - Scanning elapsed time=4410ms 
[2024-03-26 07:38:46,583]   INFO - er.handler.ContextHandler.ROOT - 1 Spring WebApplicationInitializers detected on classpath 
[2024-03-26 07:38:46,624]   INFO - er.handler.ContextHandler.ROOT - Initializing Spring DispatcherServlet 'InstallerServletDispatcher' 
[2024-03-26 07:38:46,625]   INFO - .web.servlet.DispatcherServlet - Initializing Servlet 'InstallerServletDispatcher' 
[2024-03-26 07:38:50,037]   INFO - .web.servlet.DispatcherServlet - Completed initialization in 3411 ms 
[2024-03-26 07:38:50,037]   INFO - .server.handler.ContextHandler - Started o.e.j.w.WebAppContext@6c506a31{/,file:///opt/youtrack/internal/wizard_web/,AVAILABLE} 
[2024-03-26 07:40:52,715]   INFO -                 bundle.startup - Stopping Configuration Wizard 
[2024-03-26 07:40:52,721]   INFO - er.handler.ContextHandler.ROOT - Destroying Spring FrameworkServlet 'InstallerServletDispatcher' 
[2024-03-26 07:40:52,729]   INFO - .server.handler.ContextHandler - Stopped o.e.j.w.WebAppContext@6c506a31{/,file:///opt/youtrack/internal/wizard_web/,STOPPED} 
[2024-03-26 07:40:52,730]   INFO -                 bundle.startup - Stopping Bundle Backend Service 
[2024-03-26 07:40:52,731]   INFO - .ContextHandler.bundle_backend - Destroying Spring FrameworkServlet 'BundleBackendServletDispatcher' 
[2024-03-26 07:40:52,737]   INFO - .server.handler.ContextHandler - Stopped o.e.j.w.WebAppContext@7722c84d{/bundle/backend,file:///opt/youtrack/internal/bundle_common/,STOPPED} 
[2024-03-26 07:40:52,738]   INFO -                 bundle.startup - Stopping Service-Container[bundleProcess] 
[2024-03-26 07:40:52,740]   INFO - bundle.proxy.jetty.BundleProxy - Stopping Service-Container[bundleProcess] 
[2024-03-26 07:40:52,751]   INFO - jetty.server.AbstractConnector - Stopped ServerConnector@afeb0d5{HTTP/1.1, (http/1.1)}{0.0.0.0:8080} 
[2024-03-26 07:40:52,752]   INFO - g.eclipse.jetty.server.session - node0 Stopped scavenging 
[2024-03-26 07:40:52,752]   INFO - .server.handler.ContextHandler - Stopped c.j.b.p.j.@7e9a6c53{/,file:///opt/youtrack/internal/error_pages/,STOPPED} 
[2024-03-26 07:40:52,753]   INFO - .server.handler.ContextHandler - Stopped o.e.j.s.ServletContextHandler@7d442327{/bundle/starting,null,STOPPED} 
[2024-03-26 07:40:52,758]   INFO -                 bundle.startup - Configuring JetBrains YouTrack 2024.1 
[2024-03-26 07:40:52,759]   INFO -                 bundle.startup - JetBrains YouTrack 2024.1 runtime environment is successfully configured 
[2024-03-26 07:40:58,353]   INFO -                 bundle.startup - Stopping Configuration Wizard 
[2024-03-26 07:40:58,354]   INFO -                 bundle.startup - Stopping Bundle Backend Service 
[2024-03-26 07:40:58,355]   INFO -                 bundle.startup - Stopping Service-Container[bundleProcess] 
[2024-03-26 07:41:05,181]   INFO -  com.jetbrains.bundle.Services - Versions of services bundled into JetBrains YouTrack 2024.1: 
[hub->2024.1.26828] 
[youtrack->2024.1.26888] 
[bundle-platform->2.0.48] 
[2024-03-26 07:41:05,183]   INFO -                 bundle.startup - Configuring Service-Container[bundleProcess] 
[2024-03-26 07:41:05,196]   INFO -                 bundle.startup - Configuring Bundle Backend Service 
[2024-03-26 07:41:05,204]   INFO -                 bundle.startup - Configuring Starting Page Service 
[2024-03-26 07:41:05,211]   INFO -                 bundle.startup - Configuring YouTrack Configurator 
[2024-03-26 07:41:05,218]   INFO -                 bundle.startup - Configuring Hub 
[2024-03-26 07:41:05,988]   INFO -                 bundle.startup - Configuring Bundle Hub Configurator 
[2024-03-26 07:41:05,989]   INFO -                 bundle.startup - Configuring YouTrack 
[2024-03-26 07:41:06,621]   INFO -                 bundle.startup - Starting Service-Container[bundleProcess] 
[2024-03-26 07:41:06,655]   INFO -     org.eclipse.jetty.util.log - Logging initialized @5711ms to org.eclipse.jetty.util.log.Slf4jLog 
[2024-03-26 07:41:06,907]   INFO - rg.eclipse.jetty.server.Server - jetty-9.4.49.v20220914; built: 2022-09-14T01:07:36.601Z; git: 4231a3b2e4cb8548a412a789936d640a97b1aa0a; jvm 21.0.1+12-LTS 
[2024-03-26 07:41:07,018]   INFO - .server.handler.ContextHandler - Started c.j.b.p.j.@4ea579fc{/,file:///opt/youtrack/internal/error_pages/,AVAILABLE} 
[2024-03-26 07:41:07,050]   INFO - jetty.server.AbstractConnector - Started ServerConnector@41c818eb{HTTP/1.1, (http/1.1)}{0.0.0.0:8080} 
[2024-03-26 07:41:07,051]   INFO - rg.eclipse.jetty.server.Server - Started @6109ms 
[2024-03-26 07:41:07,058]   INFO -                 bundle.startup - Starting Bundle Backend Service 
[2024-03-26 07:41:08,108]   INFO - ations.AnnotationConfiguration - Scanning elapsed time=728ms 
[2024-03-26 07:41:08,376]   INFO - .ContextHandler.bundle_backend - 1 Spring WebApplicationInitializers detected on classpath 
[2024-03-26 07:41:08,432]   INFO - g.eclipse.jetty.server.session - DefaultSessionIdManager workerName=node0 
[2024-03-26 07:41:08,432]   INFO - g.eclipse.jetty.server.session - No SessionScavenger set, using defaults 
[2024-03-26 07:41:08,435]   INFO - g.eclipse.jetty.server.session - node0 Scavenging every 660000ms 
[2024-03-26 07:41:08,492]   INFO - .ContextHandler.bundle_backend - Initializing Spring DispatcherServlet 'BundleBackendServletDispatcher' 
[2024-03-26 07:41:08,492]   INFO - .web.servlet.DispatcherServlet - Initializing Servlet 'BundleBackendServletDispatcher' 
[2024-03-26 07:41:11,677]   INFO - .web.servlet.DispatcherServlet - Completed initialization in 3184 ms 
[2024-03-26 07:41:11,678]   INFO - .server.handler.ContextHandler - Started o.e.j.w.WebAppContext@49d9d332{/bundle/backend,file:///opt/youtrack/internal/bundle_common/,AVAILABLE} 
[2024-03-26 07:41:11,686]   INFO -                 bundle.startup - Starting Starting Page Service 
[2024-03-26 07:41:11,687]   INFO -                 bundle.startup - JetBrains YouTrack 2024.1 will be available on [http://proxmox.ppkslavyanova.ru:8080/bundle/starting] after start 
[2024-03-26 07:41:12,296]   INFO - ations.AnnotationConfiguration - Scanning elapsed time=503ms 
[2024-03-26 07:41:12,383]   INFO - ContextHandler.bundle_starting - 1 Spring WebApplicationInitializers detected on classpath 
[2024-03-26 07:41:12,425]   INFO - ContextHandler.bundle_starting - Initializing Spring DispatcherServlet 'StartingPageServletDispatcher' 
[2024-03-26 07:41:12,425]   INFO - .web.servlet.DispatcherServlet - Initializing Servlet 'StartingPageServletDispatcher' 
[2024-03-26 07:41:13,850]   INFO - .web.servlet.DispatcherServlet - Completed initialization in 1424 ms 
[2024-03-26 07:41:13,851]   INFO - .server.handler.ContextHandler - Started o.e.j.w.WebAppContext@72c7a2e8{/bundle/starting,file:///opt/youtrack/internal/starting_page/,AVAILABLE} 
[2024-03-26 07:41:13,857]   INFO -                 bundle.startup - Starting YouTrack Configurator 
[2024-03-26 07:41:14,421]   INFO - ations.AnnotationConfiguration - Scanning elapsed time=457ms 
[2024-03-26 07:41:14,492]   INFO - er.ContextHandler.bundle_admin - 1 Spring WebApplicationInitializers detected on classpath 
[2024-03-26 07:41:14,520]   INFO - er.ContextHandler.bundle_admin - Initializing Spring root WebApplicationContext 
[2024-03-26 07:41:14,521]   INFO - work.web.context.ContextLoader - Root WebApplicationContext: initialization started 
[2024-03-26 07:41:16,116]   INFO - work.web.context.ContextLoader - Root WebApplicationContext initialized in 1594 ms 
[2024-03-26 07:41:16,125]   INFO - er.ContextHandler.bundle_admin - Initializing Spring DispatcherServlet 'AdminConsoleServletDispatcher' 
[2024-03-26 07:41:16,126]   INFO - .web.servlet.DispatcherServlet - Initializing Servlet 'AdminConsoleServletDispatcher' 
[2024-03-26 07:41:16,130]   INFO - .web.servlet.DispatcherServlet - Completed initialization in 4 ms 
[2024-03-26 07:41:16,130]   INFO - .server.handler.ContextHandler - Started o.e.j.w.WebAppContext@1791527a{/bundle/admin,file:///opt/youtrack/internal/admin_console/,AVAILABLE} 
[2024-03-26 07:41:16,135]   INFO -                 bundle.startup - Starting Hub 
[2024-03-26 07:41:51,529]   INFO - .server.handler.ContextHandler - Started o.e.j.w.WebAppContext@141916ee{/hub,file:///opt/youtrack/apps/hub/web/,AVAILABLE} 
[2024-03-26 07:41:51,568]   INFO -                 bundle.startup - Starting Bundle Hub Configurator 
[2024-03-26 07:41:56,058]   INFO -                 bundle.startup - Starting YouTrack 
[2024-03-26 07:43:45,106]   INFO - .server.handler.ContextHandler - Started o.e.j.w.WebAppContext@34ee1943{YouTrack,/,file:///opt/youtrack/apps/youtrack/web/,AVAILABLE} 
[2024-03-26 07:43:47,753]   INFO - .server.handler.ContextHandler - Stopped c.j.b.p.j.@4ea579fc{/,file:///opt/youtrack/internal/error_pages/,STOPPED} 
